<?xml version="1.0" encoding="UTF-8"?>
<robot generator="Robot 7.0.1 (Python 3.12.4 on win32)" generated="2025-05-06T21:48:21.994329" rpa="false" schemaversion="5">
<suite id="s1" name="07 ViewOrderList" source="D:\Downloads\DATNThao\HAUI_Food\TestCase\07_ViewOrderList.robot">
<kw name="Open Browwer And Login" owner="SignIn" type="SETUP">
<kw name="Evaluate" owner="BuiltIn">
<msg time="2025-05-06T21:48:22.418424" level="INFO">${options} = &lt;selenium.webdriver.chrome.options.Options object at 0x000001C4346056A0&gt;</msg>
<var>${options}</var>
<arg>sys.modules['selenium.webdriver'].ChromeOptions()</arg>
<arg>sys</arg>
<doc>Evaluates the given expression in Python and returns the result.</doc>
<status status="PASS" start="2025-05-06T21:48:22.417424" elapsed="0.001000"/>
</kw>
<kw name="Get Environment Variable" owner="OperatingSystem">
<msg time="2025-05-06T21:48:22.418424" level="INFO">${is_ci} = False</msg>
<var>${is_ci}</var>
<arg>CI</arg>
<arg>False</arg>
<doc>Returns the value of an environment variable with the given name.</doc>
<status status="PASS" start="2025-05-06T21:48:22.418424" elapsed="0.000000"/>
</kw>
<kw name="Run Keyword If" owner="BuiltIn">
<arg>'${is_ci}'=='true'</arg>
<arg>Call Method</arg>
<arg>${options}</arg>
<arg>add_argument</arg>
<arg>--headless</arg>
<doc>Runs the given keyword with the given arguments, if ``condition`` is true.</doc>
<status status="PASS" start="2025-05-06T21:48:22.418424" elapsed="0.000999"/>
</kw>
<kw name="Call Method" owner="BuiltIn">
<arg>${options}</arg>
<arg>add_argument</arg>
<arg>--no-sandbox</arg>
<doc>Calls the named method of the given object with the provided arguments.</doc>
<status status="PASS" start="2025-05-06T21:48:22.419423" elapsed="0.001001"/>
</kw>
<kw name="Call Method" owner="BuiltIn">
<arg>${options}</arg>
<arg>add_argument</arg>
<arg>--disable-dev-shm-usage</arg>
<doc>Calls the named method of the given object with the provided arguments.</doc>
<status status="PASS" start="2025-05-06T21:48:22.420424" elapsed="0.000000"/>
</kw>
<kw name="Run Keyword If" owner="BuiltIn">
<kw name="Set Variable" owner="BuiltIn">
<msg time="2025-05-06T21:48:22.422424" level="FAIL">Variable '${user_dir}' not found.</msg>
<arg>${user_dir}</arg>
<arg>D:/Downloads/Đồ Án Tốt Nghiệp_Thảo/HAUI_Food/TestCase</arg>
<doc>Returns the given values which can then be assigned to a variables.</doc>
<status status="FAIL" start="2025-05-06T21:48:22.420424" elapsed="0.002000">Variable '${user_dir}' not found.</status>
</kw>
<arg>'${is_ci}'=='true'</arg>
<arg>Set Variable</arg>
<arg>${user_dir}</arg>
<arg>/tmp/robot-user-data</arg>
<arg>ELSE</arg>
<arg>Set Variable</arg>
<arg>${user_dir}</arg>
<arg>D:/Downloads/Đồ Án Tốt Nghiệp_Thảo/HAUI_Food/TestCase</arg>
<doc>Runs the given keyword with the given arguments, if ``condition`` is true.</doc>
<status status="FAIL" start="2025-05-06T21:48:22.420424" elapsed="0.002000">Variable '${user_dir}' not found.</status>
</kw>
<kw name="Call Method" owner="BuiltIn">
<arg>${options}</arg>
<arg>add_argument</arg>
<arg>--user-data-dir=${user_dir}</arg>
<doc>Calls the named method of the given object with the provided arguments.</doc>
<status status="NOT RUN" start="2025-05-06T21:48:22.422424" elapsed="0.000000"/>
</kw>
<kw name="Open Browser" owner="SeleniumLibrary">
<arg>${URL}</arg>
<arg>${BROWSER}</arg>
<arg>options=${options}</arg>
<doc>Opens a new browser instance to the optional ``url``.</doc>
<status status="NOT RUN" start="2025-05-06T21:48:22.422424" elapsed="0.000000"/>
</kw>
<kw name="Login Web Haui Food" owner="SignIn">
<arg>thaontt@gmail.com</arg>
<arg>Thao2702@</arg>
<status status="NOT RUN" start="2025-05-06T21:48:22.423425" elapsed="0.000000"/>
</kw>
<status status="FAIL" start="2025-05-06T21:48:22.416424" elapsed="0.007001">Variable '${user_dir}' not found.</status>
</kw>
<test id="s1-t1" name="View a list of successful orders when users have purchased" line="13">
<status status="FAIL" start="2025-05-06T21:48:22.423425" elapsed="0.001002">Parent suite setup failed:
Variable '${user_dir}' not found.</status>
</test>
<status status="FAIL" start="2025-05-06T21:48:21.997328" elapsed="0.428097">Suite setup failed:
Variable '${user_dir}' not found.</status>
</suite>
<statistics>
<total>
<stat pass="0" fail="1" skip="0">All Tests</stat>
</total>
<tag>
</tag>
<suite>
<stat pass="0" fail="1" skip="0" id="s1" name="07 ViewOrderList">07 ViewOrderList</stat>
</suite>
</statistics>
<errors>
</errors>
</robot>
