<?xml version="1.0" encoding="UTF-8"?>
<robot generator="Robot 7.0.1 (Python 3.12.4 on win32)" generated="2025-04-15T23:50:59.189717" rpa="false" schemaversion="5">
<suite id="s1" name="01 SignIn" source="D:\Downloads\Đồ Án Tốt Nghiệp_Thảo\HAUI_Food\TestCase\01_SignIn.robot">
<kw name="Open Browser" owner="SeleniumLibrary" type="SETUP">
<msg time="2025-04-15T23:50:59.463762" level="INFO">Opening browser 'chrome' to base url 'https://hauifood.vn/auth/login'.</msg>
<arg>${URL}</arg>
<arg>${BROWSER}</arg>
<doc>Opens a new browser instance to the optional ``url``.</doc>
<status status="PASS" start="2025-04-15T23:50:59.462762" elapsed="2.203731"/>
</kw>
<test id="s1-t1" name="Login failed when entering wrong email" line="20">
<kw name="Login Web Haui Food" owner="SignIn">
<kw name="Maximize Browser Window" owner="SeleniumLibrary">
<doc>Maximizes current browser window.</doc>
<status status="PASS" start="2025-04-15T23:51:01.668494" elapsed="0.054015"/>
</kw>
<kw name="Execute Javascript" owner="SeleniumLibrary">
<msg time="2025-04-15T23:51:01.723510" level="INFO">Executing JavaScript:
document.body.style.zoom = '0.8';
Without any arguments.</msg>
<arg>document.body.style.zoom = '0.8';</arg>
<doc>Executes the given JavaScript code with possible arguments.</doc>
<status status="PASS" start="2025-04-15T23:51:01.722509" elapsed="0.012001"/>
</kw>
<kw name="Wait Until Element Is Visible" owner="SeleniumLibrary">
<arg>${Email_Locator}</arg>
<arg>3s</arg>
<doc>Waits until the element ``locator`` is visible.</doc>
<status status="PASS" start="2025-04-15T23:51:01.734510" elapsed="0.645485"/>
</kw>
<kw name="Input Text" owner="SeleniumLibrary">
<msg time="2025-04-15T23:51:02.380998" level="INFO">Typing text 'thaontt453@gmail.com' into text field '//div//input[@type='email']'.</msg>
<arg>${Email_Locator}</arg>
<arg>${Email}</arg>
<doc>Types the given ``text`` into the text field identified by ``locator``.</doc>
<status status="PASS" start="2025-04-15T23:51:02.379995" elapsed="0.175040"/>
</kw>
<kw name="Input Text" owner="SeleniumLibrary">
<msg time="2025-04-15T23:51:02.556033" level="INFO">Typing text 'thao2702@' into text field '//div//input[@type='password']'.</msg>
<arg>${Password_Locator}</arg>
<arg>${Password}</arg>
<doc>Types the given ``text`` into the text field identified by ``locator``.</doc>
<status status="PASS" start="2025-04-15T23:51:02.555035" elapsed="0.102022"/>
</kw>
<kw name="Click Button" owner="SeleniumLibrary">
<msg time="2025-04-15T23:51:02.657057" level="INFO">Clicking button '(//div//button)[1]'.</msg>
<arg>${Button_SignIn}</arg>
<doc>Clicks the button identified by ``locator``.</doc>
<status status="PASS" start="2025-04-15T23:51:02.657057" elapsed="0.080018"/>
</kw>
<arg>thaontt453@gmail.com</arg>
<arg>thao2702@</arg>
<status status="PASS" start="2025-04-15T23:51:01.667493" elapsed="1.069582"/>
</kw>
<kw name="Click Button" owner="SeleniumLibrary">
<msg time="2025-04-15T23:51:02.737075" level="INFO">Clicking button '(//div//button)[1]'.</msg>
<arg>${Button_SignIn}</arg>
<doc>Clicks the button identified by ``locator``.</doc>
<status status="PASS" start="2025-04-15T23:51:02.737075" elapsed="0.465116"/>
</kw>
<kw name="Wait Until Element Is Visible" owner="SeleniumLibrary">
<arg>${Message_Error_SignIn}</arg>
<arg>${TimeOut}</arg>
<doc>Waits until the element ``locator`` is visible.</doc>
<status status="PASS" start="2025-04-15T23:51:03.202191" elapsed="0.247867"/>
</kw>
<kw name="Click Element" owner="SeleniumLibrary">
<msg time="2025-04-15T23:51:03.451057" level="INFO">Clicking element '//button[@aria-label='close']'.</msg>
<arg>${Button_close_alert}</arg>
<doc>Click the element identified by ``locator``.</doc>
<status status="PASS" start="2025-04-15T23:51:03.451057" elapsed="0.078019"/>
</kw>
<kw name="Clear Text" owner="Utils">
<kw name="Click Element" owner="SeleniumLibrary">
<msg time="2025-04-15T23:51:03.530074" level="INFO">Clicking element '//div//input[@type='email']'.</msg>
<arg>${Clear_element}</arg>
<doc>Click the element identified by ``locator``.</doc>
<status status="PASS" start="2025-04-15T23:51:03.530074" elapsed="0.081021"/>
</kw>
<kw name="Press Keys" owner="SeleniumLibrary">
<msg time="2025-04-15T23:51:03.612095" level="INFO">Sending key(s) ('CTRL+a', 'BACKSPACE') to //div//input[@type='email'] element.</msg>
<msg time="2025-04-15T23:51:03.904871" level="INFO">Pressing special key CONTROL down.</msg>
<msg time="2025-04-15T23:51:03.904871" level="INFO">Sending key a</msg>
<msg time="2025-04-15T23:51:03.904871" level="INFO">Releasing special key CONTROL.</msg>
<msg time="2025-04-15T23:51:03.911873" level="INFO">Pressing special key BACKSPACE to element.</msg>
<msg time="2025-04-15T23:51:03.911873" level="INFO">Releasing special key BACKSPACE.</msg>
<arg>${Clear_element}</arg>
<arg>CTRL+a</arg>
<arg>BACKSPACE</arg>
<doc>Simulates the user pressing key(s) to an element or on the active browser.</doc>
<status status="PASS" start="2025-04-15T23:51:03.611095" elapsed="0.307778"/>
</kw>
<arg>${Email_Locator}</arg>
<status status="PASS" start="2025-04-15T23:51:03.529076" elapsed="0.389797"/>
</kw>
<kw name="Clear Text" owner="Utils">
<kw name="Click Element" owner="SeleniumLibrary">
<msg time="2025-04-15T23:51:03.919872" level="INFO">Clicking element '//div//input[@type='password']'.</msg>
<arg>${Clear_element}</arg>
<doc>Click the element identified by ``locator``.</doc>
<status status="PASS" start="2025-04-15T23:51:03.918873" elapsed="0.063015"/>
</kw>
<kw name="Press Keys" owner="SeleniumLibrary">
<msg time="2025-04-15T23:51:03.982888" level="INFO">Sending key(s) ('CTRL+a', 'BACKSPACE') to //div//input[@type='password'] element.</msg>
<msg time="2025-04-15T23:51:04.269088" level="INFO">Pressing special key CONTROL down.</msg>
<msg time="2025-04-15T23:51:04.269088" level="INFO">Sending key a</msg>
<msg time="2025-04-15T23:51:04.269088" level="INFO">Releasing special key CONTROL.</msg>
<msg time="2025-04-15T23:51:04.277089" level="INFO">Pressing special key BACKSPACE to element.</msg>
<msg time="2025-04-15T23:51:04.277089" level="INFO">Releasing special key BACKSPACE.</msg>
<arg>${Clear_element}</arg>
<arg>CTRL+a</arg>
<arg>BACKSPACE</arg>
<doc>Simulates the user pressing key(s) to an element or on the active browser.</doc>
<status status="PASS" start="2025-04-15T23:51:03.982888" elapsed="0.300203"/>
</kw>
<arg>${Password_Locator}</arg>
<status status="PASS" start="2025-04-15T23:51:03.918873" elapsed="0.364218"/>
</kw>
<doc>Login with invalid email</doc>
<status status="PASS" start="2025-04-15T23:51:01.667493" elapsed="2.616597"/>
</test>
<test id="s1-t2" name="Login failed when entering wrong password" line="29">
<kw name="Login Web Haui Food" owner="SignIn">
<kw name="Maximize Browser Window" owner="SeleniumLibrary">
<doc>Maximizes current browser window.</doc>
<status status="PASS" start="2025-04-15T23:51:04.285090" elapsed="0.002001"/>
</kw>
<kw name="Execute Javascript" owner="SeleniumLibrary">
<msg time="2025-04-15T23:51:04.288091" level="INFO">Executing JavaScript:
document.body.style.zoom = '0.8';
Without any arguments.</msg>
<arg>document.body.style.zoom = '0.8';</arg>
<doc>Executes the given JavaScript code with possible arguments.</doc>
<status status="PASS" start="2025-04-15T23:51:04.288091" elapsed="0.006002"/>
</kw>
<kw name="Wait Until Element Is Visible" owner="SeleniumLibrary">
<arg>${Email_Locator}</arg>
<arg>3s</arg>
<doc>Waits until the element ``locator`` is visible.</doc>
<status status="PASS" start="2025-04-15T23:51:04.294093" elapsed="0.013002"/>
</kw>
<kw name="Input Text" owner="SeleniumLibrary">
<msg time="2025-04-15T23:51:04.308097" level="INFO">Typing text 'thanhthaongo845@gmail.com' into text field '//div//input[@type='email']'.</msg>
<arg>${Email_Locator}</arg>
<arg>${Email}</arg>
<doc>Types the given ``text`` into the text field identified by ``locator``.</doc>
<status status="PASS" start="2025-04-15T23:51:04.308097" elapsed="0.110023"/>
</kw>
<kw name="Input Text" owner="SeleniumLibrary">
<msg time="2025-04-15T23:51:04.418120" level="INFO">Typing text 'thao27076@@' into text field '//div//input[@type='password']'.</msg>
<arg>${Password_Locator}</arg>
<arg>${Password}</arg>
<doc>Types the given ``text`` into the text field identified by ``locator``.</doc>
<status status="PASS" start="2025-04-15T23:51:04.418120" elapsed="0.085021"/>
</kw>
<kw name="Click Button" owner="SeleniumLibrary">
<msg time="2025-04-15T23:51:04.503141" level="INFO">Clicking button '(//div//button)[1]'.</msg>
<arg>${Button_SignIn}</arg>
<doc>Clicks the button identified by ``locator``.</doc>
<status status="PASS" start="2025-04-15T23:51:04.503141" elapsed="0.062012"/>
</kw>
<arg>thanhthaongo845@gmail.com</arg>
<arg>thao27076@@</arg>
<status status="PASS" start="2025-04-15T23:51:04.285090" elapsed="0.281064"/>
</kw>
<kw name="Click Button" owner="SeleniumLibrary">
<msg time="2025-04-15T23:51:04.566154" level="INFO">Clicking button '(//div//button)[1]'.</msg>
<arg>${Button_SignIn}</arg>
<doc>Clicks the button identified by ``locator``.</doc>
<status status="PASS" start="2025-04-15T23:51:04.566154" elapsed="0.064623"/>
</kw>
<kw name="Wait Until Element Is Visible" owner="SeleniumLibrary">
<arg>${Message_Error_SignIn}</arg>
<arg>5s</arg>
<doc>Waits until the element ``locator`` is visible.</doc>
<status status="PASS" start="2025-04-15T23:51:04.630777" elapsed="0.013118"/>
</kw>
<kw name="Click Element" owner="SeleniumLibrary">
<msg time="2025-04-15T23:51:04.643895" level="INFO">Clicking element '//button[@aria-label='close']'.</msg>
<arg>${Button_close_alert}</arg>
<doc>Click the element identified by ``locator``.</doc>
<status status="PASS" start="2025-04-15T23:51:04.643895" elapsed="0.048003"/>
</kw>
<kw name="Clear Text" owner="Utils">
<kw name="Click Element" owner="SeleniumLibrary">
<msg time="2025-04-15T23:51:04.692897" level="INFO">Clicking element '//div//input[@type='email']'.</msg>
<arg>${Clear_element}</arg>
<doc>Click the element identified by ``locator``.</doc>
<status status="PASS" start="2025-04-15T23:51:04.692897" elapsed="0.057015"/>
</kw>
<kw name="Press Keys" owner="SeleniumLibrary">
<msg time="2025-04-15T23:51:04.750910" level="INFO">Sending key(s) ('CTRL+a', 'BACKSPACE') to //div//input[@type='email'] element.</msg>
<msg time="2025-04-15T23:51:05.031317" level="INFO">Pressing special key CONTROL down.</msg>
<msg time="2025-04-15T23:51:05.031317" level="INFO">Sending key a</msg>
<msg time="2025-04-15T23:51:05.031317" level="INFO">Releasing special key CONTROL.</msg>
<msg time="2025-04-15T23:51:05.038318" level="INFO">Pressing special key BACKSPACE to element.</msg>
<msg time="2025-04-15T23:51:05.038318" level="INFO">Releasing special key BACKSPACE.</msg>
<arg>${Clear_element}</arg>
<arg>CTRL+a</arg>
<arg>BACKSPACE</arg>
<doc>Simulates the user pressing key(s) to an element or on the active browser.</doc>
<status status="PASS" start="2025-04-15T23:51:04.750910" elapsed="0.295410"/>
</kw>
<arg>${Email_Locator}</arg>
<status status="PASS" start="2025-04-15T23:51:04.691898" elapsed="0.354422"/>
</kw>
<kw name="Clear Text" owner="Utils">
<kw name="Click Element" owner="SeleniumLibrary">
<msg time="2025-04-15T23:51:05.047320" level="INFO">Clicking element '//div//input[@type='password']'.</msg>
<arg>${Clear_element}</arg>
<doc>Click the element identified by ``locator``.</doc>
<status status="PASS" start="2025-04-15T23:51:05.046320" elapsed="0.051377"/>
</kw>
<kw name="Press Keys" owner="SeleniumLibrary">
<msg time="2025-04-15T23:51:05.098696" level="INFO">Sending key(s) ('CTRL+a', 'BACKSPACE') to //div//input[@type='password'] element.</msg>
<msg time="2025-04-15T23:51:05.394763" level="INFO">Pressing special key CONTROL down.</msg>
<msg time="2025-04-15T23:51:05.394763" level="INFO">Sending key a</msg>
<msg time="2025-04-15T23:51:05.394763" level="INFO">Releasing special key CONTROL.</msg>
<msg time="2025-04-15T23:51:05.400765" level="INFO">Pressing special key BACKSPACE to element.</msg>
<msg time="2025-04-15T23:51:05.400765" level="INFO">Releasing special key BACKSPACE.</msg>
<arg>${Clear_element}</arg>
<arg>CTRL+a</arg>
<arg>BACKSPACE</arg>
<doc>Simulates the user pressing key(s) to an element or on the active browser.</doc>
<status status="PASS" start="2025-04-15T23:51:05.098696" elapsed="0.307069"/>
</kw>
<arg>${Password_Locator}</arg>
<status status="PASS" start="2025-04-15T23:51:05.046320" elapsed="0.359445"/>
</kw>
<doc>Login with invalid password</doc>
<status status="PASS" start="2025-04-15T23:51:04.284090" elapsed="1.122675"/>
</test>
<test id="s1-t3" name="Login failed when email field is left blank" line="39">
<kw name="Wait Until Element Is Visible" owner="SeleniumLibrary">
<arg>${Email_Locator}</arg>
<arg>3s</arg>
<doc>Waits until the element ``locator`` is visible.</doc>
<status status="PASS" start="2025-04-15T23:51:05.407768" elapsed="0.010998"/>
</kw>
<kw name="Input Text" owner="SeleniumLibrary">
<msg time="2025-04-15T23:51:05.420768" level="INFO">Typing text '' into text field '//div//input[@type='email']'.</msg>
<arg>${Email_Locator}</arg>
<arg>${EMPTY}</arg>
<doc>Types the given ``text`` into the text field identified by ``locator``.</doc>
<status status="PASS" start="2025-04-15T23:51:05.419768" elapsed="0.055014"/>
</kw>
<kw name="Input Text" owner="SeleniumLibrary">
<msg time="2025-04-15T23:51:05.475781" level="INFO">Typing text 'thao2702@' into text field '//div//input[@type='password']'.</msg>
<arg>${Password_Locator}</arg>
<arg>thao2702@</arg>
<doc>Types the given ``text`` into the text field identified by ``locator``.</doc>
<status status="PASS" start="2025-04-15T23:51:05.474782" elapsed="0.075016"/>
</kw>
<kw name="Wait Until Element Is Visible" owner="SeleniumLibrary">
<arg>${Message_error_MissEmail}</arg>
<arg>3s</arg>
<doc>Waits until the element ``locator`` is visible.</doc>
<status status="PASS" start="2025-04-15T23:51:05.549798" elapsed="0.016817"/>
</kw>
<kw name="Clear Text" owner="Utils">
<kw name="Click Element" owner="SeleniumLibrary">
<msg time="2025-04-15T23:51:05.568615" level="INFO">Clicking element '//div//input[@type='password']'.</msg>
<arg>${Clear_element}</arg>
<doc>Click the element identified by ``locator``.</doc>
<status status="PASS" start="2025-04-15T23:51:05.568615" elapsed="0.047496"/>
</kw>
<kw name="Press Keys" owner="SeleniumLibrary">
<msg time="2025-04-15T23:51:05.616111" level="INFO">Sending key(s) ('CTRL+a', 'BACKSPACE') to //div//input[@type='password'] element.</msg>
<msg time="2025-04-15T23:51:05.897069" level="INFO">Pressing special key CONTROL down.</msg>
<msg time="2025-04-15T23:51:05.897069" level="INFO">Sending key a</msg>
<msg time="2025-04-15T23:51:05.897069" level="INFO">Releasing special key CONTROL.</msg>
<msg time="2025-04-15T23:51:05.904671" level="INFO">Pressing special key BACKSPACE to element.</msg>
<msg time="2025-04-15T23:51:05.904671" level="INFO">Releasing special key BACKSPACE.</msg>
<arg>${Clear_element}</arg>
<arg>CTRL+a</arg>
<arg>BACKSPACE</arg>
<doc>Simulates the user pressing key(s) to an element or on the active browser.</doc>
<status status="PASS" start="2025-04-15T23:51:05.616111" elapsed="0.295829"/>
</kw>
<arg>${Password_Locator}</arg>
<status status="PASS" start="2025-04-15T23:51:05.567616" elapsed="0.344324"/>
</kw>
<doc>Login with email blank</doc>
<status status="PASS" start="2025-04-15T23:51:05.407768" elapsed="0.504172"/>
</test>
<test id="s1-t4" name="Login failed when password field is left blank" line="47">
<kw name="Wait Until Element Is Visible" owner="SeleniumLibrary">
<arg>${Email_Locator}</arg>
<arg>3s</arg>
<doc>Waits until the element ``locator`` is visible.</doc>
<status status="PASS" start="2025-04-15T23:51:05.912950" elapsed="0.010997"/>
</kw>
<kw name="Input Text" owner="SeleniumLibrary">
<msg time="2025-04-15T23:51:05.924959" level="INFO">Typing text 'thanhthaongo845@gmail.com' into text field '//div//input[@type='email']'.</msg>
<arg>${Email_Locator}</arg>
<arg>thanhthaongo845@gmail.com</arg>
<doc>Types the given ``text`` into the text field identified by ``locator``.</doc>
<status status="PASS" start="2025-04-15T23:51:05.923947" elapsed="0.088426"/>
</kw>
<kw name="Input Text" owner="SeleniumLibrary">
<msg time="2025-04-15T23:51:06.013372" level="INFO">Typing text '' into text field '//div//input[@type='password']'.</msg>
<arg>${Password_Locator}</arg>
<arg>${EMPTY}</arg>
<doc>Types the given ``text`` into the text field identified by ``locator``.</doc>
<status status="PASS" start="2025-04-15T23:51:06.012373" elapsed="0.055375"/>
</kw>
<kw name="Wait Until Element Is Visible" owner="SeleniumLibrary">
<arg>${Message_error_MissPassword}</arg>
<arg>3s</arg>
<doc>Waits until the element ``locator`` is visible.</doc>
<status status="PASS" start="2025-04-15T23:51:06.067748" elapsed="0.020003"/>
</kw>
<kw name="Clear Text" owner="Utils">
<kw name="Click Element" owner="SeleniumLibrary">
<msg time="2025-04-15T23:51:06.088751" level="INFO">Clicking element '//div//input[@type='email']'.</msg>
<arg>${Clear_element}</arg>
<doc>Click the element identified by ``locator``.</doc>
<status status="PASS" start="2025-04-15T23:51:06.087751" elapsed="0.065015"/>
</kw>
<kw name="Press Keys" owner="SeleniumLibrary">
<msg time="2025-04-15T23:51:06.153765" level="INFO">Sending key(s) ('CTRL+a', 'BACKSPACE') to //div//input[@type='email'] element.</msg>
<msg time="2025-04-15T23:51:06.432830" level="INFO">Pressing special key CONTROL down.</msg>
<msg time="2025-04-15T23:51:06.432830" level="INFO">Sending key a</msg>
<msg time="2025-04-15T23:51:06.432830" level="INFO">Releasing special key CONTROL.</msg>
<msg time="2025-04-15T23:51:06.439830" level="INFO">Pressing special key BACKSPACE to element.</msg>
<msg time="2025-04-15T23:51:06.439830" level="INFO">Releasing special key BACKSPACE.</msg>
<arg>${Clear_element}</arg>
<arg>CTRL+a</arg>
<arg>BACKSPACE</arg>
<doc>Simulates the user pressing key(s) to an element or on the active browser.</doc>
<status status="PASS" start="2025-04-15T23:51:06.153765" elapsed="0.293065"/>
</kw>
<arg>${Email_Locator}</arg>
<status status="PASS" start="2025-04-15T23:51:06.087751" elapsed="0.359079"/>
</kw>
<doc>Login with password blank</doc>
<status status="PASS" start="2025-04-15T23:51:05.912950" elapsed="0.533880"/>
</test>
<test id="s1-t5" name="Login Success when valid fields are entered" line="56">
<kw name="Login Web Haui Food" owner="SignIn">
<kw name="Maximize Browser Window" owner="SeleniumLibrary">
<doc>Maximizes current browser window.</doc>
<status status="PASS" start="2025-04-15T23:51:06.448831" elapsed="0.002003"/>
</kw>
<kw name="Execute Javascript" owner="SeleniumLibrary">
<msg time="2025-04-15T23:51:06.450834" level="INFO">Executing JavaScript:
document.body.style.zoom = '0.8';
Without any arguments.</msg>
<arg>document.body.style.zoom = '0.8';</arg>
<doc>Executes the given JavaScript code with possible arguments.</doc>
<status status="PASS" start="2025-04-15T23:51:06.450834" elapsed="0.003999"/>
</kw>
<kw name="Wait Until Element Is Visible" owner="SeleniumLibrary">
<arg>${Email_Locator}</arg>
<arg>3s</arg>
<doc>Waits until the element ``locator`` is visible.</doc>
<status status="PASS" start="2025-04-15T23:51:06.454833" elapsed="0.013004"/>
</kw>
<kw name="Input Text" owner="SeleniumLibrary">
<msg time="2025-04-15T23:51:06.468837" level="INFO">Typing text 'thaontt@gmail.com' into text field '//div//input[@type='email']'.</msg>
<arg>${Email_Locator}</arg>
<arg>${Email}</arg>
<doc>Types the given ``text`` into the text field identified by ``locator``.</doc>
<status status="PASS" start="2025-04-15T23:51:06.467837" elapsed="0.081017"/>
</kw>
<kw name="Input Text" owner="SeleniumLibrary">
<msg time="2025-04-15T23:51:06.548854" level="INFO">Typing text 'Thao2702@' into text field '//div//input[@type='password']'.</msg>
<arg>${Password_Locator}</arg>
<arg>${Password}</arg>
<doc>Types the given ``text`` into the text field identified by ``locator``.</doc>
<status status="PASS" start="2025-04-15T23:51:06.548854" elapsed="0.069017"/>
</kw>
<kw name="Click Button" owner="SeleniumLibrary">
<msg time="2025-04-15T23:51:06.617871" level="INFO">Clicking button '(//div//button)[1]'.</msg>
<arg>${Button_SignIn}</arg>
<doc>Clicks the button identified by ``locator``.</doc>
<status status="PASS" start="2025-04-15T23:51:06.617871" elapsed="0.060012"/>
</kw>
<arg>thaontt@gmail.com</arg>
<arg>Thao2702@</arg>
<status status="PASS" start="2025-04-15T23:51:06.447831" elapsed="0.231052"/>
</kw>
<kw name="Click Button" owner="SeleniumLibrary">
<msg time="2025-04-15T23:51:06.678883" level="INFO">Clicking button '(//div//button)[1]'.</msg>
<arg>${Button_SignIn}</arg>
<doc>Clicks the button identified by ``locator``.</doc>
<status status="PASS" start="2025-04-15T23:51:06.678883" elapsed="0.050013"/>
</kw>
<kw name="Wait Until Element Is Visible" owner="SeleniumLibrary">
<arg>${Message_SignIn_Success}</arg>
<arg>3s</arg>
<doc>Waits until the element ``locator`` is visible.</doc>
<status status="PASS" start="2025-04-15T23:51:06.729894" elapsed="0.683517"/>
</kw>
<kw name="Sleep" owner="BuiltIn">
<msg time="2025-04-15T23:51:12.414915" level="INFO">Slept 5 seconds.</msg>
<arg>5s</arg>
<doc>Pauses the test executed for the given time.</doc>
<status status="PASS" start="2025-04-15T23:51:07.413411" elapsed="5.001504"/>
</kw>
<doc>Login with valid information</doc>
<status status="PASS" start="2025-04-15T23:51:06.447831" elapsed="5.967084"/>
</test>
<status status="PASS" start="2025-04-15T23:50:59.192700" elapsed="13.223216"/>
</suite>
<statistics>
<total>
<stat pass="5" fail="0" skip="0">All Tests</stat>
</total>
<tag>
</tag>
<suite>
<stat pass="5" fail="0" skip="0" id="s1" name="01 SignIn">01 SignIn</stat>
</suite>
</statistics>
<errors>
</errors>
</robot>
