<?xml version="1.0" encoding="UTF-8"?>
<robot generator="Robot 7.0.1 (Python 3.12.4 on win32)" generated="2025-04-15T23:02:56.919928" rpa="false" schemaversion="5">
<suite id="s1" name="08 Logout" source="D:\Downloads\Đồ Án Tốt Nghiệp_Thảo\HAUI_Food\TestCase\08_Logout.robot">
<kw name="Open Browwer And Login" owner="SignIn" type="SETUP">
<kw name="Open Browser" owner="SeleniumLibrary">
<msg time="2025-04-15T23:02:57.409737" level="INFO">Opening browser 'chrome' to base url 'https://hauifood.vn/auth/login'.</msg>
<arg>${URL}</arg>
<arg>${BROWSER}</arg>
<doc>Opens a new browser instance to the optional ``url``.</doc>
<status status="PASS" start="2025-04-15T23:02:57.408739" elapsed="3.937171"/>
</kw>
<kw name="Login Web Haui Food" owner="SignIn">
<kw name="Maximize Browser Window" owner="SeleniumLibrary">
<doc>Maximizes current browser window.</doc>
<status status="PASS" start="2025-04-15T23:03:01.349911" elapsed="0.203048"/>
</kw>
<kw name="Execute Javascript" owner="SeleniumLibrary">
<msg time="2025-04-15T23:03:01.553959" level="INFO">Executing JavaScript:
document.body.style.zoom = '0.8';
Without any arguments.</msg>
<arg>document.body.style.zoom = '0.8';</arg>
<doc>Executes the given JavaScript code with possible arguments.</doc>
<status status="PASS" start="2025-04-15T23:03:01.553959" elapsed="0.318777"/>
</kw>
<kw name="Wait Until Element Is Visible" owner="SeleniumLibrary">
<arg>${Email_Locator}</arg>
<arg>3s</arg>
<doc>Waits until the element ``locator`` is visible.</doc>
<status status="PASS" start="2025-04-15T23:03:01.872736" elapsed="1.213322"/>
</kw>
<kw name="Input Text" owner="SeleniumLibrary">
<msg time="2025-04-15T23:03:03.086058" level="INFO">Typing text 'thaontt@gmail.com' into text field '//div//input[@type='email']'.</msg>
<arg>${Email_Locator}</arg>
<arg>${Email}</arg>
<doc>Types the given ``text`` into the text field identified by ``locator``.</doc>
<status status="PASS" start="2025-04-15T23:03:03.086058" elapsed="0.148518"/>
</kw>
<kw name="Input Text" owner="SeleniumLibrary">
<msg time="2025-04-15T23:03:03.234576" level="INFO">Typing text 'thao2702@' into text field '//div//input[@type='password']'.</msg>
<arg>${Password_Locator}</arg>
<arg>${Password}</arg>
<doc>Types the given ``text`` into the text field identified by ``locator``.</doc>
<status status="PASS" start="2025-04-15T23:03:03.234576" elapsed="0.094985"/>
</kw>
<kw name="Click Button" owner="SeleniumLibrary">
<msg time="2025-04-15T23:03:03.329561" level="INFO">Clicking button '(//div//button)[1]'.</msg>
<arg>${Button_SignIn}</arg>
<doc>Clicks the button identified by ``locator``.</doc>
<status status="PASS" start="2025-04-15T23:03:03.329561" elapsed="0.080707"/>
</kw>
<arg>thaontt@gmail.com</arg>
<arg>thao2702@</arg>
<status status="PASS" start="2025-04-15T23:03:01.348910" elapsed="2.061358"/>
</kw>
<status status="PASS" start="2025-04-15T23:02:57.407737" elapsed="6.002531"/>
</kw>
<test id="s1-t1" name="Logout success" line="12">
<kw name="Wait Until Element Is Visible" owner="SeleniumLibrary">
<arg>${Message_SignIn_Success}</arg>
<arg>${TimeOut}</arg>
<doc>Waits until the element ``locator`` is visible.</doc>
<status status="PASS" start="2025-04-15T23:03:03.412263" elapsed="0.717175"/>
</kw>
<kw name="Click Element" owner="SeleniumLibrary">
<msg time="2025-04-15T23:03:04.132437" level="INFO">Clicking element '//button[@aria-label='close']'.</msg>
<arg>${Button_close_alert}</arg>
<doc>Click the element identified by ``locator``.</doc>
<status status="PASS" start="2025-04-15T23:03:04.132437" elapsed="0.094022"/>
</kw>
<kw name="Wait Until Element Is Visible" owner="SeleniumLibrary">
<arg>${Avt}</arg>
<arg>${TimeOut}</arg>
<doc>Waits until the element ``locator`` is visible.</doc>
<status status="PASS" start="2025-04-15T23:03:04.228460" elapsed="0.037009"/>
</kw>
<kw name="Click Element" owner="SeleniumLibrary">
<msg time="2025-04-15T23:03:04.266467" level="INFO">Clicking element '(//div[@class='Header_header__actions-group__sLYqM'])[1]'.</msg>
<arg>${Avt}</arg>
<doc>Click the element identified by ``locator``.</doc>
<status status="PASS" start="2025-04-15T23:03:04.265469" elapsed="0.746177"/>
</kw>
<kw name="Wait Until Element Is Visible" owner="SeleniumLibrary">
<arg>${Button_Logout}</arg>
<arg>${TimeOut}</arg>
<doc>Waits until the element ``locator`` is visible.</doc>
<status status="PASS" start="2025-04-15T23:03:05.011646" elapsed="0.040009"/>
</kw>
<kw name="Click Element" owner="SeleniumLibrary">
<msg time="2025-04-15T23:03:05.051655" level="INFO">Clicking element '(//li[@class='Header_header__user-option__EGhmN'])[2]'.</msg>
<arg>${Button_Logout}</arg>
<doc>Click the element identified by ``locator``.</doc>
<status status="PASS" start="2025-04-15T23:03:05.051655" elapsed="0.292069"/>
</kw>
<kw name="Wait Until Element Is Visible" owner="SeleniumLibrary">
<arg>${Message_Logout_Success}</arg>
<arg>${TimeOut}</arg>
<doc>Waits until the element ``locator`` is visible.</doc>
<status status="PASS" start="2025-04-15T23:03:05.344721" elapsed="0.511504"/>
</kw>
<status status="PASS" start="2025-04-15T23:03:03.410268" elapsed="2.445957"/>
</test>
<status status="PASS" start="2025-04-15T23:02:56.922930" elapsed="8.934296"/>
</suite>
<statistics>
<total>
<stat pass="1" fail="0" skip="0">All Tests</stat>
</total>
<tag>
</tag>
<suite>
<stat pass="1" fail="0" skip="0" id="s1" name="08 Logout">08 Logout</stat>
</suite>
</statistics>
<errors>
</errors>
</robot>
