<?xml version="1.0" encoding="UTF-8"?>
<robot generator="Robot 7.0.1 (Python 3.12.4 on win32)" generated="2025-04-17T00:16:45.775881" rpa="false" schemaversion="5">
<suite id="s1" name="06 ViewOrderList" source="D:\Downloads\Đồ Án Tốt Nghiệp_Thảo\HAUI_Food\TestCase\06_ViewOrderList.robot">
<kw name="Open Browwer And Login" owner="SignIn" type="SETUP">
<kw name="Open Brower SignUp SignIn" owner="SignIn">
<kw name="Evaluate" owner="BuiltIn">
<msg time="2025-04-17T00:16:46.122961" level="INFO">${options} = &lt;selenium.webdriver.chrome.options.Options object at 0x0000027CD19A5AF0&gt;</msg>
<var>${options}</var>
<arg>sys.modules['selenium.webdriver'].ChromeOptions()</arg>
<arg>sys</arg>
<doc>Evaluates the given expression in Python and returns the result.</doc>
<status status="PASS" start="2025-04-17T00:16:46.121961" elapsed="0.001000"/>
</kw>
<kw name="Get Environment Variable" owner="OperatingSystem">
<msg time="2025-04-17T00:16:46.122961" level="INFO">${is_ci} = False</msg>
<var>${is_ci}</var>
<arg>CI</arg>
<arg>False</arg>
<doc>Returns the value of an environment variable with the given name.</doc>
<status status="PASS" start="2025-04-17T00:16:46.122961" elapsed="0.000000"/>
</kw>
<kw name="Run Keyword If" owner="BuiltIn">
<arg>'${is_ci}'=='true'</arg>
<arg>Call Method</arg>
<arg>${options}</arg>
<arg>add_argument</arg>
<arg>--headless</arg>
<doc>Runs the given keyword with the given arguments, if ``condition`` is true.</doc>
<status status="PASS" start="2025-04-17T00:16:46.122961" elapsed="0.000000"/>
</kw>
<kw name="Call Method" owner="BuiltIn">
<arg>${options}</arg>
<arg>add_argument</arg>
<arg>--no-sandbox</arg>
<doc>Calls the named method of the given object with the provided arguments.</doc>
<status status="PASS" start="2025-04-17T00:16:46.122961" elapsed="0.000000"/>
</kw>
<kw name="Call Method" owner="BuiltIn">
<arg>${options}</arg>
<arg>add_argument</arg>
<arg>--disable-dev-shm-usage</arg>
<doc>Calls the named method of the given object with the provided arguments.</doc>
<status status="PASS" start="2025-04-17T00:16:46.123962" elapsed="0.000000"/>
</kw>
<kw name="Evaluate" owner="BuiltIn">
<msg time="2025-04-17T00:16:46.123962" level="INFO">${arg} = --user-data-dir=D:/Downloads/Đồ Án Tốt Nghiệp_Thảo/HAUI_Food/TestCase</msg>
<var>${arg}</var>
<arg>"--user-data-dir=D:/Downloads/Đồ Án Tốt Nghiệp_Thảo/HAUI_Food/TestCase"</arg>
<doc>Evaluates the given expression in Python and returns the result.</doc>
<status status="PASS" start="2025-04-17T00:16:46.123962" elapsed="0.000000"/>
</kw>
<kw name="Call Method" owner="BuiltIn">
<arg>${options}</arg>
<arg>add_argument</arg>
<arg>${arg}</arg>
<doc>Calls the named method of the given object with the provided arguments.</doc>
<status status="PASS" start="2025-04-17T00:16:46.123962" elapsed="0.000000"/>
</kw>
<kw name="Open Browser" owner="SeleniumLibrary">
<msg time="2025-04-17T00:16:46.123962" level="INFO">Opening browser 'chrome' to base url 'https://hauifood.vn/auth/login'.</msg>
<arg>${URL}</arg>
<arg>${BROWSER}</arg>
<arg>options=${options}</arg>
<doc>Opens a new browser instance to the optional ``url``.</doc>
<status status="PASS" start="2025-04-17T00:16:46.123962" elapsed="2.095453"/>
</kw>
<status status="PASS" start="2025-04-17T00:16:46.121961" elapsed="2.098454"/>
</kw>
<kw name="Login Web Haui Food" owner="SignIn">
<kw name="Maximize Browser Window" owner="SeleniumLibrary">
<doc>Maximizes current browser window.</doc>
<status status="PASS" start="2025-04-17T00:16:48.220415" elapsed="0.021004"/>
</kw>
<kw name="Execute Javascript" owner="SeleniumLibrary">
<msg time="2025-04-17T00:16:48.242418" level="INFO">Executing JavaScript:
document.body.style.zoom = '0.8';
Without any arguments.</msg>
<arg>document.body.style.zoom = '0.8';</arg>
<doc>Executes the given JavaScript code with possible arguments.</doc>
<status status="PASS" start="2025-04-17T00:16:48.242418" elapsed="0.106026"/>
</kw>
<kw name="Wait Until Element Is Visible" owner="SeleniumLibrary">
<arg>${Email_Locator}</arg>
<arg>3s</arg>
<doc>Waits until the element ``locator`` is visible.</doc>
<status status="PASS" start="2025-04-17T00:16:48.349443" elapsed="0.274061"/>
</kw>
<kw name="Input Text" owner="SeleniumLibrary">
<msg time="2025-04-17T00:16:48.623504" level="INFO">Typing text 'thaontt@gmail.com' into text field '//div//input[@type='email']'.</msg>
<arg>${Email_Locator}</arg>
<arg>${Email}</arg>
<doc>Types the given ``text`` into the text field identified by ``locator``.</doc>
<status status="PASS" start="2025-04-17T00:16:48.623504" elapsed="0.160036"/>
</kw>
<kw name="Input Text" owner="SeleniumLibrary">
<msg time="2025-04-17T00:16:48.784540" level="INFO">Typing text 'Thao2702@' into text field '//div//input[@type='password']'.</msg>
<arg>${Password_Locator}</arg>
<arg>${Password}</arg>
<doc>Types the given ``text`` into the text field identified by ``locator``.</doc>
<status status="PASS" start="2025-04-17T00:16:48.783540" elapsed="0.113026"/>
</kw>
<kw name="Click Button" owner="SeleniumLibrary">
<msg time="2025-04-17T00:16:48.897565" level="INFO">Clicking button '(//div//button)[1]'.</msg>
<arg>${Button_SignIn}</arg>
<doc>Clicks the button identified by ``locator``.</doc>
<status status="PASS" start="2025-04-17T00:16:48.897565" elapsed="0.218051"/>
</kw>
<arg>thaontt@gmail.com</arg>
<arg>Thao2702@</arg>
<status status="PASS" start="2025-04-17T00:16:48.220415" elapsed="0.895201"/>
</kw>
<status status="PASS" start="2025-04-17T00:16:46.120961" elapsed="2.994655"/>
</kw>
<test id="s1-t1" name="View a list of successful orders when users have purchased" line="13">
<kw name="Wait Until Element Is Visible" owner="SeleniumLibrary">
<arg>${Button_close_alert}</arg>
<doc>Waits until the element ``locator`` is visible.</doc>
<status status="PASS" start="2025-04-17T00:16:49.117614" elapsed="0.309073"/>
</kw>
<kw name="Click Element" owner="SeleniumLibrary">
<msg time="2025-04-17T00:16:49.427686" level="INFO">Clicking element '//button[@aria-label='close']'.</msg>
<arg>${Button_close_alert}</arg>
<doc>Click the element identified by ``locator``.</doc>
<status status="PASS" start="2025-04-17T00:16:49.427686" elapsed="0.168035"/>
</kw>
<kw name="Go to Account information" owner="Utils">
<kw name="Wait Until Element Is Visible" owner="SeleniumLibrary">
<arg>${Avt}</arg>
<arg>${timeout}</arg>
<doc>Waits until the element ``locator`` is visible.</doc>
<status status="PASS" start="2025-04-17T00:16:49.596721" elapsed="0.029007"/>
</kw>
<kw name="Sleep" owner="BuiltIn">
<msg time="2025-04-17T00:16:52.626049" level="INFO">Slept 3 seconds.</msg>
<arg>3s</arg>
<doc>Pauses the test executed for the given time.</doc>
<status status="PASS" start="2025-04-17T00:16:49.625728" elapsed="3.000321"/>
</kw>
<kw name="Click Element" owner="SeleniumLibrary">
<msg time="2025-04-17T00:16:52.626049" level="INFO">Clicking element '(//div[@class='Header_header__actions-group__sLYqM'])[1]'.</msg>
<arg>${Avt}</arg>
<doc>Click the element identified by ``locator``.</doc>
<status status="PASS" start="2025-04-17T00:16:52.626049" elapsed="0.071016"/>
</kw>
<kw name="Wait Until Element Is Visible" owner="SeleniumLibrary">
<arg>${Button_Personal_Page}</arg>
<arg>${TimeOut}</arg>
<doc>Waits until the element ``locator`` is visible.</doc>
<status status="PASS" start="2025-04-17T00:16:52.698064" elapsed="0.029549"/>
</kw>
<kw name="Click Element" owner="SeleniumLibrary">
<msg time="2025-04-17T00:16:52.728072" level="INFO">Clicking element '//a[@href='/auth/profile']//li[@class='Header_header__user-option__EGhmN']'.</msg>
<arg>${Button_Personal Page}</arg>
<doc>Click the element identified by ``locator``.</doc>
<status status="PASS" start="2025-04-17T00:16:52.728072" elapsed="0.161038"/>
</kw>
<status status="PASS" start="2025-04-17T00:16:49.595721" elapsed="3.293389"/>
</kw>
<kw name="Wait Until Element Is Visible" owner="SeleniumLibrary">
<arg>${Button_Đơn_Hang}</arg>
<arg>${timeout}</arg>
<doc>Waits until the element ``locator`` is visible.</doc>
<status status="PASS" start="2025-04-17T00:16:52.890109" elapsed="0.039008"/>
</kw>
<kw name="Sleep" owner="BuiltIn">
<msg time="2025-04-17T00:16:54.930585" level="INFO">Slept 2 seconds.</msg>
<arg>2s</arg>
<doc>Pauses the test executed for the given time.</doc>
<status status="PASS" start="2025-04-17T00:16:52.930117" elapsed="2.000468"/>
</kw>
<kw name="Click Element" owner="SeleniumLibrary">
<msg time="2025-04-17T00:16:54.931568" level="INFO">Clicking element '(//button//p[contains(text(),'Đơn hàng')])[2]'.</msg>
<arg>${Button_Đơn_Hang}</arg>
<doc>Click the element identified by ``locator``.</doc>
<status status="PASS" start="2025-04-17T00:16:54.931568" elapsed="0.166038"/>
</kw>
<kw name="Wait Until Element Is Visible" owner="SeleniumLibrary">
<msg time="2025-04-17T00:17:10.524105" level="INFO" html="true">&lt;/td&gt;&lt;/tr&gt;&lt;tr&gt;&lt;td colspan="3"&gt;&lt;a href="selenium-screenshot-24.png"&gt;&lt;img src="selenium-screenshot-24.png" width="800px"&gt;&lt;/a&gt;</msg>
<msg time="2025-04-17T00:17:10.525106" level="FAIL">Element '//div[contains(text(), 'Hoàn thành (7)')]' not visible after 15 seconds.</msg>
<arg>${DonMua_Status_HoanThanh}</arg>
<arg>15s</arg>
<doc>Waits until the element ``locator`` is visible.</doc>
<status status="FAIL" start="2025-04-17T00:16:55.123610" elapsed="15.407497">Element '//div[contains(text(), 'Hoàn thành (7)')]' not visible after 15 seconds.</status>
</kw>
<kw name="Click Element" owner="SeleniumLibrary">
<arg>${DonMua_Status_HoanThanh}</arg>
<doc>Click the element identified by ``locator``.</doc>
<status status="NOT RUN" start="2025-04-17T00:17:10.531107" elapsed="0.000000"/>
</kw>
<kw name="Run Keyword And Return Status" owner="BuiltIn">
<var>${status}</var>
<arg>wait until element is visible</arg>
<arg>${List_DonHang}</arg>
<arg>${TimeOut}</arg>
<doc>Runs the given keyword with given arguments and returns the status as a Boolean value.</doc>
<status status="NOT RUN" start="2025-04-17T00:17:10.532106" elapsed="0.000000"/>
</kw>
<if>
<branch type="IF" condition="'${status}' == '${True}'">
<kw name="Log To Console" owner="BuiltIn">
<arg>Pass case View a list of successful orders when users have purchased</arg>
<doc>Logs the given message to the console.</doc>
<status status="NOT RUN" start="2025-04-17T00:17:10.533107" elapsed="0.000000"/>
</kw>
<status status="NOT RUN" start="2025-04-17T00:17:10.533107" elapsed="0.000000"/>
</branch>
<branch type="ELSE">
<kw name="Skip" owner="BuiltIn">
<arg>User chưa có đơn nào mua hàng thành công</arg>
<doc>Skips the rest of the current test.</doc>
<status status="NOT RUN" start="2025-04-17T00:17:10.534107" elapsed="0.000000"/>
</kw>
<status status="NOT RUN" start="2025-04-17T00:17:10.533107" elapsed="0.001000"/>
</branch>
<status status="NOT RUN" start="2025-04-17T00:17:10.533107" elapsed="0.001000"/>
</if>
<status status="FAIL" start="2025-04-17T00:16:49.116614" elapsed="21.417493">Element '//div[contains(text(), 'Hoàn thành (7)')]' not visible after 15 seconds.</status>
</test>
<status status="FAIL" start="2025-04-17T00:16:45.777892" elapsed="24.759215"/>
</suite>
<statistics>
<total>
<stat pass="0" fail="1" skip="0">All Tests</stat>
</total>
<tag>
</tag>
<suite>
<stat pass="0" fail="1" skip="0" id="s1" name="06 ViewOrderList">06 ViewOrderList</stat>
</suite>
</statistics>
<errors>
</errors>
</robot>
