<?xml version="1.0" encoding="UTF-8"?>
<robot generator="Robot 7.0.1 (Python 3.12.4 on win32)" generated="2025-04-16T23:52:19.937090" rpa="false" schemaversion="5">
<suite id="s1" name="06 ViewOrderList" source="D:\Downloads\Đồ Án Tốt Nghiệp_Thảo\HAUI_Food\TestCase\06_ViewOrderList.robot">
<kw name="Open Browwer And Login" owner="SignIn" type="SETUP">
<kw name="Evaluate" owner="BuiltIn">
<msg time="2025-04-16T23:52:20.370203" level="INFO">${options} = &lt;selenium.webdriver.chrome.options.Options object at 0x000002471DC15640&gt;</msg>
<var>${options}</var>
<arg>sys.modules['selenium.webdriver'].ChromeOptions()</arg>
<arg>sys</arg>
<doc>Evaluates the given expression in Python and returns the result.</doc>
<status status="PASS" start="2025-04-16T23:52:20.370203" elapsed="0.000000"/>
</kw>
<kw name="Get Environment Variable" owner="OperatingSystem">
<msg time="2025-04-16T23:52:20.371203" level="INFO">${is_ci} = False</msg>
<var>${is_ci}</var>
<arg>CI</arg>
<arg>False</arg>
<doc>Returns the value of an environment variable with the given name.</doc>
<status status="PASS" start="2025-04-16T23:52:20.371203" elapsed="0.000000"/>
</kw>
<kw name="Run Keyword If" owner="BuiltIn">
<arg>'${is_ci}'=='true'</arg>
<arg>Call Method</arg>
<arg>${options}</arg>
<arg>add_argument</arg>
<arg>--headless</arg>
<doc>Runs the given keyword with the given arguments, if ``condition`` is true.</doc>
<status status="PASS" start="2025-04-16T23:52:20.371203" elapsed="0.000000"/>
</kw>
<kw name="Call Method" owner="BuiltIn">
<arg>${options}</arg>
<arg>add_argument</arg>
<arg>--no-sandbox</arg>
<doc>Calls the named method of the given object with the provided arguments.</doc>
<status status="PASS" start="2025-04-16T23:52:20.372204" elapsed="0.000000"/>
</kw>
<kw name="Call Method" owner="BuiltIn">
<arg>${options}</arg>
<arg>add_argument</arg>
<arg>--disable-dev-shm-usage</arg>
<doc>Calls the named method of the given object with the provided arguments.</doc>
<status status="PASS" start="2025-04-16T23:52:20.372204" elapsed="0.000000"/>
</kw>
<kw name="Open Browser" owner="SeleniumLibrary">
<msg time="2025-04-16T23:52:20.372204" level="INFO">Opening browser 'chrome' to base url 'https://hauifood.vn/auth/login'.</msg>
<arg>${URL}</arg>
<arg>${BROWSER}</arg>
<arg>options=${options}</arg>
<doc>Opens a new browser instance to the optional ``url``.</doc>
<status status="PASS" start="2025-04-16T23:52:20.372204" elapsed="4.171354"/>
</kw>
<kw name="Login Web Haui Food" owner="SignIn">
<kw name="Maximize Browser Window" owner="SeleniumLibrary">
<doc>Maximizes current browser window.</doc>
<status status="PASS" start="2025-04-16T23:52:24.544559" elapsed="0.046565"/>
</kw>
<kw name="Execute Javascript" owner="SeleniumLibrary">
<msg time="2025-04-16T23:52:24.592124" level="INFO">Executing JavaScript:
document.body.style.zoom = '0.8';
Without any arguments.</msg>
<arg>document.body.style.zoom = '0.8';</arg>
<doc>Executes the given JavaScript code with possible arguments.</doc>
<status status="PASS" start="2025-04-16T23:52:24.591124" elapsed="0.015003"/>
</kw>
<kw name="Wait Until Element Is Visible" owner="SeleniumLibrary">
<arg>${Email_Locator}</arg>
<arg>3s</arg>
<doc>Waits until the element ``locator`` is visible.</doc>
<status status="PASS" start="2025-04-16T23:52:24.606127" elapsed="2.493707"/>
</kw>
<kw name="Input Text" owner="SeleniumLibrary">
<msg time="2025-04-16T23:52:27.100835" level="INFO">Typing text 'thaontt@gmail.com' into text field '//div//input[@type='email']'.</msg>
<arg>${Email_Locator}</arg>
<arg>${Email}</arg>
<doc>Types the given ``text`` into the text field identified by ``locator``.</doc>
<status status="PASS" start="2025-04-16T23:52:27.099834" elapsed="0.224861"/>
</kw>
<kw name="Input Text" owner="SeleniumLibrary">
<msg time="2025-04-16T23:52:27.325695" level="INFO">Typing text 'Thao2702@' into text field '//div//input[@type='password']'.</msg>
<arg>${Password_Locator}</arg>
<arg>${Password}</arg>
<doc>Types the given ``text`` into the text field identified by ``locator``.</doc>
<status status="PASS" start="2025-04-16T23:52:27.324695" elapsed="0.183043"/>
</kw>
<kw name="Click Button" owner="SeleniumLibrary">
<msg time="2025-04-16T23:52:27.507738" level="INFO">Clicking button '(//div//button)[1]'.</msg>
<arg>${Button_SignIn}</arg>
<doc>Clicks the button identified by ``locator``.</doc>
<status status="PASS" start="2025-04-16T23:52:27.507738" elapsed="0.185038"/>
</kw>
<arg>thaontt@gmail.com</arg>
<arg>Thao2702@</arg>
<status status="PASS" start="2025-04-16T23:52:24.543558" elapsed="3.149218"/>
</kw>
<status status="PASS" start="2025-04-16T23:52:20.368204" elapsed="7.324572"/>
</kw>
<test id="s1-t1" name="View a list of successful orders when users have purchased" line="13">
<kw name="Wait Until Element Is Visible" owner="SeleniumLibrary">
<arg>${Button_close_alert}</arg>
<doc>Waits until the element ``locator`` is visible.</doc>
<status status="PASS" start="2025-04-16T23:52:27.702780" elapsed="2.141692"/>
</kw>
<kw name="Click Element" owner="SeleniumLibrary">
<msg time="2025-04-16T23:52:29.845472" level="INFO">Clicking element '//button[@aria-label='close']'.</msg>
<arg>${Button_close_alert}</arg>
<doc>Click the element identified by ``locator``.</doc>
<status status="PASS" start="2025-04-16T23:52:29.845472" elapsed="0.123031"/>
</kw>
<kw name="Go to Account information" owner="Utils">
<kw name="Wait Until Element Is Visible" owner="SeleniumLibrary">
<arg>${Avt}</arg>
<arg>${timeout}</arg>
<doc>Waits until the element ``locator`` is visible.</doc>
<status status="PASS" start="2025-04-16T23:52:29.972502" elapsed="0.038009"/>
</kw>
<kw name="Sleep" owner="BuiltIn">
<msg time="2025-04-16T23:52:33.010784" level="INFO">Slept 3 seconds.</msg>
<arg>3s</arg>
<doc>Pauses the test executed for the given time.</doc>
<status status="PASS" start="2025-04-16T23:52:30.010511" elapsed="3.000273"/>
</kw>
<kw name="Click Element" owner="SeleniumLibrary">
<msg time="2025-04-16T23:52:33.011786" level="INFO">Clicking element '(//div[@class='Header_header__actions-group__sLYqM'])[1]'.</msg>
<arg>${Avt}</arg>
<doc>Click the element identified by ``locator``.</doc>
<status status="PASS" start="2025-04-16T23:52:33.010784" elapsed="0.118031"/>
</kw>
<kw name="Wait Until Element Is Visible" owner="SeleniumLibrary">
<arg>${Button_Personal_Page}</arg>
<arg>${TimeOut}</arg>
<doc>Waits until the element ``locator`` is visible.</doc>
<status status="PASS" start="2025-04-16T23:52:33.128815" elapsed="0.057010"/>
</kw>
<kw name="Click Element" owner="SeleniumLibrary">
<msg time="2025-04-16T23:52:33.186825" level="INFO">Clicking element '//a[@href='/auth/profile']//li[@class='Header_header__user-option__EGhmN']'.</msg>
<arg>${Button_Personal Page}</arg>
<doc>Click the element identified by ``locator``.</doc>
<status status="PASS" start="2025-04-16T23:52:33.185825" elapsed="0.259059"/>
</kw>
<status status="PASS" start="2025-04-16T23:52:29.971502" elapsed="3.473382"/>
</kw>
<kw name="Wait Until Element Is Visible" owner="SeleniumLibrary">
<arg>${Button_Đơn_Hang}</arg>
<arg>${timeout}</arg>
<doc>Waits until the element ``locator`` is visible.</doc>
<status status="PASS" start="2025-04-16T23:52:33.455884" elapsed="0.050012"/>
</kw>
<kw name="Sleep" owner="BuiltIn">
<msg time="2025-04-16T23:52:35.511885" level="INFO">Slept 2 seconds.</msg>
<arg>2s</arg>
<doc>Pauses the test executed for the given time.</doc>
<status status="PASS" start="2025-04-16T23:52:33.509898" elapsed="2.001987"/>
</kw>
<kw name="Click Element" owner="SeleniumLibrary">
<msg time="2025-04-16T23:52:35.512875" level="INFO">Clicking element '(//button//p[contains(text(),'Đơn hàng')])[2]'.</msg>
<arg>${Button_Đơn_Hang}</arg>
<doc>Click the element identified by ``locator``.</doc>
<status status="PASS" start="2025-04-16T23:52:35.511885" elapsed="0.098014"/>
</kw>
<kw name="Wait Until Element Is Visible" owner="SeleniumLibrary">
<arg>${DonMua_Status_HoanThanh}</arg>
<arg>15s</arg>
<doc>Waits until the element ``locator`` is visible.</doc>
<status status="PASS" start="2025-04-16T23:52:35.613896" elapsed="0.509195"/>
</kw>
<kw name="Click Element" owner="SeleniumLibrary">
<msg time="2025-04-16T23:52:36.126087" level="INFO">Clicking element '//div[contains(text(), 'Hoàn thành (7)')]'.</msg>
<arg>${DonMua_Status_HoanThanh}</arg>
<doc>Click the element identified by ``locator``.</doc>
<status status="PASS" start="2025-04-16T23:52:36.125087" elapsed="0.106815"/>
</kw>
<kw name="Run Keyword And Return Status" owner="BuiltIn">
<kw name="Wait Until Element Is Visible" owner="SeleniumLibrary">
<arg>${List_DonHang}</arg>
<arg>${TimeOut}</arg>
<doc>Waits until the element ``locator`` is visible.</doc>
<status status="PASS" start="2025-04-16T23:52:36.233901" elapsed="0.039010"/>
</kw>
<msg time="2025-04-16T23:52:36.272911" level="INFO">${status} = True</msg>
<var>${status}</var>
<arg>wait until element is visible</arg>
<arg>${List_DonHang}</arg>
<arg>${TimeOut}</arg>
<doc>Runs the given keyword with given arguments and returns the status as a Boolean value.</doc>
<status status="PASS" start="2025-04-16T23:52:36.232904" elapsed="0.040007"/>
</kw>
<if>
<branch type="IF" condition="'${status}' == '${True}'">
<kw name="Log To Console" owner="BuiltIn">
<arg>Pass case View a list of successful orders when users have purchased</arg>
<doc>Logs the given message to the console.</doc>
<status status="PASS" start="2025-04-16T23:52:36.273910" elapsed="0.001013"/>
</kw>
<status status="PASS" start="2025-04-16T23:52:36.273910" elapsed="0.001013"/>
</branch>
<branch type="ELSE">
<kw name="Skip" owner="BuiltIn">
<arg>User chưa có đơn nào mua hàng thành công</arg>
<doc>Skips the rest of the current test.</doc>
<status status="NOT RUN" start="2025-04-16T23:52:36.274923" elapsed="0.000000"/>
</kw>
<status status="NOT RUN" start="2025-04-16T23:52:36.274923" elapsed="0.000000"/>
</branch>
<status status="PASS" start="2025-04-16T23:52:36.273910" elapsed="0.001013"/>
</if>
<status status="PASS" start="2025-04-16T23:52:27.693777" elapsed="8.582134"/>
</test>
<status status="PASS" start="2025-04-16T23:52:19.940090" elapsed="16.336822"/>
</suite>
<statistics>
<total>
<stat pass="1" fail="0" skip="0">All Tests</stat>
</total>
<tag>
</tag>
<suite>
<stat pass="1" fail="0" skip="0" id="s1" name="06 ViewOrderList">06 ViewOrderList</stat>
</suite>
</statistics>
<errors>
</errors>
</robot>
