<?xml version="1.0" encoding="UTF-8"?>
<robot generator="Robot 7.0.1 (Python 3.12.4 on win32)" generated="2025-04-17T00:12:55.835104" rpa="false" schemaversion="5">
<suite id="s1" name="09 SignUp" source="D:\Downloads\Đồ Án Tốt Nghiệp_Thảo\HAUI_Food\TestCase\09_SignUp.robot">
<kw name="Open Brower SignUp SignIn" owner="SignIn" type="SETUP">
<kw name="Evaluate" owner="BuiltIn">
<msg time="2025-04-17T00:12:56.175200" level="INFO">${options} = &lt;selenium.webdriver.chrome.options.Options object at 0x0000021D02466420&gt;</msg>
<var>${options}</var>
<arg>sys.modules['selenium.webdriver'].ChromeOptions()</arg>
<arg>sys</arg>
<doc>Evaluates the given expression in Python and returns the result.</doc>
<status status="PASS" start="2025-04-17T00:12:56.174192" elapsed="0.001008"/>
</kw>
<kw name="Get Environment Variable" owner="OperatingSystem">
<msg time="2025-04-17T00:12:56.175200" level="INFO">${is_ci} = False</msg>
<var>${is_ci}</var>
<arg>CI</arg>
<arg>False</arg>
<doc>Returns the value of an environment variable with the given name.</doc>
<status status="PASS" start="2025-04-17T00:12:56.175200" elapsed="0.000000"/>
</kw>
<kw name="Run Keyword If" owner="BuiltIn">
<arg>'${is_ci}'=='true'</arg>
<arg>Call Method</arg>
<arg>${options}</arg>
<arg>add_argument</arg>
<arg>--headless</arg>
<doc>Runs the given keyword with the given arguments, if ``condition`` is true.</doc>
<status status="PASS" start="2025-04-17T00:12:56.175200" elapsed="0.000000"/>
</kw>
<kw name="Call Method" owner="BuiltIn">
<arg>${options}</arg>
<arg>add_argument</arg>
<arg>--no-sandbox</arg>
<doc>Calls the named method of the given object with the provided arguments.</doc>
<status status="PASS" start="2025-04-17T00:12:56.175200" elapsed="0.001001"/>
</kw>
<kw name="Call Method" owner="BuiltIn">
<arg>${options}</arg>
<arg>add_argument</arg>
<arg>--disable-dev-shm-usage</arg>
<doc>Calls the named method of the given object with the provided arguments.</doc>
<status status="PASS" start="2025-04-17T00:12:56.176201" elapsed="0.000000"/>
</kw>
<kw name="Evaluate" owner="BuiltIn">
<msg time="2025-04-17T00:12:56.176201" level="INFO">${arg} = --user-data-dir=D:/Downloads/Đồ Án Tốt Nghiệp_Thảo/HAUI_Food/TestCase</msg>
<var>${arg}</var>
<arg>"--user-data-dir=D:/Downloads/Đồ Án Tốt Nghiệp_Thảo/HAUI_Food/TestCase"</arg>
<doc>Evaluates the given expression in Python and returns the result.</doc>
<status status="PASS" start="2025-04-17T00:12:56.176201" elapsed="0.000000"/>
</kw>
<kw name="Call Method" owner="BuiltIn">
<arg>${options}</arg>
<arg>add_argument</arg>
<arg>${arg}</arg>
<doc>Calls the named method of the given object with the provided arguments.</doc>
<status status="PASS" start="2025-04-17T00:12:56.176201" elapsed="0.000000"/>
</kw>
<kw name="Open Browser" owner="SeleniumLibrary">
<msg time="2025-04-17T00:12:56.177200" level="INFO">Opening browser 'chrome' to base url 'https://hauifood.vn/auth/login'.</msg>
<arg>${URL}</arg>
<arg>${BROWSER}</arg>
<arg>options=${options}</arg>
<doc>Opens a new browser instance to the optional ``url``.</doc>
<status status="PASS" start="2025-04-17T00:12:56.176201" elapsed="2.422523"/>
</kw>
<status status="PASS" start="2025-04-17T00:12:56.173193" elapsed="2.425531"/>
</kw>
<test id="s1-t1" name="SignUp failed when entering email already exists" line="25">
<kw name="Generate Random String" owner="String">
<msg time="2025-04-17T00:12:58.608727" level="INFO">${SignUp_Random} = 546</msg>
<var>${SignUp_Random}</var>
<arg>3</arg>
<arg>1234567890</arg>
<doc>Generates a string with a desired ``length`` from the given ``chars``.</doc>
<status status="PASS" start="2025-04-17T00:12:58.608727" elapsed="0.000000"/>
</kw>
<kw name="Wait Until Element Is Visible" owner="SeleniumLibrary">
<arg>${Button_dang_ki}</arg>
<arg>${timeout}</arg>
<doc>Waits until the element ``locator`` is visible.</doc>
<status status="PASS" start="2025-04-17T00:12:58.620730" elapsed="0.300068"/>
</kw>
<kw name="Click Element" owner="SeleniumLibrary">
<msg time="2025-04-17T00:12:58.921798" level="INFO">Clicking element '//div//a[@class='SignIn_login__link__+gFvW']'.</msg>
<arg>${Button_dang_ki}</arg>
<doc>Click the element identified by ``locator``.</doc>
<status status="PASS" start="2025-04-17T00:12:58.921798" elapsed="0.183040"/>
</kw>
<kw name="SignUp Web Haui Food" owner="SignUp">
<kw name="Maximize Browser Window" owner="SeleniumLibrary">
<doc>Maximizes current browser window.</doc>
<status status="PASS" start="2025-04-17T00:12:59.106839" elapsed="0.012004"/>
</kw>
<kw name="Execute Javascript" owner="SeleniumLibrary">
<msg time="2025-04-17T00:12:59.118843" level="INFO">Executing JavaScript:
document.body.style.zoom = '0.8';
Without any arguments.</msg>
<arg>document.body.style.zoom = '0.8';</arg>
<doc>Executes the given JavaScript code with possible arguments.</doc>
<status status="PASS" start="2025-04-17T00:12:59.118843" elapsed="0.006999"/>
</kw>
<kw name="Wait Until Element Is Visible" owner="SeleniumLibrary">
<arg>${Email_Locator}</arg>
<arg>60s</arg>
<doc>Waits until the element ``locator`` is visible.</doc>
<status status="PASS" start="2025-04-17T00:12:59.125842" elapsed="0.035008"/>
</kw>
<kw name="Input Text" owner="SeleniumLibrary">
<msg time="2025-04-17T00:12:59.160850" level="INFO">Typing text 'Thaontt_546' into text field '//input[@placeholder='Họ tên']'.</msg>
<arg>${Name_Locator}</arg>
<arg>${Name}</arg>
<doc>Types the given ``text`` into the text field identified by ``locator``.</doc>
<status status="PASS" start="2025-04-17T00:12:59.160850" elapsed="0.129030"/>
</kw>
<kw name="Input Text" owner="SeleniumLibrary">
<msg time="2025-04-17T00:12:59.289880" level="INFO">Typing text 'thanhthaongo845@gmail.com' into text field '//input[@type='email']'.</msg>
<arg>${Email_Locator}</arg>
<arg>${Email}</arg>
<doc>Types the given ``text`` into the text field identified by ``locator``.</doc>
<status status="PASS" start="2025-04-17T00:12:59.289880" elapsed="0.117026"/>
</kw>
<kw name="Input Text" owner="SeleniumLibrary">
<msg time="2025-04-17T00:12:59.407905" level="INFO">Typing text 'thao2702@74' into text field '//input[@type='password']'.</msg>
<arg>${Password_Locator}</arg>
<arg>${Password}</arg>
<doc>Types the given ``text`` into the text field identified by ``locator``.</doc>
<status status="PASS" start="2025-04-17T00:12:59.406906" elapsed="0.094022"/>
</kw>
<kw name="Click Button" owner="SeleniumLibrary">
<msg time="2025-04-17T00:12:59.500928" level="INFO">Clicking button '(//button)[1]'.</msg>
<arg>${Button_SignUp}</arg>
<doc>Clicks the button identified by ``locator``.</doc>
<status status="PASS" start="2025-04-17T00:12:59.500928" elapsed="0.402089"/>
</kw>
<arg>Thaontt_${SignUp_Random}</arg>
<arg>thanhthaongo845@gmail.com</arg>
<arg>thao2702@74</arg>
<status status="PASS" start="2025-04-17T00:12:59.105839" elapsed="0.797178"/>
</kw>
<kw name="Wait Until Element Is Visible" owner="SeleniumLibrary">
<arg>${Message_existed_Email}</arg>
<arg>${TimeOut}</arg>
<doc>Waits until the element ``locator`` is visible.</doc>
<status status="PASS" start="2025-04-17T00:12:59.903017" elapsed="0.765171"/>
</kw>
<kw name="Click Element" owner="SeleniumLibrary">
<msg time="2025-04-17T00:13:00.669188" level="INFO">Clicking element '//div//button[@aria-label='close']'.</msg>
<arg>${Button_close_alert}</arg>
<doc>Click the element identified by ``locator``.</doc>
<status status="PASS" start="2025-04-17T00:13:00.669188" elapsed="0.307068"/>
</kw>
<kw name="Clear Text" owner="Utils">
<kw name="Click Element" owner="SeleniumLibrary">
<msg time="2025-04-17T00:13:00.977256" level="INFO">Clicking element '//input[@placeholder='Họ tên']'.</msg>
<arg>${Clear_element}</arg>
<doc>Click the element identified by ``locator``.</doc>
<status status="PASS" start="2025-04-17T00:13:00.977256" elapsed="0.332077"/>
</kw>
<kw name="Press Keys" owner="SeleniumLibrary">
<msg time="2025-04-17T00:13:01.310331" level="INFO">Sending key(s) ('CTRL+a', 'BACKSPACE') to //input[@placeholder='Họ tên'] element.</msg>
<msg time="2025-04-17T00:13:01.660410" level="INFO">Pressing special key CONTROL down.</msg>
<msg time="2025-04-17T00:13:01.660410" level="INFO">Sending key a</msg>
<msg time="2025-04-17T00:13:01.660410" level="INFO">Releasing special key CONTROL.</msg>
<msg time="2025-04-17T00:13:01.694417" level="INFO">Pressing special key BACKSPACE to element.</msg>
<msg time="2025-04-17T00:13:01.694417" level="INFO">Releasing special key BACKSPACE.</msg>
<arg>${Clear_element}</arg>
<arg>CTRL+a</arg>
<arg>BACKSPACE</arg>
<doc>Simulates the user pressing key(s) to an element or on the active browser.</doc>
<status status="PASS" start="2025-04-17T00:13:01.309333" elapsed="0.419093"/>
</kw>
<arg>${Name_Locator}</arg>
<status status="PASS" start="2025-04-17T00:13:00.977256" elapsed="0.751170"/>
</kw>
<kw name="Clear Text" owner="Utils">
<kw name="Click Element" owner="SeleniumLibrary">
<msg time="2025-04-17T00:13:01.729426" level="INFO">Clicking element '//input[@type='email']'.</msg>
<arg>${Clear_element}</arg>
<doc>Click the element identified by ``locator``.</doc>
<status status="PASS" start="2025-04-17T00:13:01.729426" elapsed="0.328075"/>
</kw>
<kw name="Press Keys" owner="SeleniumLibrary">
<msg time="2025-04-17T00:13:02.057501" level="INFO">Sending key(s) ('CTRL+a', 'BACKSPACE') to //input[@type='email'] element.</msg>
<msg time="2025-04-17T00:13:02.420087" level="INFO">Pressing special key CONTROL down.</msg>
<msg time="2025-04-17T00:13:02.420087" level="INFO">Sending key a</msg>
<msg time="2025-04-17T00:13:02.420087" level="INFO">Releasing special key CONTROL.</msg>
<msg time="2025-04-17T00:13:02.465096" level="INFO">Pressing special key BACKSPACE to element.</msg>
<msg time="2025-04-17T00:13:02.465096" level="INFO">Releasing special key BACKSPACE.</msg>
<arg>${Clear_element}</arg>
<arg>CTRL+a</arg>
<arg>BACKSPACE</arg>
<doc>Simulates the user pressing key(s) to an element or on the active browser.</doc>
<status status="PASS" start="2025-04-17T00:13:02.057501" elapsed="0.443604"/>
</kw>
<arg>${Email_Locator}</arg>
<status status="PASS" start="2025-04-17T00:13:01.729426" elapsed="0.771679"/>
</kw>
<kw name="Clear Text" owner="Utils">
<kw name="Click Element" owner="SeleniumLibrary">
<msg time="2025-04-17T00:13:02.502106" level="INFO">Clicking element '//input[@type='password']'.</msg>
<arg>${Clear_element}</arg>
<doc>Click the element identified by ``locator``.</doc>
<status status="PASS" start="2025-04-17T00:13:02.502106" elapsed="0.323073"/>
</kw>
<kw name="Press Keys" owner="SeleniumLibrary">
<msg time="2025-04-17T00:13:02.826178" level="INFO">Sending key(s) ('CTRL+a', 'BACKSPACE') to //input[@type='password'] element.</msg>
<msg time="2025-04-17T00:13:03.187267" level="INFO">Pressing special key CONTROL down.</msg>
<msg time="2025-04-17T00:13:03.187267" level="INFO">Sending key a</msg>
<msg time="2025-04-17T00:13:03.187267" level="INFO">Releasing special key CONTROL.</msg>
<msg time="2025-04-17T00:13:03.231271" level="INFO">Pressing special key BACKSPACE to element.</msg>
<msg time="2025-04-17T00:13:03.231271" level="INFO">Releasing special key BACKSPACE.</msg>
<arg>${Clear_element}</arg>
<arg>CTRL+a</arg>
<arg>BACKSPACE</arg>
<doc>Simulates the user pressing key(s) to an element or on the active browser.</doc>
<status status="PASS" start="2025-04-17T00:13:02.826178" elapsed="0.436098"/>
</kw>
<arg>${Password_Locator}</arg>
<status status="PASS" start="2025-04-17T00:13:02.502106" elapsed="0.760170"/>
</kw>
<doc>SignUp with email already exists</doc>
<status status="PASS" start="2025-04-17T00:12:58.599724" elapsed="4.663553"/>
</test>
<test id="s1-t2" name="SignUp failed when name field is left blank" line="37">
<kw name="Wait Until Element Is Visible" owner="SeleniumLibrary">
<arg>${Email_Locator}</arg>
<arg>${TimeOut}</arg>
<doc>Waits until the element ``locator`` is visible.</doc>
<status status="PASS" start="2025-04-17T00:13:03.264275" elapsed="0.013004"/>
</kw>
<kw name="Input Text" owner="SeleniumLibrary">
<msg time="2025-04-17T00:13:03.278279" level="INFO">Typing text '' into text field '//input[@placeholder='Họ tên']'.</msg>
<arg>${Name_Locator}</arg>
<arg>${EMPTY}</arg>
<doc>Types the given ``text`` into the text field identified by ``locator``.</doc>
<status status="PASS" start="2025-04-17T00:13:03.277279" elapsed="0.074015"/>
</kw>
<kw name="Input Text" owner="SeleniumLibrary">
<msg time="2025-04-17T00:13:03.352294" level="INFO">Typing text 'thaontt.22@gmail.com' into text field '//input[@type='email']'.</msg>
<arg>${Email_Locator}</arg>
<arg>thaontt.22@gmail.com</arg>
<doc>Types the given ``text`` into the text field identified by ``locator``.</doc>
<status status="PASS" start="2025-04-17T00:13:03.351294" elapsed="0.101023"/>
</kw>
<kw name="Input Text" owner="SeleniumLibrary">
<msg time="2025-04-17T00:13:03.453318" level="INFO">Typing text 'thao2702@' into text field '//input[@type='password']'.</msg>
<arg>${Password_Locator}</arg>
<arg>thao2702@</arg>
<doc>Types the given ``text`` into the text field identified by ``locator``.</doc>
<status status="PASS" start="2025-04-17T00:13:03.453318" elapsed="0.092024"/>
</kw>
<kw name="Wait Until Element Is Visible" owner="SeleniumLibrary">
<arg>${Message_Blank_Name}</arg>
<arg>${TimeOut}</arg>
<doc>Waits until the element ``locator`` is visible.</doc>
<status status="PASS" start="2025-04-17T00:13:03.545342" elapsed="0.067012"/>
</kw>
<kw name="Clear Text" owner="Utils">
<kw name="Click Element" owner="SeleniumLibrary">
<msg time="2025-04-17T00:13:03.614354" level="INFO">Clicking element '//input[@type='email']'.</msg>
<arg>${Clear_element}</arg>
<doc>Click the element identified by ``locator``.</doc>
<status status="PASS" start="2025-04-17T00:13:03.613353" elapsed="0.311071"/>
</kw>
<kw name="Press Keys" owner="SeleniumLibrary">
<msg time="2025-04-17T00:13:03.925425" level="INFO">Sending key(s) ('CTRL+a', 'BACKSPACE') to //input[@type='email'] element.</msg>
<msg time="2025-04-17T00:13:04.288505" level="INFO">Pressing special key CONTROL down.</msg>
<msg time="2025-04-17T00:13:04.288505" level="INFO">Sending key a</msg>
<msg time="2025-04-17T00:13:04.288505" level="INFO">Releasing special key CONTROL.</msg>
<msg time="2025-04-17T00:13:04.337517" level="INFO">Pressing special key BACKSPACE to element.</msg>
<msg time="2025-04-17T00:13:04.337517" level="INFO">Releasing special key BACKSPACE.</msg>
<arg>${Clear_element}</arg>
<arg>CTRL+a</arg>
<arg>BACKSPACE</arg>
<doc>Simulates the user pressing key(s) to an element or on the active browser.</doc>
<status status="PASS" start="2025-04-17T00:13:03.924424" elapsed="0.443100"/>
</kw>
<arg>${Email_Locator}</arg>
<status status="PASS" start="2025-04-17T00:13:03.613353" elapsed="0.754171"/>
</kw>
<kw name="Clear Text" owner="Utils">
<kw name="Click Element" owner="SeleniumLibrary">
<msg time="2025-04-17T00:13:04.368524" level="INFO">Clicking element '//input[@type='password']'.</msg>
<arg>${Clear_element}</arg>
<doc>Click the element identified by ``locator``.</doc>
<status status="PASS" start="2025-04-17T00:13:04.368524" elapsed="0.281061"/>
</kw>
<kw name="Press Keys" owner="SeleniumLibrary">
<msg time="2025-04-17T00:13:04.650585" level="INFO">Sending key(s) ('CTRL+a', 'BACKSPACE') to //input[@type='password'] element.</msg>
<msg time="2025-04-17T00:13:05.010667" level="INFO">Pressing special key CONTROL down.</msg>
<msg time="2025-04-17T00:13:05.010667" level="INFO">Sending key a</msg>
<msg time="2025-04-17T00:13:05.010667" level="INFO">Releasing special key CONTROL.</msg>
<msg time="2025-04-17T00:13:05.055677" level="INFO">Pressing special key BACKSPACE to element.</msg>
<msg time="2025-04-17T00:13:05.055677" level="INFO">Releasing special key BACKSPACE.</msg>
<arg>${Clear_element}</arg>
<arg>CTRL+a</arg>
<arg>BACKSPACE</arg>
<doc>Simulates the user pressing key(s) to an element or on the active browser.</doc>
<status status="PASS" start="2025-04-17T00:13:04.650585" elapsed="0.434098"/>
</kw>
<arg>${Password_Locator}</arg>
<status status="PASS" start="2025-04-17T00:13:04.368524" elapsed="0.716159"/>
</kw>
<doc>SignUp with name blank</doc>
<status status="PASS" start="2025-04-17T00:13:03.264275" elapsed="1.821408"/>
</test>
<test id="s1-t3" name="SignUp failed when email field is left blank" line="47">
<kw name="Wait Until Element Is Visible" owner="SeleniumLibrary">
<arg>${Email_Locator}</arg>
<arg>${TimeOut}</arg>
<doc>Waits until the element ``locator`` is visible.</doc>
<status status="PASS" start="2025-04-17T00:13:05.086683" elapsed="0.028007"/>
</kw>
<kw name="Input Text" owner="SeleniumLibrary">
<msg time="2025-04-17T00:13:05.115690" level="INFO">Typing text 'thaontt_23' into text field '//input[@placeholder='Họ tên']'.</msg>
<arg>${Name_Locator}</arg>
<arg>thaontt_23</arg>
<doc>Types the given ``text`` into the text field identified by ``locator``.</doc>
<status status="PASS" start="2025-04-17T00:13:05.115690" elapsed="0.082020"/>
</kw>
<kw name="Input Text" owner="SeleniumLibrary">
<msg time="2025-04-17T00:13:05.198710" level="INFO">Typing text '' into text field '//input[@type='email']'.</msg>
<arg>${Email_Locator}</arg>
<arg>${EMPTY}</arg>
<doc>Types the given ``text`` into the text field identified by ``locator``.</doc>
<status status="PASS" start="2025-04-17T00:13:05.197710" elapsed="0.060020"/>
</kw>
<kw name="Input Text" owner="SeleniumLibrary">
<msg time="2025-04-17T00:13:05.258723" level="INFO">Typing text 'thao2702@' into text field '//input[@type='password']'.</msg>
<arg>${Password_Locator}</arg>
<arg>thao2702@</arg>
<doc>Types the given ``text`` into the text field identified by ``locator``.</doc>
<status status="PASS" start="2025-04-17T00:13:05.258723" elapsed="0.080027"/>
</kw>
<kw name="Wait Until Element Is Visible" owner="SeleniumLibrary">
<arg>${Message_Blank_Email}</arg>
<arg>${TimeOut}</arg>
<doc>Waits until the element ``locator`` is visible.</doc>
<status status="PASS" start="2025-04-17T00:13:05.339749" elapsed="0.057005"/>
</kw>
<kw name="Clear Text" owner="Utils">
<kw name="Click Element" owner="SeleniumLibrary">
<msg time="2025-04-17T00:13:05.398755" level="INFO">Clicking element '//input[@placeholder='Họ tên']'.</msg>
<arg>${Clear_element}</arg>
<doc>Click the element identified by ``locator``.</doc>
<status status="PASS" start="2025-04-17T00:13:05.398755" elapsed="0.361081"/>
</kw>
<kw name="Press Keys" owner="SeleniumLibrary">
<msg time="2025-04-17T00:13:05.760836" level="INFO">Sending key(s) ('CTRL+a', 'BACKSPACE') to //input[@placeholder='Họ tên'] element.</msg>
<msg time="2025-04-17T00:13:06.109916" level="INFO">Pressing special key CONTROL down.</msg>
<msg time="2025-04-17T00:13:06.109916" level="INFO">Sending key a</msg>
<msg time="2025-04-17T00:13:06.109916" level="INFO">Releasing special key CONTROL.</msg>
<msg time="2025-04-17T00:13:06.153924" level="INFO">Pressing special key BACKSPACE to element.</msg>
<msg time="2025-04-17T00:13:06.153924" level="INFO">Releasing special key BACKSPACE.</msg>
<arg>${Clear_element}</arg>
<arg>CTRL+a</arg>
<arg>BACKSPACE</arg>
<doc>Simulates the user pressing key(s) to an element or on the active browser.</doc>
<status status="PASS" start="2025-04-17T00:13:05.759836" elapsed="0.423095"/>
</kw>
<arg>${Name_Locator}</arg>
<status status="PASS" start="2025-04-17T00:13:05.397754" elapsed="0.786176"/>
</kw>
<kw name="Clear Text" owner="Utils">
<kw name="Click Element" owner="SeleniumLibrary">
<msg time="2025-04-17T00:13:06.184930" level="INFO">Clicking element '//input[@type='password']'.</msg>
<arg>${Clear_element}</arg>
<doc>Click the element identified by ``locator``.</doc>
<status status="PASS" start="2025-04-17T00:13:06.183930" elapsed="0.294065"/>
</kw>
<kw name="Press Keys" owner="SeleniumLibrary">
<msg time="2025-04-17T00:13:06.478997" level="INFO">Sending key(s) ('CTRL+a', 'BACKSPACE') to //input[@type='password'] element.</msg>
<msg time="2025-04-17T00:13:06.829076" level="INFO">Pressing special key CONTROL down.</msg>
<msg time="2025-04-17T00:13:06.829076" level="INFO">Sending key a</msg>
<msg time="2025-04-17T00:13:06.829076" level="INFO">Releasing special key CONTROL.</msg>
<msg time="2025-04-17T00:13:06.863082" level="INFO">Pressing special key BACKSPACE to element.</msg>
<msg time="2025-04-17T00:13:06.863082" level="INFO">Releasing special key BACKSPACE.</msg>
<arg>${Clear_element}</arg>
<arg>CTRL+a</arg>
<arg>BACKSPACE</arg>
<doc>Simulates the user pressing key(s) to an element or on the active browser.</doc>
<status status="PASS" start="2025-04-17T00:13:06.477995" elapsed="0.392088"/>
</kw>
<arg>${Password_Locator}</arg>
<status status="PASS" start="2025-04-17T00:13:06.183930" elapsed="0.686153"/>
</kw>
<doc>SignUp with email blank</doc>
<status status="PASS" start="2025-04-17T00:13:05.086683" elapsed="1.783400"/>
</test>
<test id="s1-t4" name="SignUp failed when password field is left blank" line="57">
<kw name="Wait Until Element Is Visible" owner="SeleniumLibrary">
<arg>${Email_Locator}</arg>
<arg>${TimeOut}</arg>
<doc>Waits until the element ``locator`` is visible.</doc>
<status status="PASS" start="2025-04-17T00:13:06.872083" elapsed="0.027007"/>
</kw>
<kw name="Input Text" owner="SeleniumLibrary">
<msg time="2025-04-17T00:13:06.900090" level="INFO">Typing text 'thaontt_23' into text field '//input[@placeholder='Họ tên']'.</msg>
<arg>${Name_Locator}</arg>
<arg>thaontt_23</arg>
<doc>Types the given ``text`` into the text field identified by ``locator``.</doc>
<status status="PASS" start="2025-04-17T00:13:06.900090" elapsed="0.085020"/>
</kw>
<kw name="Input Text" owner="SeleniumLibrary">
<msg time="2025-04-17T00:13:06.986109" level="INFO">Typing text 'thaontt.23@gmail.com' into text field '//input[@type='email']'.</msg>
<arg>${Email_Locator}</arg>
<arg>thaontt.23@gmail.com</arg>
<doc>Types the given ``text`` into the text field identified by ``locator``.</doc>
<status status="PASS" start="2025-04-17T00:13:06.986109" elapsed="0.088022"/>
</kw>
<kw name="Input Text" owner="SeleniumLibrary">
<msg time="2025-04-17T00:13:07.075137" level="INFO">Typing text '' into text field '//input[@type='password']'.</msg>
<arg>${Password_Locator}</arg>
<arg>${EMPTY}</arg>
<doc>Types the given ``text`` into the text field identified by ``locator``.</doc>
<status status="PASS" start="2025-04-17T00:13:07.074131" elapsed="0.069014"/>
</kw>
<kw name="Wait Until Element Is Visible" owner="SeleniumLibrary">
<arg>${Message_Blank_Password}</arg>
<arg>${TimeOut}</arg>
<doc>Waits until the element ``locator`` is visible.</doc>
<status status="PASS" start="2025-04-17T00:13:07.144145" elapsed="0.020012"/>
</kw>
<kw name="Clear Text" owner="Utils">
<kw name="Click Element" owner="SeleniumLibrary">
<msg time="2025-04-17T00:13:07.165157" level="INFO">Clicking element '//input[@placeholder='Họ tên']'.</msg>
<arg>${Clear_element}</arg>
<doc>Click the element identified by ``locator``.</doc>
<status status="PASS" start="2025-04-17T00:13:07.164157" elapsed="0.061016"/>
</kw>
<kw name="Press Keys" owner="SeleniumLibrary">
<msg time="2025-04-17T00:13:07.226164" level="INFO">Sending key(s) ('CTRL+a', 'BACKSPACE') to //input[@placeholder='Họ tên'] element.</msg>
<msg time="2025-04-17T00:13:07.499226" level="INFO">Pressing special key CONTROL down.</msg>
<msg time="2025-04-17T00:13:07.499226" level="INFO">Sending key a</msg>
<msg time="2025-04-17T00:13:07.499226" level="INFO">Releasing special key CONTROL.</msg>
<msg time="2025-04-17T00:13:07.506228" level="INFO">Pressing special key BACKSPACE to element.</msg>
<msg time="2025-04-17T00:13:07.506228" level="INFO">Releasing special key BACKSPACE.</msg>
<arg>${Clear_element}</arg>
<arg>CTRL+a</arg>
<arg>BACKSPACE</arg>
<doc>Simulates the user pressing key(s) to an element or on the active browser.</doc>
<status status="PASS" start="2025-04-17T00:13:07.225173" elapsed="0.289056"/>
</kw>
<arg>${Name_Locator}</arg>
<status status="PASS" start="2025-04-17T00:13:07.164157" elapsed="0.350072"/>
</kw>
<kw name="Clear Text" owner="Utils">
<kw name="Click Element" owner="SeleniumLibrary">
<msg time="2025-04-17T00:13:07.515228" level="INFO">Clicking element '//input[@type='email']'.</msg>
<arg>${Clear_element}</arg>
<doc>Click the element identified by ``locator``.</doc>
<status status="PASS" start="2025-04-17T00:13:07.515228" elapsed="0.063020"/>
</kw>
<kw name="Press Keys" owner="SeleniumLibrary">
<msg time="2025-04-17T00:13:07.579243" level="INFO">Sending key(s) ('CTRL+a', 'BACKSPACE') to //input[@type='email'] element.</msg>
<msg time="2025-04-17T00:13:07.851817" level="INFO">Pressing special key CONTROL down.</msg>
<msg time="2025-04-17T00:13:07.851817" level="INFO">Sending key a</msg>
<msg time="2025-04-17T00:13:07.851817" level="INFO">Releasing special key CONTROL.</msg>
<msg time="2025-04-17T00:13:07.858819" level="INFO">Pressing special key BACKSPACE to element.</msg>
<msg time="2025-04-17T00:13:07.858819" level="INFO">Releasing special key BACKSPACE.</msg>
<arg>${Clear_element}</arg>
<arg>CTRL+a</arg>
<arg>BACKSPACE</arg>
<doc>Simulates the user pressing key(s) to an element or on the active browser.</doc>
<status status="PASS" start="2025-04-17T00:13:07.578248" elapsed="0.289571"/>
</kw>
<arg>${Email_Locator}</arg>
<status status="PASS" start="2025-04-17T00:13:07.515228" elapsed="0.352591"/>
</kw>
<doc>SignUp with password blank</doc>
<status status="PASS" start="2025-04-17T00:13:06.871084" elapsed="0.996735"/>
</test>
<test id="s1-t5" name="SignUp success when valid fields are entered" line="67">
<kw name="Generate Random String" owner="String">
<msg time="2025-04-17T00:13:07.869819" level="INFO">${SignUp_Random} = 812</msg>
<var>${SignUp_Random}</var>
<arg>3</arg>
<arg>1234567890</arg>
<doc>Generates a string with a desired ``length`` from the given ``chars``.</doc>
<status status="PASS" start="2025-04-17T00:13:07.869819" elapsed="0.000000"/>
</kw>
<kw name="SignUp Web Haui Food" owner="SignUp">
<kw name="Maximize Browser Window" owner="SeleniumLibrary">
<doc>Maximizes current browser window.</doc>
<status status="PASS" start="2025-04-17T00:13:07.870819" elapsed="0.003011"/>
</kw>
<kw name="Execute Javascript" owner="SeleniumLibrary">
<msg time="2025-04-17T00:13:07.873830" level="INFO">Executing JavaScript:
document.body.style.zoom = '0.8';
Without any arguments.</msg>
<arg>document.body.style.zoom = '0.8';</arg>
<doc>Executes the given JavaScript code with possible arguments.</doc>
<status status="PASS" start="2025-04-17T00:13:07.873830" elapsed="0.007993"/>
</kw>
<kw name="Wait Until Element Is Visible" owner="SeleniumLibrary">
<arg>${Email_Locator}</arg>
<arg>60s</arg>
<doc>Waits until the element ``locator`` is visible.</doc>
<status status="PASS" start="2025-04-17T00:13:07.881823" elapsed="0.015006"/>
</kw>
<kw name="Input Text" owner="SeleniumLibrary">
<msg time="2025-04-17T00:13:07.897827" level="INFO">Typing text 'Thaontt_812' into text field '//input[@placeholder='Họ tên']'.</msg>
<arg>${Name_Locator}</arg>
<arg>${Name}</arg>
<doc>Types the given ``text`` into the text field identified by ``locator``.</doc>
<status status="PASS" start="2025-04-17T00:13:07.896829" elapsed="0.092018"/>
</kw>
<kw name="Input Text" owner="SeleniumLibrary">
<msg time="2025-04-17T00:13:07.989846" level="INFO">Typing text 'thaontt.812@gmail.com' into text field '//input[@type='email']'.</msg>
<arg>${Email_Locator}</arg>
<arg>${Email}</arg>
<doc>Types the given ``text`` into the text field identified by ``locator``.</doc>
<status status="PASS" start="2025-04-17T00:13:07.988847" elapsed="0.101024"/>
</kw>
<kw name="Input Text" owner="SeleniumLibrary">
<msg time="2025-04-17T00:13:08.089871" level="INFO">Typing text 'thao2702@' into text field '//input[@type='password']'.</msg>
<arg>${Password_Locator}</arg>
<arg>${Password}</arg>
<doc>Types the given ``text`` into the text field identified by ``locator``.</doc>
<status status="PASS" start="2025-04-17T00:13:08.089871" elapsed="0.079024"/>
</kw>
<kw name="Click Button" owner="SeleniumLibrary">
<msg time="2025-04-17T00:13:08.168895" level="INFO">Clicking button '(//button)[1]'.</msg>
<arg>${Button_SignUp}</arg>
<doc>Clicks the button identified by ``locator``.</doc>
<status status="PASS" start="2025-04-17T00:13:08.168895" elapsed="0.387079"/>
</kw>
<arg>Thaontt_${SignUp_Random}</arg>
<arg>thaontt.${SignUp_Random}@gmail.com</arg>
<arg>thao2702@</arg>
<status status="PASS" start="2025-04-17T00:13:07.869819" elapsed="0.686155"/>
</kw>
<kw name="Wait Until Element Is Visible" owner="SeleniumLibrary">
<arg>${Message_SignUp_Success}</arg>
<arg>${TimeOut}</arg>
<doc>Waits until the element ``locator`` is visible.</doc>
<status status="PASS" start="2025-04-17T00:13:08.555974" elapsed="1.016227"/>
</kw>
<kw name="Sleep" owner="BuiltIn">
<msg time="2025-04-17T00:13:14.572366" level="INFO">Slept 5 seconds.</msg>
<arg>5s</arg>
<doc>Pauses the test executed for the given time.</doc>
<status status="PASS" start="2025-04-17T00:13:09.572201" elapsed="5.000165"/>
</kw>
<doc>SignUp with valid information</doc>
<status status="PASS" start="2025-04-17T00:13:07.868819" elapsed="6.703547"/>
</test>
<status status="PASS" start="2025-04-17T00:12:55.836105" elapsed="18.739248"/>
</suite>
<statistics>
<total>
<stat pass="5" fail="0" skip="0">All Tests</stat>
</total>
<tag>
</tag>
<suite>
<stat pass="5" fail="0" skip="0" id="s1" name="09 SignUp">09 SignUp</stat>
</suite>
</statistics>
<errors>
</errors>
</robot>
