<?xml version="1.0" encoding="UTF-8"?>
<robot generator="Robot 7.0.1 (Python 3.12.4 on win32)" generated="2025-04-15T23:56:09.556546" rpa="false" schemaversion="5">
<suite id="s1" name="01 SignIn" source="D:\Downloads\Đồ Án Tốt Nghiệp_Thảo\HAUI_Food\TestCase\01_SignIn.robot">
<kw name="Open Browser" owner="SeleniumLibrary" type="SETUP">
<msg time="2025-04-15T23:56:09.831607" level="INFO">Opening browser 'chrome' to base url 'https://hauifood.vn/auth/login'.</msg>
<arg>${URL}</arg>
<arg>${BROWSER}</arg>
<doc>Opens a new browser instance to the optional ``url``.</doc>
<status status="PASS" start="2025-04-15T23:56:09.831607" elapsed="1.997299"/>
</kw>
<test id="s1-t1" name="Login failed when entering wrong email" line="20">
<kw name="Login Web Haui Food" owner="SignIn">
<kw name="Maximize Browser Window" owner="SeleniumLibrary">
<doc>Maximizes current browser window.</doc>
<status status="PASS" start="2025-04-15T23:56:11.831906" elapsed="0.062017"/>
</kw>
<kw name="Execute Javascript" owner="SeleniumLibrary">
<msg time="2025-04-15T23:56:11.895921" level="INFO">Executing JavaScript:
document.body.style.zoom = '0.8';
Without any arguments.</msg>
<arg>document.body.style.zoom = '0.8';</arg>
<doc>Executes the given JavaScript code with possible arguments.</doc>
<status status="PASS" start="2025-04-15T23:56:11.894924" elapsed="0.022002"/>
</kw>
<kw name="Wait Until Element Is Visible" owner="SeleniumLibrary">
<arg>${Email_Locator}</arg>
<arg>3s</arg>
<doc>Waits until the element ``locator`` is visible.</doc>
<status status="PASS" start="2025-04-15T23:56:11.917926" elapsed="0.909901"/>
</kw>
<kw name="Input Text" owner="SeleniumLibrary">
<msg time="2025-04-15T23:56:12.828824" level="INFO">Typing text 'thaontt453@gmail.com' into text field '//div//input[@type='email']'.</msg>
<arg>${Email_Locator}</arg>
<arg>${Email}</arg>
<doc>Types the given ``text`` into the text field identified by ``locator``.</doc>
<status status="PASS" start="2025-04-15T23:56:12.827827" elapsed="0.164036"/>
</kw>
<kw name="Input Text" owner="SeleniumLibrary">
<msg time="2025-04-15T23:56:12.992860" level="INFO">Typing text 'thao2702@' into text field '//div//input[@type='password']'.</msg>
<arg>${Password_Locator}</arg>
<arg>${Password}</arg>
<doc>Types the given ``text`` into the text field identified by ``locator``.</doc>
<status status="PASS" start="2025-04-15T23:56:12.991863" elapsed="0.114025"/>
</kw>
<kw name="Click Button" owner="SeleniumLibrary">
<msg time="2025-04-15T23:56:13.105888" level="INFO">Clicking button '(//div//button)[1]'.</msg>
<arg>${Button_SignIn}</arg>
<doc>Clicks the button identified by ``locator``.</doc>
<status status="PASS" start="2025-04-15T23:56:13.105888" elapsed="0.094018"/>
</kw>
<arg>thaontt453@gmail.com</arg>
<arg>thao2702@</arg>
<status status="PASS" start="2025-04-15T23:56:11.831906" elapsed="1.368000"/>
</kw>
<kw name="Click Button" owner="SeleniumLibrary">
<msg time="2025-04-15T23:56:13.200907" level="INFO">Clicking button '(//div//button)[1]'.</msg>
<arg>${Button_SignIn}</arg>
<doc>Clicks the button identified by ``locator``.</doc>
<status status="PASS" start="2025-04-15T23:56:13.199906" elapsed="0.232052"/>
</kw>
<kw name="Wait Until Element Is Visible" owner="SeleniumLibrary">
<arg>${Message_Error_SignIn}</arg>
<arg>${TimeOut}</arg>
<doc>Waits until the element ``locator`` is visible.</doc>
<status status="PASS" start="2025-04-15T23:56:13.432958" elapsed="0.245205"/>
</kw>
<kw name="Click Element" owner="SeleniumLibrary">
<msg time="2025-04-15T23:56:13.679162" level="INFO">Clicking element '//button[@aria-label='close']'.</msg>
<arg>${Button_close_alert}</arg>
<doc>Click the element identified by ``locator``.</doc>
<status status="PASS" start="2025-04-15T23:56:13.678163" elapsed="0.087019"/>
</kw>
<kw name="Clear Text" owner="Utils">
<kw name="Click Element" owner="SeleniumLibrary">
<msg time="2025-04-15T23:56:13.766181" level="INFO">Clicking element '//div//input[@type='email']'.</msg>
<arg>${Clear_element}</arg>
<doc>Click the element identified by ``locator``.</doc>
<status status="PASS" start="2025-04-15T23:56:13.766181" elapsed="0.079018"/>
</kw>
<kw name="Press Keys" owner="SeleniumLibrary">
<msg time="2025-04-15T23:56:13.846199" level="INFO">Sending key(s) ('CTRL+a', 'BACKSPACE') to //div//input[@type='email'] element.</msg>
<msg time="2025-04-15T23:56:14.148453" level="INFO">Pressing special key CONTROL down.</msg>
<msg time="2025-04-15T23:56:14.148453" level="INFO">Sending key a</msg>
<msg time="2025-04-15T23:56:14.148453" level="INFO">Releasing special key CONTROL.</msg>
<msg time="2025-04-15T23:56:14.155456" level="INFO">Pressing special key BACKSPACE to element.</msg>
<msg time="2025-04-15T23:56:14.155456" level="INFO">Releasing special key BACKSPACE.</msg>
<arg>${Clear_element}</arg>
<arg>CTRL+a</arg>
<arg>BACKSPACE</arg>
<doc>Simulates the user pressing key(s) to an element or on the active browser.</doc>
<status status="PASS" start="2025-04-15T23:56:13.846199" elapsed="0.315258"/>
</kw>
<arg>${Email_Locator}</arg>
<status status="PASS" start="2025-04-15T23:56:13.765182" elapsed="0.396275"/>
</kw>
<kw name="Clear Text" owner="Utils">
<kw name="Click Element" owner="SeleniumLibrary">
<msg time="2025-04-15T23:56:14.162456" level="INFO">Clicking element '//div//input[@type='password']'.</msg>
<arg>${Clear_element}</arg>
<doc>Click the element identified by ``locator``.</doc>
<status status="PASS" start="2025-04-15T23:56:14.162456" elapsed="0.057015"/>
</kw>
<kw name="Press Keys" owner="SeleniumLibrary">
<msg time="2025-04-15T23:56:14.220469" level="INFO">Sending key(s) ('CTRL+a', 'BACKSPACE') to //div//input[@type='password'] element.</msg>
<msg time="2025-04-15T23:56:14.495538" level="INFO">Pressing special key CONTROL down.</msg>
<msg time="2025-04-15T23:56:14.495538" level="INFO">Sending key a</msg>
<msg time="2025-04-15T23:56:14.495538" level="INFO">Releasing special key CONTROL.</msg>
<msg time="2025-04-15T23:56:14.504540" level="INFO">Pressing special key BACKSPACE to element.</msg>
<msg time="2025-04-15T23:56:14.505544" level="INFO">Releasing special key BACKSPACE.</msg>
<arg>${Clear_element}</arg>
<arg>CTRL+a</arg>
<arg>BACKSPACE</arg>
<doc>Simulates the user pressing key(s) to an element or on the active browser.</doc>
<status status="PASS" start="2025-04-15T23:56:14.219471" elapsed="0.293070"/>
</kw>
<arg>${Password_Locator}</arg>
<status status="PASS" start="2025-04-15T23:56:14.161457" elapsed="0.351084"/>
</kw>
<doc>Login with invalid email</doc>
<status status="PASS" start="2025-04-15T23:56:11.828906" elapsed="2.684637"/>
</test>
<test id="s1-t2" name="Login failed when entering wrong password" line="29">
<kw name="Login Web Haui Food" owner="SignIn">
<kw name="Maximize Browser Window" owner="SeleniumLibrary">
<doc>Maximizes current browser window.</doc>
<status status="PASS" start="2025-04-15T23:56:14.514541" elapsed="0.003001"/>
</kw>
<kw name="Execute Javascript" owner="SeleniumLibrary">
<msg time="2025-04-15T23:56:14.518542" level="INFO">Executing JavaScript:
document.body.style.zoom = '0.8';
Without any arguments.</msg>
<arg>document.body.style.zoom = '0.8';</arg>
<doc>Executes the given JavaScript code with possible arguments.</doc>
<status status="PASS" start="2025-04-15T23:56:14.517542" elapsed="0.008003"/>
</kw>
<kw name="Wait Until Element Is Visible" owner="SeleniumLibrary">
<arg>${Email_Locator}</arg>
<arg>3s</arg>
<doc>Waits until the element ``locator`` is visible.</doc>
<status status="PASS" start="2025-04-15T23:56:14.525545" elapsed="0.020004"/>
</kw>
<kw name="Input Text" owner="SeleniumLibrary">
<msg time="2025-04-15T23:56:14.545549" level="INFO">Typing text 'thanhthaongo845@gmail.com' into text field '//div//input[@type='email']'.</msg>
<arg>${Email_Locator}</arg>
<arg>${Email}</arg>
<doc>Types the given ``text`` into the text field identified by ``locator``.</doc>
<status status="PASS" start="2025-04-15T23:56:14.545549" elapsed="0.119027"/>
</kw>
<kw name="Input Text" owner="SeleniumLibrary">
<msg time="2025-04-15T23:56:14.664576" level="INFO">Typing text 'thao27076@@' into text field '//div//input[@type='password']'.</msg>
<arg>${Password_Locator}</arg>
<arg>${Password}</arg>
<doc>Types the given ``text`` into the text field identified by ``locator``.</doc>
<status status="PASS" start="2025-04-15T23:56:14.664576" elapsed="0.088020"/>
</kw>
<kw name="Click Button" owner="SeleniumLibrary">
<msg time="2025-04-15T23:56:14.753595" level="INFO">Clicking button '(//div//button)[1]'.</msg>
<arg>${Button_SignIn}</arg>
<doc>Clicks the button identified by ``locator``.</doc>
<status status="PASS" start="2025-04-15T23:56:14.752596" elapsed="0.058013"/>
</kw>
<arg>thanhthaongo845@gmail.com</arg>
<arg>thao27076@@</arg>
<status status="PASS" start="2025-04-15T23:56:14.514541" elapsed="0.296068"/>
</kw>
<kw name="Click Button" owner="SeleniumLibrary">
<msg time="2025-04-15T23:56:14.811608" level="INFO">Clicking button '(//div//button)[1]'.</msg>
<arg>${Button_SignIn}</arg>
<doc>Clicks the button identified by ``locator``.</doc>
<status status="PASS" start="2025-04-15T23:56:14.810609" elapsed="0.323929"/>
</kw>
<kw name="Wait Until Element Is Visible" owner="SeleniumLibrary">
<arg>${Message_Error_SignIn}</arg>
<arg>5s</arg>
<doc>Waits until the element ``locator`` is visible.</doc>
<status status="PASS" start="2025-04-15T23:56:15.135539" elapsed="0.012001"/>
</kw>
<kw name="Click Element" owner="SeleniumLibrary">
<msg time="2025-04-15T23:56:15.148541" level="INFO">Clicking element '//button[@aria-label='close']'.</msg>
<arg>${Button_close_alert}</arg>
<doc>Click the element identified by ``locator``.</doc>
<status status="PASS" start="2025-04-15T23:56:15.148541" elapsed="0.049011"/>
</kw>
<kw name="Clear Text" owner="Utils">
<kw name="Click Element" owner="SeleniumLibrary">
<msg time="2025-04-15T23:56:15.198551" level="INFO">Clicking element '//div//input[@type='email']'.</msg>
<arg>${Clear_element}</arg>
<doc>Click the element identified by ``locator``.</doc>
<status status="PASS" start="2025-04-15T23:56:15.197552" elapsed="0.076019"/>
</kw>
<kw name="Press Keys" owner="SeleniumLibrary">
<msg time="2025-04-15T23:56:15.274570" level="INFO">Sending key(s) ('CTRL+a', 'BACKSPACE') to //div//input[@type='email'] element.</msg>
<msg time="2025-04-15T23:56:15.568352" level="INFO">Pressing special key CONTROL down.</msg>
<msg time="2025-04-15T23:56:15.568352" level="INFO">Sending key a</msg>
<msg time="2025-04-15T23:56:15.568352" level="INFO">Releasing special key CONTROL.</msg>
<msg time="2025-04-15T23:56:15.577352" level="INFO">Pressing special key BACKSPACE to element.</msg>
<msg time="2025-04-15T23:56:15.577352" level="INFO">Releasing special key BACKSPACE.</msg>
<arg>${Clear_element}</arg>
<arg>CTRL+a</arg>
<arg>BACKSPACE</arg>
<doc>Simulates the user pressing key(s) to an element or on the active browser.</doc>
<status status="PASS" start="2025-04-15T23:56:15.273571" elapsed="0.314784"/>
</kw>
<arg>${Email_Locator}</arg>
<status status="PASS" start="2025-04-15T23:56:15.197552" elapsed="0.390803"/>
</kw>
<kw name="Clear Text" owner="Utils">
<kw name="Click Element" owner="SeleniumLibrary">
<msg time="2025-04-15T23:56:15.589356" level="INFO">Clicking element '//div//input[@type='password']'.</msg>
<arg>${Clear_element}</arg>
<doc>Click the element identified by ``locator``.</doc>
<status status="PASS" start="2025-04-15T23:56:15.589356" elapsed="0.087019"/>
</kw>
<kw name="Press Keys" owner="SeleniumLibrary">
<msg time="2025-04-15T23:56:15.677375" level="INFO">Sending key(s) ('CTRL+a', 'BACKSPACE') to //div//input[@type='password'] element.</msg>
<msg time="2025-04-15T23:56:15.959932" level="INFO">Pressing special key CONTROL down.</msg>
<msg time="2025-04-15T23:56:15.959932" level="INFO">Sending key a</msg>
<msg time="2025-04-15T23:56:15.959932" level="INFO">Releasing special key CONTROL.</msg>
<msg time="2025-04-15T23:56:15.965934" level="INFO">Pressing special key BACKSPACE to element.</msg>
<msg time="2025-04-15T23:56:15.965934" level="INFO">Releasing special key BACKSPACE.</msg>
<arg>${Clear_element}</arg>
<arg>CTRL+a</arg>
<arg>BACKSPACE</arg>
<doc>Simulates the user pressing key(s) to an element or on the active browser.</doc>
<status status="PASS" start="2025-04-15T23:56:15.676375" elapsed="0.302561"/>
</kw>
<arg>${Password_Locator}</arg>
<status status="PASS" start="2025-04-15T23:56:15.589356" elapsed="0.389580"/>
</kw>
<doc>Login with invalid password</doc>
<status status="PASS" start="2025-04-15T23:56:14.514541" elapsed="1.464395"/>
</test>
<test id="s1-t3" name="Login failed when email field is left blank" line="39">
<kw name="Wait Until Element Is Visible" owner="SeleniumLibrary">
<arg>${Email_Locator}</arg>
<arg>3s</arg>
<doc>Waits until the element ``locator`` is visible.</doc>
<status status="PASS" start="2025-04-15T23:56:15.980937" elapsed="0.018003"/>
</kw>
<kw name="Input Text" owner="SeleniumLibrary">
<msg time="2025-04-15T23:56:15.999941" level="INFO">Typing text '' into text field '//div//input[@type='email']'.</msg>
<arg>${Email_Locator}</arg>
<arg>${EMPTY}</arg>
<doc>Types the given ``text`` into the text field identified by ``locator``.</doc>
<status status="PASS" start="2025-04-15T23:56:15.998940" elapsed="0.079023"/>
</kw>
<kw name="Input Text" owner="SeleniumLibrary">
<msg time="2025-04-15T23:56:16.078960" level="INFO">Typing text 'thao2702@' into text field '//div//input[@type='password']'.</msg>
<arg>${Password_Locator}</arg>
<arg>thao2702@</arg>
<doc>Types the given ``text`` into the text field identified by ``locator``.</doc>
<status status="PASS" start="2025-04-15T23:56:16.077963" elapsed="0.089017"/>
</kw>
<kw name="Wait Until Element Is Visible" owner="SeleniumLibrary">
<arg>${Message_error_MissEmail}</arg>
<arg>3s</arg>
<doc>Waits until the element ``locator`` is visible.</doc>
<status status="PASS" start="2025-04-15T23:56:16.167979" elapsed="0.019005"/>
</kw>
<kw name="Clear Text" owner="Utils">
<kw name="Click Element" owner="SeleniumLibrary">
<msg time="2025-04-15T23:56:16.187984" level="INFO">Clicking element '//div//input[@type='password']'.</msg>
<arg>${Clear_element}</arg>
<doc>Click the element identified by ``locator``.</doc>
<status status="PASS" start="2025-04-15T23:56:16.187984" elapsed="0.052010"/>
</kw>
<kw name="Press Keys" owner="SeleniumLibrary">
<msg time="2025-04-15T23:56:16.240996" level="INFO">Sending key(s) ('CTRL+a', 'BACKSPACE') to //div//input[@type='password'] element.</msg>
<msg time="2025-04-15T23:56:16.521497" level="INFO">Pressing special key CONTROL down.</msg>
<msg time="2025-04-15T23:56:16.521497" level="INFO">Sending key a</msg>
<msg time="2025-04-15T23:56:16.521497" level="INFO">Releasing special key CONTROL.</msg>
<msg time="2025-04-15T23:56:16.526497" level="INFO">Pressing special key BACKSPACE to element.</msg>
<msg time="2025-04-15T23:56:16.526497" level="INFO">Releasing special key BACKSPACE.</msg>
<arg>${Clear_element}</arg>
<arg>CTRL+a</arg>
<arg>BACKSPACE</arg>
<doc>Simulates the user pressing key(s) to an element or on the active browser.</doc>
<status status="PASS" start="2025-04-15T23:56:16.239994" elapsed="0.292504"/>
</kw>
<arg>${Password_Locator}</arg>
<status status="PASS" start="2025-04-15T23:56:16.187984" elapsed="0.344514"/>
</kw>
<doc>Login with email blank</doc>
<status status="PASS" start="2025-04-15T23:56:15.979936" elapsed="0.552562"/>
</test>
<test id="s1-t4" name="Login failed when password field is left blank" line="47">
<kw name="Wait Until Element Is Visible" owner="SeleniumLibrary">
<arg>${Email_Locator}</arg>
<arg>3s</arg>
<doc>Waits until the element ``locator`` is visible.</doc>
<status status="PASS" start="2025-04-15T23:56:16.533499" elapsed="0.015003"/>
</kw>
<kw name="Input Text" owner="SeleniumLibrary">
<msg time="2025-04-15T23:56:16.548502" level="INFO">Typing text 'thanhthaongo845@gmail.com' into text field '//div//input[@type='email']'.</msg>
<arg>${Email_Locator}</arg>
<arg>thanhthaongo845@gmail.com</arg>
<doc>Types the given ``text`` into the text field identified by ``locator``.</doc>
<status status="PASS" start="2025-04-15T23:56:16.548502" elapsed="0.112026"/>
</kw>
<kw name="Input Text" owner="SeleniumLibrary">
<msg time="2025-04-15T23:56:16.662527" level="INFO">Typing text '' into text field '//div//input[@type='password']'.</msg>
<arg>${Password_Locator}</arg>
<arg>${EMPTY}</arg>
<doc>Types the given ``text`` into the text field identified by ``locator``.</doc>
<status status="PASS" start="2025-04-15T23:56:16.661528" elapsed="0.066014"/>
</kw>
<kw name="Wait Until Element Is Visible" owner="SeleniumLibrary">
<arg>${Message_error_MissPassword}</arg>
<arg>3s</arg>
<doc>Waits until the element ``locator`` is visible.</doc>
<status status="PASS" start="2025-04-15T23:56:16.728543" elapsed="0.017003"/>
</kw>
<kw name="Clear Text" owner="Utils">
<kw name="Click Element" owner="SeleniumLibrary">
<msg time="2025-04-15T23:56:16.746547" level="INFO">Clicking element '//div//input[@type='email']'.</msg>
<arg>${Clear_element}</arg>
<doc>Click the element identified by ``locator``.</doc>
<status status="PASS" start="2025-04-15T23:56:16.746547" elapsed="0.052012"/>
</kw>
<kw name="Press Keys" owner="SeleniumLibrary">
<msg time="2025-04-15T23:56:16.799559" level="INFO">Sending key(s) ('CTRL+a', 'BACKSPACE') to //div//input[@type='email'] element.</msg>
<msg time="2025-04-15T23:56:17.077421" level="INFO">Pressing special key CONTROL down.</msg>
<msg time="2025-04-15T23:56:17.077421" level="INFO">Sending key a</msg>
<msg time="2025-04-15T23:56:17.077421" level="INFO">Releasing special key CONTROL.</msg>
<msg time="2025-04-15T23:56:17.086424" level="INFO">Pressing special key BACKSPACE to element.</msg>
<msg time="2025-04-15T23:56:17.086424" level="INFO">Releasing special key BACKSPACE.</msg>
<arg>${Clear_element}</arg>
<arg>CTRL+a</arg>
<arg>BACKSPACE</arg>
<doc>Simulates the user pressing key(s) to an element or on the active browser.</doc>
<status status="PASS" start="2025-04-15T23:56:16.798559" elapsed="0.295866"/>
</kw>
<arg>${Email_Locator}</arg>
<status status="PASS" start="2025-04-15T23:56:16.745546" elapsed="0.348879"/>
</kw>
<doc>Login with password blank</doc>
<status status="PASS" start="2025-04-15T23:56:16.533499" elapsed="0.560926"/>
</test>
<test id="s1-t5" name="Login Success when valid fields are entered" line="56">
<kw name="Login Web Haui Food" owner="SignIn">
<kw name="Maximize Browser Window" owner="SeleniumLibrary">
<doc>Maximizes current browser window.</doc>
<status status="PASS" start="2025-04-15T23:56:17.095425" elapsed="0.003001"/>
</kw>
<kw name="Execute Javascript" owner="SeleniumLibrary">
<msg time="2025-04-15T23:56:17.098426" level="INFO">Executing JavaScript:
document.body.style.zoom = '0.8';
Without any arguments.</msg>
<arg>document.body.style.zoom = '0.8';</arg>
<doc>Executes the given JavaScript code with possible arguments.</doc>
<status status="PASS" start="2025-04-15T23:56:17.098426" elapsed="0.005002"/>
</kw>
<kw name="Wait Until Element Is Visible" owner="SeleniumLibrary">
<arg>${Email_Locator}</arg>
<arg>3s</arg>
<doc>Waits until the element ``locator`` is visible.</doc>
<status status="PASS" start="2025-04-15T23:56:17.104429" elapsed="0.014003"/>
</kw>
<kw name="Input Text" owner="SeleniumLibrary">
<msg time="2025-04-15T23:56:17.119431" level="INFO">Typing text 'thaontt@gmail.com' into text field '//div//input[@type='email']'.</msg>
<arg>${Email_Locator}</arg>
<arg>${Email}</arg>
<doc>Types the given ``text`` into the text field identified by ``locator``.</doc>
<status status="PASS" start="2025-04-15T23:56:17.118432" elapsed="0.088017"/>
</kw>
<kw name="Input Text" owner="SeleniumLibrary">
<msg time="2025-04-15T23:56:17.207451" level="INFO">Typing text 'Thao2702@' into text field '//div//input[@type='password']'.</msg>
<arg>${Password_Locator}</arg>
<arg>${Password}</arg>
<doc>Types the given ``text`` into the text field identified by ``locator``.</doc>
<status status="PASS" start="2025-04-15T23:56:17.206449" elapsed="0.088023"/>
</kw>
<kw name="Click Button" owner="SeleniumLibrary">
<msg time="2025-04-15T23:56:17.295470" level="INFO">Clicking button '(//div//button)[1]'.</msg>
<arg>${Button_SignIn}</arg>
<doc>Clicks the button identified by ``locator``.</doc>
<status status="PASS" start="2025-04-15T23:56:17.295470" elapsed="0.100025"/>
</kw>
<arg>thaontt@gmail.com</arg>
<arg>Thao2702@</arg>
<status status="PASS" start="2025-04-15T23:56:17.095425" elapsed="0.300070"/>
</kw>
<kw name="Click Button" owner="SeleniumLibrary">
<msg time="2025-04-15T23:56:17.398495" level="INFO">Clicking button '(//div//button)[1]'.</msg>
<arg>${Button_SignIn}</arg>
<doc>Clicks the button identified by ``locator``.</doc>
<status status="PASS" start="2025-04-15T23:56:17.397494" elapsed="0.158034"/>
</kw>
<kw name="Wait Until Element Is Visible" owner="SeleniumLibrary">
<arg>${Message_SignIn_Success}</arg>
<arg>3s</arg>
<doc>Waits until the element ``locator`` is visible.</doc>
<status status="PASS" start="2025-04-15T23:56:17.556530" elapsed="0.708968"/>
</kw>
<kw name="Sleep" owner="BuiltIn">
<msg time="2025-04-15T23:56:23.267609" level="INFO">Slept 5 seconds.</msg>
<arg>5s</arg>
<doc>Pauses the test executed for the given time.</doc>
<status status="PASS" start="2025-04-15T23:56:18.266498" elapsed="5.001111"/>
</kw>
<doc>Login with valid information</doc>
<status status="PASS" start="2025-04-15T23:56:17.095425" elapsed="6.172184"/>
</test>
<status status="PASS" start="2025-04-15T23:56:09.558532" elapsed="13.710076"/>
</suite>
<statistics>
<total>
<stat pass="5" fail="0" skip="0">All Tests</stat>
</total>
<tag>
</tag>
<suite>
<stat pass="5" fail="0" skip="0" id="s1" name="01 SignIn">01 SignIn</stat>
</suite>
</statistics>
<errors>
</errors>
</robot>
