<?xml version="1.0" encoding="UTF-8"?>
<robot generator="Robot 7.0.1 (Python 3.12.4 on win32)" generated="2025-06-03T23:35:29.290895" rpa="false" schemaversion="5">
<suite id="s1" name="TestCase" source="D:\Downloads\DATNThao\HAUI_Food\TestCase">
<suite id="s1-s1" name="01 SignIn" source="D:\Downloads\DATNThao\HAUI_Food\TestCase\01_SignIn.robot">
<kw name="Open Browser" owner="SeleniumLibrary" type="SETUP">
<msg time="2025-06-03T23:35:29.923007" level="INFO">Opening browser 'headlesschrome' to base url 'https://hauifood.vn/auth/login'.</msg>
<arg>${URL}</arg>
<arg>headlesschrome</arg>
<doc>Opens a new browser instance to the optional ``url``.</doc>
<status status="PASS" start="2025-06-03T23:35:29.923007" elapsed="4.116354"/>
</kw>
<test id="s1-s1-t1" name="Đăng nhập không thành công khi nhập sai email" line="20">
<kw name="Login Web Haui Food" owner="SignIn">
<kw name="Maximize Browser Window" owner="SeleniumLibrary">
<doc>Maximizes current browser window.</doc>
<status status="PASS" start="2025-06-03T23:35:34.046364" elapsed="0.027004"/>
</kw>
<kw name="Execute Javascript" owner="SeleniumLibrary">
<msg time="2025-06-03T23:35:34.074370" level="INFO">Executing JavaScript:
document.body.style.zoom = '0.8';
Without any arguments.</msg>
<arg>document.body.style.zoom = '0.8';</arg>
<doc>Executes the given JavaScript code with possible arguments.</doc>
<status status="PASS" start="2025-06-03T23:35:34.073368" elapsed="0.011002"/>
</kw>
<kw name="Wait Until Element Is Visible" owner="SeleniumLibrary">
<arg>${Email_Locator}</arg>
<arg>3s</arg>
<doc>Waits until the element ``locator`` is visible.</doc>
<status status="PASS" start="2025-06-03T23:35:34.085371" elapsed="0.642950"/>
</kw>
<kw name="Input Text" owner="SeleniumLibrary">
<msg time="2025-06-03T23:35:34.728321" level="INFO">Typing text 'thaontt453@gmail.com' into text field '//div//input[@type='email']'.</msg>
<arg>${Email_Locator}</arg>
<arg>${Email}</arg>
<doc>Types the given ``text`` into the text field identified by ``locator``.</doc>
<status status="PASS" start="2025-06-03T23:35:34.728321" elapsed="0.165743"/>
</kw>
<kw name="Input Text" owner="SeleniumLibrary">
<msg time="2025-06-03T23:35:34.895063" level="INFO">Typing text 'thao2702@' into text field '//div//input[@type='password']'.</msg>
<arg>${Password_Locator}</arg>
<arg>${Password}</arg>
<doc>Types the given ``text`` into the text field identified by ``locator``.</doc>
<status status="PASS" start="2025-06-03T23:35:34.894064" elapsed="0.075773"/>
</kw>
<kw name="Click Button" owner="SeleniumLibrary">
<msg time="2025-06-03T23:35:34.970851" level="INFO">Clicking button '//div//form//div//button[@type="submit"]'.</msg>
<arg>${Button_SignIn}</arg>
<doc>Clicks the button identified by ``locator``.</doc>
<status status="PASS" start="2025-06-03T23:35:34.970851" elapsed="0.099463"/>
</kw>
<arg>thaontt453@gmail.com</arg>
<arg>thao2702@</arg>
<status status="PASS" start="2025-06-03T23:35:34.045362" elapsed="1.025963"/>
</kw>
<kw name="Click Button" owner="SeleniumLibrary">
<msg time="2025-06-03T23:35:35.071530" level="INFO">Clicking button '//div//form//div//button[@type="submit"]'.</msg>
<arg>${Button_SignIn}</arg>
<doc>Clicks the button identified by ``locator``.</doc>
<status status="PASS" start="2025-06-03T23:35:35.071530" elapsed="0.533598"/>
</kw>
<kw name="Wait Until Element Is Visible" owner="SeleniumLibrary">
<arg>${Message_Error_SignIn}</arg>
<arg>${TimeOut}</arg>
<doc>Waits until the element ``locator`` is visible.</doc>
<status status="PASS" start="2025-06-03T23:35:35.606129" elapsed="0.243056"/>
</kw>
<kw name="Clear Text" owner="Utils">
<kw name="Click Element" owner="SeleniumLibrary">
<msg time="2025-06-03T23:35:35.850185" level="INFO">Clicking element '//div//input[@type='email']'.</msg>
<arg>${Clear_element}</arg>
<doc>Click the element identified by ``locator``.</doc>
<status status="PASS" start="2025-06-03T23:35:35.850185" elapsed="0.084019"/>
</kw>
<kw name="Press Keys" owner="SeleniumLibrary">
<msg time="2025-06-03T23:35:35.935204" level="INFO">Sending key(s) ('CTRL+a', 'BACKSPACE') to //div//input[@type='email'] element.</msg>
<msg time="2025-06-03T23:35:36.220689" level="INFO">Pressing special key CONTROL down.</msg>
<msg time="2025-06-03T23:35:36.221696" level="INFO">Sending key a</msg>
<msg time="2025-06-03T23:35:36.221696" level="INFO">Releasing special key CONTROL.</msg>
<msg time="2025-06-03T23:35:36.232504" level="INFO">Pressing special key BACKSPACE to element.</msg>
<msg time="2025-06-03T23:35:36.232504" level="INFO">Releasing special key BACKSPACE.</msg>
<arg>${Clear_element}</arg>
<arg>CTRL+a</arg>
<arg>BACKSPACE</arg>
<doc>Simulates the user pressing key(s) to an element or on the active browser.</doc>
<status status="PASS" start="2025-06-03T23:35:35.934204" elapsed="0.307679"/>
</kw>
<arg>${Email_Locator}</arg>
<status status="PASS" start="2025-06-03T23:35:35.850185" elapsed="0.391698"/>
</kw>
<kw name="Clear Text" owner="Utils">
<kw name="Click Element" owner="SeleniumLibrary">
<msg time="2025-06-03T23:35:36.242884" level="INFO">Clicking element '//div//input[@type='password']'.</msg>
<arg>${Clear_element}</arg>
<doc>Click the element identified by ``locator``.</doc>
<status status="PASS" start="2025-06-03T23:35:36.242884" elapsed="0.062494"/>
</kw>
<kw name="Press Keys" owner="SeleniumLibrary">
<msg time="2025-06-03T23:35:36.306366" level="INFO">Sending key(s) ('CTRL+a', 'BACKSPACE') to //div//input[@type='password'] element.</msg>
<msg time="2025-06-03T23:35:36.582755" level="INFO">Pressing special key CONTROL down.</msg>
<msg time="2025-06-03T23:35:36.582755" level="INFO">Sending key a</msg>
<msg time="2025-06-03T23:35:36.582755" level="INFO">Releasing special key CONTROL.</msg>
<msg time="2025-06-03T23:35:36.587756" level="INFO">Pressing special key BACKSPACE to element.</msg>
<msg time="2025-06-03T23:35:36.587756" level="INFO">Releasing special key BACKSPACE.</msg>
<arg>${Clear_element}</arg>
<arg>CTRL+a</arg>
<arg>BACKSPACE</arg>
<doc>Simulates the user pressing key(s) to an element or on the active browser.</doc>
<status status="PASS" start="2025-06-03T23:35:36.305378" elapsed="0.287412"/>
</kw>
<arg>${Password_Locator}</arg>
<status status="PASS" start="2025-06-03T23:35:36.241883" elapsed="0.350907"/>
</kw>
<doc>Đăng nhập với email sai</doc>
<status status="PASS" start="2025-06-03T23:35:34.042368" elapsed="2.551434"/>
</test>
<test id="s1-s1-t2" name="Đăng nhập không thành công khi nhập sai password" line="29">
<kw name="Login Web Haui Food" owner="SignIn">
<kw name="Maximize Browser Window" owner="SeleniumLibrary">
<doc>Maximizes current browser window.</doc>
<status status="PASS" start="2025-06-03T23:35:36.595802" elapsed="0.004013"/>
</kw>
<kw name="Execute Javascript" owner="SeleniumLibrary">
<msg time="2025-06-03T23:35:36.600795" level="INFO">Executing JavaScript:
document.body.style.zoom = '0.8';
Without any arguments.</msg>
<arg>document.body.style.zoom = '0.8';</arg>
<doc>Executes the given JavaScript code with possible arguments.</doc>
<status status="PASS" start="2025-06-03T23:35:36.599815" elapsed="0.004980"/>
</kw>
<kw name="Wait Until Element Is Visible" owner="SeleniumLibrary">
<arg>${Email_Locator}</arg>
<arg>3s</arg>
<doc>Waits until the element ``locator`` is visible.</doc>
<status status="PASS" start="2025-06-03T23:35:36.604795" elapsed="0.015080"/>
</kw>
<kw name="Input Text" owner="SeleniumLibrary">
<msg time="2025-06-03T23:35:36.620885" level="INFO">Typing text 'thanhthaongo845@gmail.com' into text field '//div//input[@type='email']'.</msg>
<arg>${Email_Locator}</arg>
<arg>${Email}</arg>
<doc>Types the given ``text`` into the text field identified by ``locator``.</doc>
<status status="PASS" start="2025-06-03T23:35:36.619875" elapsed="0.118244"/>
</kw>
<kw name="Input Text" owner="SeleniumLibrary">
<msg time="2025-06-03T23:35:36.738119" level="INFO">Typing text 'thao27076@@' into text field '//div//input[@type='password']'.</msg>
<arg>${Password_Locator}</arg>
<arg>${Password}</arg>
<doc>Types the given ``text`` into the text field identified by ``locator``.</doc>
<status status="PASS" start="2025-06-03T23:35:36.738119" elapsed="0.083020"/>
</kw>
<kw name="Click Button" owner="SeleniumLibrary">
<msg time="2025-06-03T23:35:36.823138" level="INFO">Clicking button '//div//form//div//button[@type="submit"]'.</msg>
<arg>${Button_SignIn}</arg>
<doc>Clicks the button identified by ``locator``.</doc>
<status status="PASS" start="2025-06-03T23:35:36.823138" elapsed="0.068018"/>
</kw>
<arg>thanhthaongo845@gmail.com</arg>
<arg>thao27076@@</arg>
<status status="PASS" start="2025-06-03T23:35:36.595802" elapsed="0.296351"/>
</kw>
<kw name="Click Button" owner="SeleniumLibrary">
<msg time="2025-06-03T23:35:36.892153" level="INFO">Clicking button '//div//form//div//button[@type="submit"]'.</msg>
<arg>${Button_SignIn}</arg>
<doc>Clicks the button identified by ``locator``.</doc>
<status status="PASS" start="2025-06-03T23:35:36.892153" elapsed="0.355390"/>
</kw>
<kw name="Wait Until Element Is Visible" owner="SeleniumLibrary">
<arg>${Message_Error_SignIn}</arg>
<arg>5s</arg>
<doc>Waits until the element ``locator`` is visible.</doc>
<status status="PASS" start="2025-06-03T23:35:37.247543" elapsed="0.016002"/>
</kw>
<kw name="Click Element" owner="SeleniumLibrary">
<msg time="2025-06-03T23:35:37.264545" level="INFO">Clicking element '//button[@aria-label='close']'.</msg>
<arg>${Button_close_alert}</arg>
<doc>Click the element identified by ``locator``.</doc>
<status status="PASS" start="2025-06-03T23:35:37.263545" elapsed="0.070015"/>
</kw>
<kw name="Clear Text" owner="Utils">
<kw name="Click Element" owner="SeleniumLibrary">
<msg time="2025-06-03T23:35:37.334559" level="INFO">Clicking element '//div//input[@type='email']'.</msg>
<arg>${Clear_element}</arg>
<doc>Click the element identified by ``locator``.</doc>
<status status="PASS" start="2025-06-03T23:35:37.334559" elapsed="0.057756"/>
</kw>
<kw name="Press Keys" owner="SeleniumLibrary">
<msg time="2025-06-03T23:35:37.392315" level="INFO">Sending key(s) ('CTRL+a', 'BACKSPACE') to //div//input[@type='email'] element.</msg>
<msg time="2025-06-03T23:35:37.680835" level="INFO">Pressing special key CONTROL down.</msg>
<msg time="2025-06-03T23:35:37.680835" level="INFO">Sending key a</msg>
<msg time="2025-06-03T23:35:37.680835" level="INFO">Releasing special key CONTROL.</msg>
<msg time="2025-06-03T23:35:37.693839" level="INFO">Pressing special key BACKSPACE to element.</msg>
<msg time="2025-06-03T23:35:37.693839" level="INFO">Releasing special key BACKSPACE.</msg>
<arg>${Clear_element}</arg>
<arg>CTRL+a</arg>
<arg>BACKSPACE</arg>
<doc>Simulates the user pressing key(s) to an element or on the active browser.</doc>
<status status="PASS" start="2025-06-03T23:35:37.392315" elapsed="0.326530"/>
</kw>
<arg>${Email_Locator}</arg>
<status status="PASS" start="2025-06-03T23:35:37.333560" elapsed="0.385285"/>
</kw>
<kw name="Clear Text" owner="Utils">
<kw name="Click Element" owner="SeleniumLibrary">
<msg time="2025-06-03T23:35:37.719845" level="INFO">Clicking element '//div//input[@type='password']'.</msg>
<arg>${Clear_element}</arg>
<doc>Click the element identified by ``locator``.</doc>
<status status="PASS" start="2025-06-03T23:35:37.719845" elapsed="0.123027"/>
</kw>
<kw name="Press Keys" owner="SeleniumLibrary">
<msg time="2025-06-03T23:35:37.843871" level="INFO">Sending key(s) ('CTRL+a', 'BACKSPACE') to //div//input[@type='password'] element.</msg>
<msg time="2025-06-03T23:35:38.137938" level="INFO">Pressing special key CONTROL down.</msg>
<msg time="2025-06-03T23:35:38.137938" level="INFO">Sending key a</msg>
<msg time="2025-06-03T23:35:38.137938" level="INFO">Releasing special key CONTROL.</msg>
<msg time="2025-06-03T23:35:38.223960" level="INFO">Pressing special key BACKSPACE to element.</msg>
<msg time="2025-06-03T23:35:38.224959" level="INFO">Releasing special key BACKSPACE.</msg>
<arg>${Clear_element}</arg>
<arg>CTRL+a</arg>
<arg>BACKSPACE</arg>
<doc>Simulates the user pressing key(s) to an element or on the active browser.</doc>
<status status="PASS" start="2025-06-03T23:35:37.842872" elapsed="0.398091"/>
</kw>
<arg>${Password_Locator}</arg>
<status status="PASS" start="2025-06-03T23:35:37.719845" elapsed="0.521118"/>
</kw>
<doc>Đăng nhập với password sai</doc>
<status status="PASS" start="2025-06-03T23:35:36.594794" elapsed="1.646169"/>
</test>
<test id="s1-s1-t3" name="Đăng nhập không thành công khi để trống email" line="38">
<kw name="Wait Until Element Is Visible" owner="SeleniumLibrary">
<arg>${Email_Locator}</arg>
<arg>3s</arg>
<doc>Waits until the element ``locator`` is visible.</doc>
<status status="PASS" start="2025-06-03T23:35:38.243964" elapsed="0.061013"/>
</kw>
<kw name="Input Text" owner="SeleniumLibrary">
<msg time="2025-06-03T23:35:38.305977" level="INFO">Typing text '' into text field '//div//input[@type='email']'.</msg>
<arg>${Email_Locator}</arg>
<arg>${EMPTY}</arg>
<doc>Types the given ``text`` into the text field identified by ``locator``.</doc>
<status status="PASS" start="2025-06-03T23:35:38.305977" elapsed="0.098024"/>
</kw>
<kw name="Input Text" owner="SeleniumLibrary">
<msg time="2025-06-03T23:35:38.404001" level="INFO">Typing text 'thao2702@' into text field '//div//input[@type='password']'.</msg>
<arg>${Password_Locator}</arg>
<arg>thao2702@</arg>
<doc>Types the given ``text`` into the text field identified by ``locator``.</doc>
<status status="PASS" start="2025-06-03T23:35:38.404001" elapsed="0.081017"/>
</kw>
<kw name="Wait Until Element Is Visible" owner="SeleniumLibrary">
<arg>${Message_error_MissEmail}</arg>
<arg>3s</arg>
<doc>Waits until the element ``locator`` is visible.</doc>
<status status="PASS" start="2025-06-03T23:35:38.485018" elapsed="0.021004"/>
</kw>
<kw name="Clear Text" owner="Utils">
<kw name="Click Element" owner="SeleniumLibrary">
<msg time="2025-06-03T23:35:38.507022" level="INFO">Clicking element '//div//input[@type='password']'.</msg>
<arg>${Clear_element}</arg>
<doc>Click the element identified by ``locator``.</doc>
<status status="PASS" start="2025-06-03T23:35:38.507022" elapsed="0.056013"/>
</kw>
<kw name="Press Keys" owner="SeleniumLibrary">
<msg time="2025-06-03T23:35:38.564037" level="INFO">Sending key(s) ('CTRL+a', 'BACKSPACE') to //div//input[@type='password'] element.</msg>
<msg time="2025-06-03T23:35:38.836097" level="INFO">Pressing special key CONTROL down.</msg>
<msg time="2025-06-03T23:35:38.836097" level="INFO">Sending key a</msg>
<msg time="2025-06-03T23:35:38.836097" level="INFO">Releasing special key CONTROL.</msg>
<msg time="2025-06-03T23:35:38.842097" level="INFO">Pressing special key BACKSPACE to element.</msg>
<msg time="2025-06-03T23:35:38.843107" level="INFO">Releasing special key BACKSPACE.</msg>
<arg>${Clear_element}</arg>
<arg>CTRL+a</arg>
<arg>BACKSPACE</arg>
<doc>Simulates the user pressing key(s) to an element or on the active browser.</doc>
<status status="PASS" start="2025-06-03T23:35:38.564037" elapsed="0.288065"/>
</kw>
<arg>${Password_Locator}</arg>
<status status="PASS" start="2025-06-03T23:35:38.506022" elapsed="0.346080"/>
</kw>
<doc>Đăng nhập để trống email</doc>
<status status="PASS" start="2025-06-03T23:35:38.242964" elapsed="0.609138"/>
</test>
<test id="s1-s1-t4" name="Đăng nhập không thành công khi nhập email thiếu @" line="46">
<kw name="Wait Until Element Is Visible" owner="SeleniumLibrary">
<arg>${Email_Locator}</arg>
<arg>3s</arg>
<doc>Waits until the element ``locator`` is visible.</doc>
<status status="PASS" start="2025-06-03T23:35:38.854101" elapsed="0.014011"/>
</kw>
<kw name="Input Text" owner="SeleniumLibrary">
<msg time="2025-06-03T23:35:38.869104" level="INFO">Typing text 'thaonttgmail.com' into text field '//div//input[@type='email']'.</msg>
<arg>${Email_Locator}</arg>
<arg>thaonttgmail.com</arg>
<doc>Types the given ``text`` into the text field identified by ``locator``.</doc>
<status status="PASS" start="2025-06-03T23:35:38.869104" elapsed="0.105307"/>
</kw>
<kw name="Input Text" owner="SeleniumLibrary">
<msg time="2025-06-03T23:35:38.975408" level="INFO">Typing text 'thao2702@' into text field '//div//input[@type='password']'.</msg>
<arg>${Password_Locator}</arg>
<arg>thao2702@</arg>
<doc>Types the given ``text`` into the text field identified by ``locator``.</doc>
<status status="PASS" start="2025-06-03T23:35:38.975408" elapsed="0.085019"/>
</kw>
<kw name="Wait Until Element Is Visible" owner="SeleniumLibrary">
<arg>${Message_error_MissEmail}</arg>
<arg>3s</arg>
<doc>Waits until the element ``locator`` is visible.</doc>
<status status="PASS" start="2025-06-03T23:35:39.060427" elapsed="0.013002"/>
</kw>
<kw name="Clear Text" owner="Utils">
<kw name="Click Element" owner="SeleniumLibrary">
<msg time="2025-06-03T23:35:39.074430" level="INFO">Clicking element '//div//input[@type='email']'.</msg>
<arg>${Clear_element}</arg>
<doc>Click the element identified by ``locator``.</doc>
<status status="PASS" start="2025-06-03T23:35:39.074430" elapsed="0.232203"/>
</kw>
<kw name="Press Keys" owner="SeleniumLibrary">
<msg time="2025-06-03T23:35:39.308632" level="INFO">Sending key(s) ('CTRL+a', 'BACKSPACE') to //div//input[@type='email'] element.</msg>
<msg time="2025-06-03T23:35:39.613433" level="INFO">Pressing special key CONTROL down.</msg>
<msg time="2025-06-03T23:35:39.613433" level="INFO">Sending key a</msg>
<msg time="2025-06-03T23:35:39.613433" level="INFO">Releasing special key CONTROL.</msg>
<msg time="2025-06-03T23:35:39.620442" level="INFO">Pressing special key BACKSPACE to element.</msg>
<msg time="2025-06-03T23:35:39.620442" level="INFO">Releasing special key BACKSPACE.</msg>
<arg>${Clear_element}</arg>
<arg>CTRL+a</arg>
<arg>BACKSPACE</arg>
<doc>Simulates the user pressing key(s) to an element or on the active browser.</doc>
<status status="PASS" start="2025-06-03T23:35:39.307633" elapsed="0.321932"/>
</kw>
<arg>${Email_Locator}</arg>
<status status="PASS" start="2025-06-03T23:35:39.074430" elapsed="0.555135"/>
</kw>
<kw name="Clear Text" owner="Utils">
<kw name="Click Element" owner="SeleniumLibrary">
<msg time="2025-06-03T23:35:39.630566" level="INFO">Clicking element '//div//input[@type='password']'.</msg>
<arg>${Clear_element}</arg>
<doc>Click the element identified by ``locator``.</doc>
<status status="PASS" start="2025-06-03T23:35:39.630566" elapsed="0.062221"/>
</kw>
<kw name="Press Keys" owner="SeleniumLibrary">
<msg time="2025-06-03T23:35:39.693789" level="INFO">Sending key(s) ('CTRL+a', 'BACKSPACE') to //div//input[@type='password'] element.</msg>
<msg time="2025-06-03T23:35:39.989837" level="INFO">Pressing special key CONTROL down.</msg>
<msg time="2025-06-03T23:35:39.989837" level="INFO">Sending key a</msg>
<msg time="2025-06-03T23:35:39.989837" level="INFO">Releasing special key CONTROL.</msg>
<msg time="2025-06-03T23:35:39.996841" level="INFO">Pressing special key BACKSPACE to element.</msg>
<msg time="2025-06-03T23:35:39.996841" level="INFO">Releasing special key BACKSPACE.</msg>
<arg>${Clear_element}</arg>
<arg>CTRL+a</arg>
<arg>BACKSPACE</arg>
<doc>Simulates the user pressing key(s) to an element or on the active browser.</doc>
<status status="PASS" start="2025-06-03T23:35:39.693789" elapsed="0.311054"/>
</kw>
<arg>${Password_Locator}</arg>
<status status="PASS" start="2025-06-03T23:35:39.630566" elapsed="0.374277"/>
</kw>
<doc>Đăng nhập với email thiếu @</doc>
<status status="PASS" start="2025-06-03T23:35:38.853100" elapsed="1.152740"/>
</test>
<test id="s1-s1-t5" name="Đăng nhập không thành công khi nhập email thiếu tên" line="55">
<kw name="Wait Until Element Is Visible" owner="SeleniumLibrary">
<arg>${Email_Locator}</arg>
<arg>3s</arg>
<doc>Waits until the element ``locator`` is visible.</doc>
<status status="PASS" start="2025-06-03T23:35:40.006840" elapsed="0.016005"/>
</kw>
<kw name="Input Text" owner="SeleniumLibrary">
<msg time="2025-06-03T23:35:40.023844" level="INFO">Typing text '@gmail.com' into text field '//div//input[@type='email']'.</msg>
<arg>${Email_Locator}</arg>
<arg>@gmail.com</arg>
<doc>Types the given ``text`` into the text field identified by ``locator``.</doc>
<status status="PASS" start="2025-06-03T23:35:40.022845" elapsed="0.134028"/>
</kw>
<kw name="Input Text" owner="SeleniumLibrary">
<msg time="2025-06-03T23:35:40.156873" level="INFO">Typing text 'thao2702@' into text field '//div//input[@type='password']'.</msg>
<arg>${Password_Locator}</arg>
<arg>thao2702@</arg>
<doc>Types the given ``text`` into the text field identified by ``locator``.</doc>
<status status="PASS" start="2025-06-03T23:35:40.156873" elapsed="0.144035"/>
</kw>
<kw name="Wait Until Element Is Visible" owner="SeleniumLibrary">
<arg>${Message_error_MissEmail}</arg>
<arg>3s</arg>
<doc>Waits until the element ``locator`` is visible.</doc>
<status status="PASS" start="2025-06-03T23:35:40.302907" elapsed="0.044011"/>
</kw>
<kw name="Clear Text" owner="Utils">
<kw name="Click Element" owner="SeleniumLibrary">
<msg time="2025-06-03T23:35:40.349919" level="INFO">Clicking element '//div//input[@type='email']'.</msg>
<arg>${Clear_element}</arg>
<doc>Click the element identified by ``locator``.</doc>
<status status="PASS" start="2025-06-03T23:35:40.349919" elapsed="0.083018"/>
</kw>
<kw name="Press Keys" owner="SeleniumLibrary">
<msg time="2025-06-03T23:35:40.433936" level="INFO">Sending key(s) ('CTRL+a', 'BACKSPACE') to //div//input[@type='email'] element.</msg>
<msg time="2025-06-03T23:35:40.717000" level="INFO">Pressing special key CONTROL down.</msg>
<msg time="2025-06-03T23:35:40.717000" level="INFO">Sending key a</msg>
<msg time="2025-06-03T23:35:40.717000" level="INFO">Releasing special key CONTROL.</msg>
<msg time="2025-06-03T23:35:40.723002" level="INFO">Pressing special key BACKSPACE to element.</msg>
<msg time="2025-06-03T23:35:40.723002" level="INFO">Releasing special key BACKSPACE.</msg>
<arg>${Clear_element}</arg>
<arg>CTRL+a</arg>
<arg>BACKSPACE</arg>
<doc>Simulates the user pressing key(s) to an element or on the active browser.</doc>
<status status="PASS" start="2025-06-03T23:35:40.432937" elapsed="0.299067"/>
</kw>
<arg>${Email_Locator}</arg>
<status status="PASS" start="2025-06-03T23:35:40.348919" elapsed="0.383085"/>
</kw>
<kw name="Clear Text" owner="Utils">
<kw name="Click Element" owner="SeleniumLibrary">
<msg time="2025-06-03T23:35:40.733004" level="INFO">Clicking element '//div//input[@type='password']'.</msg>
<arg>${Clear_element}</arg>
<doc>Click the element identified by ``locator``.</doc>
<status status="PASS" start="2025-06-03T23:35:40.733004" elapsed="0.069016"/>
</kw>
<kw name="Press Keys" owner="SeleniumLibrary">
<msg time="2025-06-03T23:35:40.803019" level="INFO">Sending key(s) ('CTRL+a', 'BACKSPACE') to //div//input[@type='password'] element.</msg>
<msg time="2025-06-03T23:35:41.099087" level="INFO">Pressing special key CONTROL down.</msg>
<msg time="2025-06-03T23:35:41.100087" level="INFO">Sending key a</msg>
<msg time="2025-06-03T23:35:41.100087" level="INFO">Releasing special key CONTROL.</msg>
<msg time="2025-06-03T23:35:41.118091" level="INFO">Pressing special key BACKSPACE to element.</msg>
<msg time="2025-06-03T23:35:41.118091" level="INFO">Releasing special key BACKSPACE.</msg>
<arg>${Clear_element}</arg>
<arg>CTRL+a</arg>
<arg>BACKSPACE</arg>
<doc>Simulates the user pressing key(s) to an element or on the active browser.</doc>
<status status="PASS" start="2025-06-03T23:35:40.802020" elapsed="0.324073"/>
</kw>
<arg>${Password_Locator}</arg>
<status status="PASS" start="2025-06-03T23:35:40.732004" elapsed="0.394089"/>
</kw>
<doc>Đăng nhập với email thiếu tên</doc>
<status status="PASS" start="2025-06-03T23:35:40.005840" elapsed="1.120253"/>
</test>
<test id="s1-s1-t6" name="Đăng nhập không thành công khi nhập email duplicate @" line="64">
<kw name="Wait Until Element Is Visible" owner="SeleniumLibrary">
<arg>${Email_Locator}</arg>
<arg>3s</arg>
<doc>Waits until the element ``locator`` is visible.</doc>
<status status="PASS" start="2025-06-03T23:35:41.128095" elapsed="0.018004"/>
</kw>
<kw name="Input Text" owner="SeleniumLibrary">
<msg time="2025-06-03T23:35:41.147099" level="INFO">Typing text 'thaontt@@gmail.com' into text field '//div//input[@type='email']'.</msg>
<arg>${Email_Locator}</arg>
<arg>thaontt@@gmail.com</arg>
<doc>Types the given ``text`` into the text field identified by ``locator``.</doc>
<status status="PASS" start="2025-06-03T23:35:41.147099" elapsed="0.103024"/>
</kw>
<kw name="Input Text" owner="SeleniumLibrary">
<msg time="2025-06-03T23:35:41.251120" level="INFO">Typing text 'thao2702@' into text field '//div//input[@type='password']'.</msg>
<arg>${Password_Locator}</arg>
<arg>thao2702@</arg>
<doc>Types the given ``text`` into the text field identified by ``locator``.</doc>
<status status="PASS" start="2025-06-03T23:35:41.251120" elapsed="0.077021"/>
</kw>
<kw name="Wait Until Element Is Visible" owner="SeleniumLibrary">
<arg>${Message_error_MissEmail}</arg>
<arg>3s</arg>
<doc>Waits until the element ``locator`` is visible.</doc>
<status status="PASS" start="2025-06-03T23:35:41.329139" elapsed="0.016008"/>
</kw>
<kw name="Clear Text" owner="Utils">
<kw name="Click Element" owner="SeleniumLibrary">
<msg time="2025-06-03T23:35:41.346143" level="INFO">Clicking element '//div//input[@type='email']'.</msg>
<arg>${Clear_element}</arg>
<doc>Click the element identified by ``locator``.</doc>
<status status="PASS" start="2025-06-03T23:35:41.346143" elapsed="0.060013"/>
</kw>
<kw name="Press Keys" owner="SeleniumLibrary">
<msg time="2025-06-03T23:35:41.407155" level="INFO">Sending key(s) ('CTRL+a', 'BACKSPACE') to //div//input[@type='email'] element.</msg>
<msg time="2025-06-03T23:35:41.692389" level="INFO">Pressing special key CONTROL down.</msg>
<msg time="2025-06-03T23:35:41.692389" level="INFO">Sending key a</msg>
<msg time="2025-06-03T23:35:41.692389" level="INFO">Releasing special key CONTROL.</msg>
<msg time="2025-06-03T23:35:41.701391" level="INFO">Pressing special key BACKSPACE to element.</msg>
<msg time="2025-06-03T23:35:41.701391" level="INFO">Releasing special key BACKSPACE.</msg>
<arg>${Clear_element}</arg>
<arg>CTRL+a</arg>
<arg>BACKSPACE</arg>
<doc>Simulates the user pressing key(s) to an element or on the active browser.</doc>
<status status="PASS" start="2025-06-03T23:35:41.406156" elapsed="0.303236"/>
</kw>
<arg>${Email_Locator}</arg>
<status status="PASS" start="2025-06-03T23:35:41.345147" elapsed="0.364245"/>
</kw>
<kw name="Clear Text" owner="Utils">
<kw name="Click Element" owner="SeleniumLibrary">
<msg time="2025-06-03T23:35:41.710393" level="INFO">Clicking element '//div//input[@type='password']'.</msg>
<arg>${Clear_element}</arg>
<doc>Click the element identified by ``locator``.</doc>
<status status="PASS" start="2025-06-03T23:35:41.710393" elapsed="0.078018"/>
</kw>
<kw name="Press Keys" owner="SeleniumLibrary">
<msg time="2025-06-03T23:35:41.788411" level="INFO">Sending key(s) ('CTRL+a', 'BACKSPACE') to //div//input[@type='password'] element.</msg>
<msg time="2025-06-03T23:35:42.146490" level="INFO">Pressing special key CONTROL down.</msg>
<msg time="2025-06-03T23:35:42.146490" level="INFO">Sending key a</msg>
<msg time="2025-06-03T23:35:42.146490" level="INFO">Releasing special key CONTROL.</msg>
<msg time="2025-06-03T23:35:42.163494" level="INFO">Pressing special key BACKSPACE to element.</msg>
<msg time="2025-06-03T23:35:42.163494" level="INFO">Releasing special key BACKSPACE.</msg>
<arg>${Clear_element}</arg>
<arg>CTRL+a</arg>
<arg>BACKSPACE</arg>
<doc>Simulates the user pressing key(s) to an element or on the active browser.</doc>
<status status="PASS" start="2025-06-03T23:35:41.788411" elapsed="0.386086"/>
</kw>
<arg>${Password_Locator}</arg>
<status status="PASS" start="2025-06-03T23:35:41.710393" elapsed="0.464104"/>
</kw>
<doc>Đăng nhập với email duplicate @</doc>
<status status="PASS" start="2025-06-03T23:35:41.127094" elapsed="1.048404"/>
</test>
<test id="s1-s1-t7" name="Đăng nhập không thành công khi nhập email thiếu domain" line="73">
<kw name="Wait Until Element Is Visible" owner="SeleniumLibrary">
<arg>${Email_Locator}</arg>
<arg>3s</arg>
<doc>Waits until the element ``locator`` is visible.</doc>
<status status="PASS" start="2025-06-03T23:35:42.178498" elapsed="0.028006"/>
</kw>
<kw name="Input Text" owner="SeleniumLibrary">
<msg time="2025-06-03T23:35:42.206504" level="INFO">Typing text 'thaontt@' into text field '//div//input[@type='email']'.</msg>
<arg>${Email_Locator}</arg>
<arg>thaontt@</arg>
<doc>Types the given ``text`` into the text field identified by ``locator``.</doc>
<status status="PASS" start="2025-06-03T23:35:42.206504" elapsed="0.118029"/>
</kw>
<kw name="Input Text" owner="SeleniumLibrary">
<msg time="2025-06-03T23:35:42.325532" level="INFO">Typing text 'thao2702@' into text field '//div//input[@type='password']'.</msg>
<arg>${Password_Locator}</arg>
<arg>thao2702@</arg>
<doc>Types the given ``text`` into the text field identified by ``locator``.</doc>
<status status="PASS" start="2025-06-03T23:35:42.324533" elapsed="0.087022"/>
</kw>
<kw name="Wait Until Element Is Visible" owner="SeleniumLibrary">
<arg>${Message_error_MissEmail}</arg>
<arg>3s</arg>
<doc>Waits until the element ``locator`` is visible.</doc>
<status status="PASS" start="2025-06-03T23:35:42.411555" elapsed="0.021006"/>
</kw>
<kw name="Clear Text" owner="Utils">
<kw name="Click Element" owner="SeleniumLibrary">
<msg time="2025-06-03T23:35:42.433557" level="INFO">Clicking element '//div//input[@type='email']'.</msg>
<arg>${Clear_element}</arg>
<doc>Click the element identified by ``locator``.</doc>
<status status="PASS" start="2025-06-03T23:35:42.433557" elapsed="0.071016"/>
</kw>
<kw name="Press Keys" owner="SeleniumLibrary">
<msg time="2025-06-03T23:35:42.505572" level="INFO">Sending key(s) ('CTRL+a', 'BACKSPACE') to //div//input[@type='email'] element.</msg>
<msg time="2025-06-03T23:35:42.799639" level="INFO">Pressing special key CONTROL down.</msg>
<msg time="2025-06-03T23:35:42.799639" level="INFO">Sending key a</msg>
<msg time="2025-06-03T23:35:42.799639" level="INFO">Releasing special key CONTROL.</msg>
<msg time="2025-06-03T23:35:42.841648" level="INFO">Pressing special key BACKSPACE to element.</msg>
<msg time="2025-06-03T23:35:42.841648" level="INFO">Releasing special key BACKSPACE.</msg>
<arg>${Clear_element}</arg>
<arg>CTRL+a</arg>
<arg>BACKSPACE</arg>
<doc>Simulates the user pressing key(s) to an element or on the active browser.</doc>
<status status="PASS" start="2025-06-03T23:35:42.505572" elapsed="0.350081"/>
</kw>
<arg>${Email_Locator}</arg>
<status status="PASS" start="2025-06-03T23:35:42.433557" elapsed="0.422096"/>
</kw>
<kw name="Clear Text" owner="Utils">
<kw name="Click Element" owner="SeleniumLibrary">
<msg time="2025-06-03T23:35:42.856654" level="INFO">Clicking element '//div//input[@type='password']'.</msg>
<arg>${Clear_element}</arg>
<doc>Click the element identified by ``locator``.</doc>
<status status="PASS" start="2025-06-03T23:35:42.856654" elapsed="0.073017"/>
</kw>
<kw name="Press Keys" owner="SeleniumLibrary">
<msg time="2025-06-03T23:35:42.930669" level="INFO">Sending key(s) ('CTRL+a', 'BACKSPACE') to //div//input[@type='password'] element.</msg>
<msg time="2025-06-03T23:35:43.223872" level="INFO">Pressing special key CONTROL down.</msg>
<msg time="2025-06-03T23:35:43.223872" level="INFO">Sending key a</msg>
<msg time="2025-06-03T23:35:43.223872" level="INFO">Releasing special key CONTROL.</msg>
<msg time="2025-06-03T23:35:43.234881" level="INFO">Pressing special key BACKSPACE to element.</msg>
<msg time="2025-06-03T23:35:43.234881" level="INFO">Releasing special key BACKSPACE.</msg>
<arg>${Clear_element}</arg>
<arg>CTRL+a</arg>
<arg>BACKSPACE</arg>
<doc>Simulates the user pressing key(s) to an element or on the active browser.</doc>
<status status="PASS" start="2025-06-03T23:35:42.930669" elapsed="0.316207"/>
</kw>
<arg>${Password_Locator}</arg>
<status status="PASS" start="2025-06-03T23:35:42.856654" elapsed="0.390222"/>
</kw>
<doc>Đăng nhập với email thiếu domain</doc>
<status status="PASS" start="2025-06-03T23:35:42.177497" elapsed="1.069379"/>
</test>
<test id="s1-s1-t8" name="Đăng nhập không thành công khi nhập email thiếu domain header" line="82">
<kw name="Wait Until Element Is Visible" owner="SeleniumLibrary">
<arg>${Email_Locator}</arg>
<arg>3s</arg>
<doc>Waits until the element ``locator`` is visible.</doc>
<status status="PASS" start="2025-06-03T23:35:43.248877" elapsed="0.024009"/>
</kw>
<kw name="Input Text" owner="SeleniumLibrary">
<msg time="2025-06-03T23:35:43.273884" level="INFO">Typing text 'thaontt@' into text field '//div//input[@type='email']'.</msg>
<arg>${Email_Locator}</arg>
<arg>thaontt@</arg>
<doc>Types the given ``text`` into the text field identified by ``locator``.</doc>
<status status="PASS" start="2025-06-03T23:35:43.273884" elapsed="0.115026"/>
</kw>
<kw name="Input Text" owner="SeleniumLibrary">
<msg time="2025-06-03T23:35:43.388910" level="INFO">Typing text 'thao2702@com' into text field '//div//input[@type='password']'.</msg>
<arg>${Password_Locator}</arg>
<arg>thao2702@com</arg>
<doc>Types the given ``text`` into the text field identified by ``locator``.</doc>
<status status="PASS" start="2025-06-03T23:35:43.388910" elapsed="0.126026"/>
</kw>
<kw name="Wait Until Element Is Visible" owner="SeleniumLibrary">
<arg>${Message_error_MissEmail}</arg>
<arg>3s</arg>
<doc>Waits until the element ``locator`` is visible.</doc>
<status status="PASS" start="2025-06-03T23:35:43.514936" elapsed="0.023006"/>
</kw>
<kw name="Clear Text" owner="Utils">
<kw name="Click Element" owner="SeleniumLibrary">
<msg time="2025-06-03T23:35:43.539942" level="INFO">Clicking element '//div//input[@type='email']'.</msg>
<arg>${Clear_element}</arg>
<doc>Click the element identified by ``locator``.</doc>
<status status="PASS" start="2025-06-03T23:35:43.538943" elapsed="0.112026"/>
</kw>
<kw name="Press Keys" owner="SeleniumLibrary">
<msg time="2025-06-03T23:35:43.651967" level="INFO">Sending key(s) ('CTRL+a', 'BACKSPACE') to //div//input[@type='email'] element.</msg>
<msg time="2025-06-03T23:35:43.937000" level="INFO">Pressing special key CONTROL down.</msg>
<msg time="2025-06-03T23:35:43.938000" level="INFO">Sending key a</msg>
<msg time="2025-06-03T23:35:43.938000" level="INFO">Releasing special key CONTROL.</msg>
<msg time="2025-06-03T23:35:43.949003" level="INFO">Pressing special key BACKSPACE to element.</msg>
<msg time="2025-06-03T23:35:43.949003" level="INFO">Releasing special key BACKSPACE.</msg>
<arg>${Clear_element}</arg>
<arg>CTRL+a</arg>
<arg>BACKSPACE</arg>
<doc>Simulates the user pressing key(s) to an element or on the active browser.</doc>
<status status="PASS" start="2025-06-03T23:35:43.650969" elapsed="0.338043"/>
</kw>
<arg>${Email_Locator}</arg>
<status status="PASS" start="2025-06-03T23:35:43.538943" elapsed="0.451071"/>
</kw>
<kw name="Clear Text" owner="Utils">
<kw name="Click Element" owner="SeleniumLibrary">
<msg time="2025-06-03T23:35:43.991012" level="INFO">Clicking element '//div//input[@type='password']'.</msg>
<arg>${Clear_element}</arg>
<doc>Click the element identified by ``locator``.</doc>
<status status="PASS" start="2025-06-03T23:35:43.991012" elapsed="0.135036"/>
</kw>
<kw name="Press Keys" owner="SeleniumLibrary">
<msg time="2025-06-03T23:35:44.127044" level="INFO">Sending key(s) ('CTRL+a', 'BACKSPACE') to //div//input[@type='password'] element.</msg>
<msg time="2025-06-03T23:35:44.431112" level="INFO">Pressing special key CONTROL down.</msg>
<msg time="2025-06-03T23:35:44.431112" level="INFO">Sending key a</msg>
<msg time="2025-06-03T23:35:44.431112" level="INFO">Releasing special key CONTROL.</msg>
<msg time="2025-06-03T23:35:44.444115" level="INFO">Pressing special key BACKSPACE to element.</msg>
<msg time="2025-06-03T23:35:44.444115" level="INFO">Releasing special key BACKSPACE.</msg>
<arg>${Clear_element}</arg>
<arg>CTRL+a</arg>
<arg>BACKSPACE</arg>
<doc>Simulates the user pressing key(s) to an element or on the active browser.</doc>
<status status="PASS" start="2025-06-03T23:35:44.126048" elapsed="0.327070"/>
</kw>
<arg>${Password_Locator}</arg>
<status status="PASS" start="2025-06-03T23:35:43.990014" elapsed="0.463104"/>
</kw>
<doc>Đăng nhập với email thiếu domain header</doc>
<status status="PASS" start="2025-06-03T23:35:43.247876" elapsed="1.206246"/>
</test>
<test id="s1-s1-t9" name="Đăng nhập không thành công khi nhập email thiếu phần cuối domain" line="91">
<kw name="Wait Until Element Is Visible" owner="SeleniumLibrary">
<arg>${Email_Locator}</arg>
<arg>3s</arg>
<doc>Waits until the element ``locator`` is visible.</doc>
<status status="PASS" start="2025-06-03T23:35:44.456122" elapsed="0.016000"/>
</kw>
<kw name="Input Text" owner="SeleniumLibrary">
<msg time="2025-06-03T23:35:44.473123" level="INFO">Typing text 'thao2702@gmail' into text field '//div//input[@type='email']'.</msg>
<arg>${Email_Locator}</arg>
<arg>thao2702@gmail</arg>
<doc>Types the given ``text`` into the text field identified by ``locator``.</doc>
<status status="PASS" start="2025-06-03T23:35:44.473123" elapsed="0.113024"/>
</kw>
<kw name="Input Text" owner="SeleniumLibrary">
<msg time="2025-06-03T23:35:44.587151" level="INFO">Typing text 'thao2702@' into text field '//div//input[@type='password']'.</msg>
<arg>${Password_Locator}</arg>
<arg>thao2702@</arg>
<doc>Types the given ``text`` into the text field identified by ``locator``.</doc>
<status status="PASS" start="2025-06-03T23:35:44.587151" elapsed="0.089021"/>
</kw>
<kw name="Wait Until Element Is Visible" owner="SeleniumLibrary">
<arg>${Message_error_MissEmail}</arg>
<arg>3s</arg>
<doc>Waits until the element ``locator`` is visible.</doc>
<status status="PASS" start="2025-06-03T23:35:44.677168" elapsed="0.017004"/>
</kw>
<kw name="Clear Text" owner="Utils">
<kw name="Click Element" owner="SeleniumLibrary">
<msg time="2025-06-03T23:35:44.699174" level="INFO">Clicking element '//div//input[@type='email']'.</msg>
<arg>${Clear_element}</arg>
<doc>Click the element identified by ``locator``.</doc>
<status status="PASS" start="2025-06-03T23:35:44.698176" elapsed="0.080017"/>
</kw>
<kw name="Press Keys" owner="SeleniumLibrary">
<msg time="2025-06-03T23:35:44.779192" level="INFO">Sending key(s) ('CTRL+a', 'BACKSPACE') to //div//input[@type='email'] element.</msg>
<msg time="2025-06-03T23:35:45.102265" level="INFO">Pressing special key CONTROL down.</msg>
<msg time="2025-06-03T23:35:45.102265" level="INFO">Sending key a</msg>
<msg time="2025-06-03T23:35:45.102265" level="INFO">Releasing special key CONTROL.</msg>
<msg time="2025-06-03T23:35:45.116267" level="INFO">Pressing special key BACKSPACE to element.</msg>
<msg time="2025-06-03T23:35:45.116267" level="INFO">Releasing special key BACKSPACE.</msg>
<arg>${Clear_element}</arg>
<arg>CTRL+a</arg>
<arg>BACKSPACE</arg>
<doc>Simulates the user pressing key(s) to an element or on the active browser.</doc>
<status status="PASS" start="2025-06-03T23:35:44.778193" elapsed="0.346075"/>
</kw>
<arg>${Email_Locator}</arg>
<status status="PASS" start="2025-06-03T23:35:44.698176" elapsed="0.427093"/>
</kw>
<kw name="Clear Text" owner="Utils">
<kw name="Click Element" owner="SeleniumLibrary">
<msg time="2025-06-03T23:35:45.126273" level="INFO">Clicking element '//div//input[@type='password']'.</msg>
<arg>${Clear_element}</arg>
<doc>Click the element identified by ``locator``.</doc>
<status status="PASS" start="2025-06-03T23:35:45.126273" elapsed="0.102020"/>
</kw>
<kw name="Press Keys" owner="SeleniumLibrary">
<msg time="2025-06-03T23:35:45.229295" level="INFO">Sending key(s) ('CTRL+a', 'BACKSPACE') to //div//input[@type='password'] element.</msg>
<msg time="2025-06-03T23:35:45.606379" level="INFO">Pressing special key CONTROL down.</msg>
<msg time="2025-06-03T23:35:45.606379" level="INFO">Sending key a</msg>
<msg time="2025-06-03T23:35:45.606379" level="INFO">Releasing special key CONTROL.</msg>
<msg time="2025-06-03T23:35:45.647387" level="INFO">Pressing special key BACKSPACE to element.</msg>
<msg time="2025-06-03T23:35:45.647387" level="INFO">Releasing special key BACKSPACE.</msg>
<arg>${Clear_element}</arg>
<arg>CTRL+a</arg>
<arg>BACKSPACE</arg>
<doc>Simulates the user pressing key(s) to an element or on the active browser.</doc>
<status status="PASS" start="2025-06-03T23:35:45.228293" elapsed="0.440099"/>
</kw>
<arg>${Password_Locator}</arg>
<status status="PASS" start="2025-06-03T23:35:45.126273" elapsed="0.542119"/>
</kw>
<doc>Đăng nhập với email thiếu phần cuối domain</doc>
<status status="PASS" start="2025-06-03T23:35:44.455117" elapsed="1.213275"/>
</test>
<test id="s1-s1-t10" name="Đăng nhập không thành công khi nhập email chứa kí tự đặc biệt" line="100">
<kw name="Wait Until Element Is Visible" owner="SeleniumLibrary">
<arg>${Email_Locator}</arg>
<arg>3s</arg>
<doc>Waits until the element ``locator`` is visible.</doc>
<status status="PASS" start="2025-06-03T23:35:45.670393" elapsed="0.300067"/>
</kw>
<kw name="Input Text" owner="SeleniumLibrary">
<msg time="2025-06-03T23:35:45.972461" level="INFO">Typing text 'thaontt#$@gmail.com' into text field '//div//input[@type='email']'.</msg>
<arg>${Email_Locator}</arg>
<arg>thaontt#$@gmail.com</arg>
<doc>Types the given ``text`` into the text field identified by ``locator``.</doc>
<status status="PASS" start="2025-06-03T23:35:45.971461" elapsed="0.649146"/>
</kw>
<kw name="Input Text" owner="SeleniumLibrary">
<msg time="2025-06-03T23:35:46.627609" level="INFO">Typing text 'thao2702@' into text field '//div//input[@type='password']'.</msg>
<arg>${Password_Locator}</arg>
<arg>thao2702@</arg>
<doc>Types the given ``text`` into the text field identified by ``locator``.</doc>
<status status="PASS" start="2025-06-03T23:35:46.626611" elapsed="0.195043"/>
</kw>
<kw name="Wait Until Element Is Visible" owner="SeleniumLibrary">
<arg>${Message_error_MissEmail}</arg>
<arg>3s</arg>
<doc>Waits until the element ``locator`` is visible.</doc>
<status status="PASS" start="2025-06-03T23:35:46.822653" elapsed="0.025006"/>
</kw>
<kw name="Clear Text" owner="Utils">
<kw name="Click Element" owner="SeleniumLibrary">
<msg time="2025-06-03T23:35:46.848658" level="INFO">Clicking element '//div//input[@type='email']'.</msg>
<arg>${Clear_element}</arg>
<doc>Click the element identified by ``locator``.</doc>
<status status="PASS" start="2025-06-03T23:35:46.848658" elapsed="0.174041"/>
</kw>
<kw name="Press Keys" owner="SeleniumLibrary">
<msg time="2025-06-03T23:35:47.023700" level="INFO">Sending key(s) ('CTRL+a', 'BACKSPACE') to //div//input[@type='email'] element.</msg>
<msg time="2025-06-03T23:35:47.328766" level="INFO">Pressing special key CONTROL down.</msg>
<msg time="2025-06-03T23:35:47.328766" level="INFO">Sending key a</msg>
<msg time="2025-06-03T23:35:47.328766" level="INFO">Releasing special key CONTROL.</msg>
<msg time="2025-06-03T23:35:47.346770" level="INFO">Pressing special key BACKSPACE to element.</msg>
<msg time="2025-06-03T23:35:47.346770" level="INFO">Releasing special key BACKSPACE.</msg>
<arg>${Clear_element}</arg>
<arg>CTRL+a</arg>
<arg>BACKSPACE</arg>
<doc>Simulates the user pressing key(s) to an element or on the active browser.</doc>
<status status="PASS" start="2025-06-03T23:35:47.022699" elapsed="0.345077"/>
</kw>
<arg>${Email_Locator}</arg>
<status status="PASS" start="2025-06-03T23:35:46.847659" elapsed="0.520117"/>
</kw>
<kw name="Clear Text" owner="Utils">
<kw name="Click Element" owner="SeleniumLibrary">
<msg time="2025-06-03T23:35:47.368775" level="INFO">Clicking element '//div//input[@type='password']'.</msg>
<arg>${Clear_element}</arg>
<doc>Click the element identified by ``locator``.</doc>
<status status="PASS" start="2025-06-03T23:35:47.368775" elapsed="0.095023"/>
</kw>
<kw name="Press Keys" owner="SeleniumLibrary">
<msg time="2025-06-03T23:35:47.464798" level="INFO">Sending key(s) ('CTRL+a', 'BACKSPACE') to //div//input[@type='password'] element.</msg>
<msg time="2025-06-03T23:35:47.801874" level="INFO">Pressing special key CONTROL down.</msg>
<msg time="2025-06-03T23:35:47.802875" level="INFO">Sending key a</msg>
<msg time="2025-06-03T23:35:47.802875" level="INFO">Releasing special key CONTROL.</msg>
<msg time="2025-06-03T23:35:47.813878" level="INFO">Pressing special key BACKSPACE to element.</msg>
<msg time="2025-06-03T23:35:47.813878" level="INFO">Releasing special key BACKSPACE.</msg>
<arg>${Clear_element}</arg>
<arg>CTRL+a</arg>
<arg>BACKSPACE</arg>
<doc>Simulates the user pressing key(s) to an element or on the active browser.</doc>
<status status="PASS" start="2025-06-03T23:35:47.464798" elapsed="0.375084"/>
</kw>
<arg>${Password_Locator}</arg>
<status status="PASS" start="2025-06-03T23:35:47.368775" elapsed="0.471107"/>
</kw>
<doc>Đăng nhập với email chứa kí tự đặc biệt</doc>
<status status="PASS" start="2025-06-03T23:35:45.669392" elapsed="2.170490"/>
</test>
<test id="s1-s1-t11" name="Đăng nhập không thành công khi nhập email thiếu dấu chấm" line="109">
<kw name="Wait Until Element Is Visible" owner="SeleniumLibrary">
<arg>${Email_Locator}</arg>
<arg>3s</arg>
<doc>Waits until the element ``locator`` is visible.</doc>
<status status="PASS" start="2025-06-03T23:35:47.843885" elapsed="0.019004"/>
</kw>
<kw name="Input Text" owner="SeleniumLibrary">
<msg time="2025-06-03T23:35:47.863889" level="INFO">Typing text 'thaontt@gmailcom' into text field '//div//input[@type='email']'.</msg>
<arg>${Email_Locator}</arg>
<arg>thaontt@gmailcom</arg>
<doc>Types the given ``text`` into the text field identified by ``locator``.</doc>
<status status="PASS" start="2025-06-03T23:35:47.863889" elapsed="0.119028"/>
</kw>
<kw name="Input Text" owner="SeleniumLibrary">
<msg time="2025-06-03T23:35:47.983915" level="INFO">Typing text 'thao2702@' into text field '//div//input[@type='password']'.</msg>
<arg>${Password_Locator}</arg>
<arg>thao2702@</arg>
<doc>Types the given ``text`` into the text field identified by ``locator``.</doc>
<status status="PASS" start="2025-06-03T23:35:47.983915" elapsed="0.186043"/>
</kw>
<kw name="Wait Until Element Is Visible" owner="SeleniumLibrary">
<arg>${Message_error_MissEmail}</arg>
<arg>3s</arg>
<doc>Waits until the element ``locator`` is visible.</doc>
<status status="PASS" start="2025-06-03T23:35:48.169958" elapsed="0.018003"/>
</kw>
<kw name="Clear Text" owner="Utils">
<kw name="Click Element" owner="SeleniumLibrary">
<msg time="2025-06-03T23:35:48.188960" level="INFO">Clicking element '//div//input[@type='email']'.</msg>
<arg>${Clear_element}</arg>
<doc>Click the element identified by ``locator``.</doc>
<status status="PASS" start="2025-06-03T23:35:48.188960" elapsed="0.062017"/>
</kw>
<kw name="Press Keys" owner="SeleniumLibrary">
<msg time="2025-06-03T23:35:48.250977" level="INFO">Sending key(s) ('CTRL+a', 'BACKSPACE') to //div//input[@type='email'] element.</msg>
<msg time="2025-06-03T23:35:48.529732" level="INFO">Pressing special key CONTROL down.</msg>
<msg time="2025-06-03T23:35:48.529732" level="INFO">Sending key a</msg>
<msg time="2025-06-03T23:35:48.529732" level="INFO">Releasing special key CONTROL.</msg>
<msg time="2025-06-03T23:35:48.538694" level="INFO">Pressing special key BACKSPACE to element.</msg>
<msg time="2025-06-03T23:35:48.539695" level="INFO">Releasing special key BACKSPACE.</msg>
<arg>${Clear_element}</arg>
<arg>CTRL+a</arg>
<arg>BACKSPACE</arg>
<doc>Simulates the user pressing key(s) to an element or on the active browser.</doc>
<status status="PASS" start="2025-06-03T23:35:48.250977" elapsed="0.298731"/>
</kw>
<arg>${Email_Locator}</arg>
<status status="PASS" start="2025-06-03T23:35:48.187961" elapsed="0.361747"/>
</kw>
<kw name="Clear Text" owner="Utils">
<kw name="Click Element" owner="SeleniumLibrary">
<msg time="2025-06-03T23:35:48.550709" level="INFO">Clicking element '//div//input[@type='password']'.</msg>
<arg>${Clear_element}</arg>
<doc>Click the element identified by ``locator``.</doc>
<status status="PASS" start="2025-06-03T23:35:48.550709" elapsed="0.060463"/>
</kw>
<kw name="Press Keys" owner="SeleniumLibrary">
<msg time="2025-06-03T23:35:48.612174" level="INFO">Sending key(s) ('CTRL+a', 'BACKSPACE') to //div//input[@type='password'] element.</msg>
<msg time="2025-06-03T23:35:48.893570" level="INFO">Pressing special key CONTROL down.</msg>
<msg time="2025-06-03T23:35:48.893570" level="INFO">Sending key a</msg>
<msg time="2025-06-03T23:35:48.893570" level="INFO">Releasing special key CONTROL.</msg>
<msg time="2025-06-03T23:35:48.900571" level="INFO">Pressing special key BACKSPACE to element.</msg>
<msg time="2025-06-03T23:35:48.900571" level="INFO">Releasing special key BACKSPACE.</msg>
<arg>${Clear_element}</arg>
<arg>CTRL+a</arg>
<arg>BACKSPACE</arg>
<doc>Simulates the user pressing key(s) to an element or on the active browser.</doc>
<status status="PASS" start="2025-06-03T23:35:48.612174" elapsed="0.297399"/>
</kw>
<arg>${Password_Locator}</arg>
<status status="PASS" start="2025-06-03T23:35:48.549708" elapsed="0.360867"/>
</kw>
<doc>Đăng nhập với email thiếu dấu chấm</doc>
<status status="PASS" start="2025-06-03T23:35:47.842885" elapsed="1.067690"/>
</test>
<test id="s1-s1-t12" name="Đăng nhập không thành công khi nhập email duplicate dot" line="118">
<kw name="Wait Until Element Is Visible" owner="SeleniumLibrary">
<arg>${Email_Locator}</arg>
<arg>3s</arg>
<doc>Waits until the element ``locator`` is visible.</doc>
<status status="PASS" start="2025-06-03T23:35:48.911573" elapsed="0.016004"/>
</kw>
<kw name="Input Text" owner="SeleniumLibrary">
<msg time="2025-06-03T23:35:48.928577" level="INFO">Typing text 'thaontt@gmail..com' into text field '//div//input[@type='email']'.</msg>
<arg>${Email_Locator}</arg>
<arg>thaontt@gmail..com</arg>
<doc>Types the given ``text`` into the text field identified by ``locator``.</doc>
<status status="PASS" start="2025-06-03T23:35:48.928577" elapsed="0.103026"/>
</kw>
<kw name="Input Text" owner="SeleniumLibrary">
<msg time="2025-06-03T23:35:49.032601" level="INFO">Typing text 'thao2702@' into text field '//div//input[@type='password']'.</msg>
<arg>${Password_Locator}</arg>
<arg>thao2702@</arg>
<doc>Types the given ``text`` into the text field identified by ``locator``.</doc>
<status status="PASS" start="2025-06-03T23:35:49.032601" elapsed="0.095022"/>
</kw>
<kw name="Wait Until Element Is Visible" owner="SeleniumLibrary">
<arg>${Message_error_MissEmail}</arg>
<arg>3s</arg>
<doc>Waits until the element ``locator`` is visible.</doc>
<status status="PASS" start="2025-06-03T23:35:49.127623" elapsed="0.016004"/>
</kw>
<kw name="Clear Text" owner="Utils">
<kw name="Click Element" owner="SeleniumLibrary">
<msg time="2025-06-03T23:35:49.144626" level="INFO">Clicking element '//div//input[@type='email']'.</msg>
<arg>${Clear_element}</arg>
<doc>Click the element identified by ``locator``.</doc>
<status status="PASS" start="2025-06-03T23:35:49.144626" elapsed="0.064019"/>
</kw>
<kw name="Press Keys" owner="SeleniumLibrary">
<msg time="2025-06-03T23:35:49.209641" level="INFO">Sending key(s) ('CTRL+a', 'BACKSPACE') to //div//input[@type='email'] element.</msg>
<msg time="2025-06-03T23:35:49.512909" level="INFO">Pressing special key CONTROL down.</msg>
<msg time="2025-06-03T23:35:49.513918" level="INFO">Sending key a</msg>
<msg time="2025-06-03T23:35:49.513918" level="INFO">Releasing special key CONTROL.</msg>
<msg time="2025-06-03T23:35:49.531906" level="INFO">Pressing special key BACKSPACE to element.</msg>
<msg time="2025-06-03T23:35:49.531906" level="INFO">Releasing special key BACKSPACE.</msg>
<arg>${Clear_element}</arg>
<arg>CTRL+a</arg>
<arg>BACKSPACE</arg>
<doc>Simulates the user pressing key(s) to an element or on the active browser.</doc>
<status status="PASS" start="2025-06-03T23:35:49.209641" elapsed="0.339278"/>
</kw>
<arg>${Email_Locator}</arg>
<status status="PASS" start="2025-06-03T23:35:49.143627" elapsed="0.405292"/>
</kw>
<kw name="Clear Text" owner="Utils">
<kw name="Click Element" owner="SeleniumLibrary">
<msg time="2025-06-03T23:35:49.550912" level="INFO">Clicking element '//div//input[@type='password']'.</msg>
<arg>${Clear_element}</arg>
<doc>Click the element identified by ``locator``.</doc>
<status status="PASS" start="2025-06-03T23:35:49.550912" elapsed="0.094022"/>
</kw>
<kw name="Press Keys" owner="SeleniumLibrary">
<msg time="2025-06-03T23:35:49.645931" level="INFO">Sending key(s) ('CTRL+a', 'BACKSPACE') to //div//input[@type='password'] element.</msg>
<msg time="2025-06-03T23:35:49.934511" level="INFO">Pressing special key CONTROL down.</msg>
<msg time="2025-06-03T23:35:49.934511" level="INFO">Sending key a</msg>
<msg time="2025-06-03T23:35:49.934511" level="INFO">Releasing special key CONTROL.</msg>
<msg time="2025-06-03T23:35:49.943515" level="INFO">Pressing special key BACKSPACE to element.</msg>
<msg time="2025-06-03T23:35:49.943515" level="INFO">Releasing special key BACKSPACE.</msg>
<arg>${Clear_element}</arg>
<arg>CTRL+a</arg>
<arg>BACKSPACE</arg>
<doc>Simulates the user pressing key(s) to an element or on the active browser.</doc>
<status status="PASS" start="2025-06-03T23:35:49.645931" elapsed="0.304584"/>
</kw>
<arg>${Password_Locator}</arg>
<status status="PASS" start="2025-06-03T23:35:49.549914" elapsed="0.400601"/>
</kw>
<doc>Đăng nhập với email duplicate dot</doc>
<status status="PASS" start="2025-06-03T23:35:48.911573" elapsed="1.038942"/>
</test>
<test id="s1-s1-t13" name="Đăng nhập không thành công khi để trống password" line="127">
<kw name="Wait Until Element Is Visible" owner="SeleniumLibrary">
<arg>${Email_Locator}</arg>
<arg>3s</arg>
<doc>Waits until the element ``locator`` is visible.</doc>
<status status="PASS" start="2025-06-03T23:35:49.951516" elapsed="0.016002"/>
</kw>
<kw name="Input Text" owner="SeleniumLibrary">
<msg time="2025-06-03T23:35:49.968520" level="INFO">Typing text 'thanhthaongo845@gmail.com' into text field '//div//input[@type='email']'.</msg>
<arg>${Email_Locator}</arg>
<arg>thanhthaongo845@gmail.com</arg>
<doc>Types the given ``text`` into the text field identified by ``locator``.</doc>
<status status="PASS" start="2025-06-03T23:35:49.968520" elapsed="0.113028"/>
</kw>
<kw name="Input Text" owner="SeleniumLibrary">
<msg time="2025-06-03T23:35:50.083545" level="INFO">Typing text '' into text field '//div//input[@type='password']'.</msg>
<arg>${Password_Locator}</arg>
<arg>${EMPTY}</arg>
<doc>Types the given ``text`` into the text field identified by ``locator``.</doc>
<status status="PASS" start="2025-06-03T23:35:50.082548" elapsed="0.078016"/>
</kw>
<kw name="Wait Until Element Is Visible" owner="SeleniumLibrary">
<arg>${Message_error_MissPassword}</arg>
<arg>3s</arg>
<doc>Waits until the element ``locator`` is visible.</doc>
<status status="PASS" start="2025-06-03T23:35:50.161563" elapsed="0.018004"/>
</kw>
<kw name="Clear Text" owner="Utils">
<kw name="Click Element" owner="SeleniumLibrary">
<msg time="2025-06-03T23:35:50.179567" level="INFO">Clicking element '//div//input[@type='email']'.</msg>
<arg>${Clear_element}</arg>
<doc>Click the element identified by ``locator``.</doc>
<status status="PASS" start="2025-06-03T23:35:50.179567" elapsed="0.066015"/>
</kw>
<kw name="Press Keys" owner="SeleniumLibrary">
<msg time="2025-06-03T23:35:50.245582" level="INFO">Sending key(s) ('CTRL+a', 'BACKSPACE') to //div//input[@type='email'] element.</msg>
<msg time="2025-06-03T23:35:50.521365" level="INFO">Pressing special key CONTROL down.</msg>
<msg time="2025-06-03T23:35:50.521365" level="INFO">Sending key a</msg>
<msg time="2025-06-03T23:35:50.521365" level="INFO">Releasing special key CONTROL.</msg>
<msg time="2025-06-03T23:35:50.529366" level="INFO">Pressing special key BACKSPACE to element.</msg>
<msg time="2025-06-03T23:35:50.529366" level="INFO">Releasing special key BACKSPACE.</msg>
<arg>${Clear_element}</arg>
<arg>CTRL+a</arg>
<arg>BACKSPACE</arg>
<doc>Simulates the user pressing key(s) to an element or on the active browser.</doc>
<status status="PASS" start="2025-06-03T23:35:50.245582" elapsed="0.291785"/>
</kw>
<arg>${Email_Locator}</arg>
<status status="PASS" start="2025-06-03T23:35:50.179567" elapsed="0.357800"/>
</kw>
<doc>Đăng nhập với password trống</doc>
<status status="PASS" start="2025-06-03T23:35:49.951516" elapsed="0.585851"/>
</test>
<test id="s1-s1-t14" name="Đăng nhập thành công khi nhập thông tin hợp lệ" line="135">
<kw name="Login Web Haui Food" owner="SignIn">
<kw name="Maximize Browser Window" owner="SeleniumLibrary">
<doc>Maximizes current browser window.</doc>
<status status="PASS" start="2025-06-03T23:35:50.539370" elapsed="0.004002"/>
</kw>
<kw name="Execute Javascript" owner="SeleniumLibrary">
<msg time="2025-06-03T23:35:50.544370" level="INFO">Executing JavaScript:
document.body.style.zoom = '0.8';
Without any arguments.</msg>
<arg>document.body.style.zoom = '0.8';</arg>
<doc>Executes the given JavaScript code with possible arguments.</doc>
<status status="PASS" start="2025-06-03T23:35:50.544370" elapsed="0.004001"/>
</kw>
<kw name="Wait Until Element Is Visible" owner="SeleniumLibrary">
<arg>${Email_Locator}</arg>
<arg>3s</arg>
<doc>Waits until the element ``locator`` is visible.</doc>
<status status="PASS" start="2025-06-03T23:35:50.548371" elapsed="0.016003"/>
</kw>
<kw name="Input Text" owner="SeleniumLibrary">
<msg time="2025-06-03T23:35:50.565374" level="INFO">Typing text 'thaontt@gmail.com' into text field '//div//input[@type='email']'.</msg>
<arg>${Email_Locator}</arg>
<arg>${Email}</arg>
<doc>Types the given ``text`` into the text field identified by ``locator``.</doc>
<status status="PASS" start="2025-06-03T23:35:50.564374" elapsed="0.116028"/>
</kw>
<kw name="Input Text" owner="SeleniumLibrary">
<msg time="2025-06-03T23:35:50.680402" level="INFO">Typing text 'Thao2702@' into text field '//div//input[@type='password']'.</msg>
<arg>${Password_Locator}</arg>
<arg>${Password}</arg>
<doc>Types the given ``text`` into the text field identified by ``locator``.</doc>
<status status="PASS" start="2025-06-03T23:35:50.680402" elapsed="0.088021"/>
</kw>
<kw name="Click Button" owner="SeleniumLibrary">
<msg time="2025-06-03T23:35:50.768423" level="INFO">Clicking button '//div//form//div//button[@type="submit"]'.</msg>
<arg>${Button_SignIn}</arg>
<doc>Clicks the button identified by ``locator``.</doc>
<status status="PASS" start="2025-06-03T23:35:50.768423" elapsed="0.070012"/>
</kw>
<arg>thaontt@gmail.com</arg>
<arg>Thao2702@</arg>
<status status="PASS" start="2025-06-03T23:35:50.539370" elapsed="0.300065"/>
</kw>
<kw name="Wait Until Element Is Visible" owner="SeleniumLibrary">
<arg>${Message_SignIn_Success}</arg>
<arg>3s</arg>
<doc>Waits until the element ``locator`` is visible.</doc>
<status status="PASS" start="2025-06-03T23:35:50.843438" elapsed="1.328829"/>
</kw>
<kw name="Close Browser" owner="SeleniumLibrary">
<doc>Closes the current browser.</doc>
<status status="PASS" start="2025-06-03T23:35:52.173266" elapsed="2.191825"/>
</kw>
<kw name="Sleep" owner="BuiltIn">
<msg time="2025-06-03T23:35:59.366417" level="INFO">Slept 5 seconds.</msg>
<arg>5s</arg>
<doc>Pauses the test executed for the given time.</doc>
<status status="PASS" start="2025-06-03T23:35:54.366074" elapsed="5.000343"/>
</kw>
<doc>Đăng nhập với thông tin hợp lệ</doc>
<status status="PASS" start="2025-06-03T23:35:50.538371" elapsed="8.828046"/>
</test>
<status status="PASS" start="2025-06-03T23:35:29.351777" elapsed="30.015641"/>
</suite>
<suite id="s1-s2" name="02 Search" source="D:\Downloads\DATNThao\HAUI_Food\TestCase\02_Search.robot">
<kw name="Open Browwer And Login" owner="SignIn" type="SETUP">
<kw name="Evaluate" owner="BuiltIn">
<msg time="2025-06-03T23:35:59.451436" level="INFO">${options} = &lt;selenium.webdriver.chrome.options.Options object at 0x000002181B7FA930&gt;</msg>
<var>${options}</var>
<arg>sys.modules['selenium.webdriver'].ChromeOptions()</arg>
<arg>sys</arg>
<doc>Evaluates the given expression in Python and returns the result.</doc>
<status status="PASS" start="2025-06-03T23:35:59.450437" elapsed="0.000999"/>
</kw>
<kw name="Get Environment Variable" owner="OperatingSystem">
<msg time="2025-06-03T23:35:59.451436" level="INFO">${is_ci} = False</msg>
<var>${is_ci}</var>
<arg>CI</arg>
<arg>False</arg>
<doc>Returns the value of an environment variable with the given name.</doc>
<status status="PASS" start="2025-06-03T23:35:59.451436" elapsed="0.000000"/>
</kw>
<kw name="Create List" owner="BuiltIn">
<msg time="2025-06-03T23:35:59.452437" level="INFO">${chrome_args} = ['--no-sandbox', '--disable-dev-shm-usage']</msg>
<var>${chrome_args}</var>
<arg>--no-sandbox</arg>
<arg>--disable-dev-shm-usage</arg>
<doc>Returns a list containing given items.</doc>
<status status="PASS" start="2025-06-03T23:35:59.452437" elapsed="0.000000"/>
</kw>
<kw name="Run Keyword If" owner="BuiltIn">
<arg>'${is_ci}'=='true'</arg>
<arg>Append To List</arg>
<arg>${chrome_args}</arg>
<arg>--headless</arg>
<doc>Runs the given keyword with the given arguments, if ``condition`` is true.</doc>
<status status="PASS" start="2025-06-03T23:35:59.452437" elapsed="0.000000"/>
</kw>
<kw name="Run Keyword Unless" owner="BuiltIn">
<msg time="2025-06-03T23:35:59.452437" level="WARN">Keyword 'BuiltIn.Run Keyword Unless' is deprecated. </msg>
<kw name="Append To List" owner="Collections">
<arg>${chrome_args}</arg>
<arg>--user-data-dir=${EXECDIR}/temp_chrome_profile</arg>
<doc>Adds ``values`` to the end of ``list``.</doc>
<status status="PASS" start="2025-06-03T23:35:59.454437" elapsed="0.000000"/>
</kw>
<arg>'${is_ci}'=='true'</arg>
<arg>Append To List</arg>
<arg>${chrome_args}</arg>
<arg>--user-data-dir=${EXECDIR}/temp_chrome_profile</arg>
<doc>*DEPRECATED since RF 5.0. Use Native IF/ELSE or `Run Keyword If` instead.*</doc>
<status status="PASS" start="2025-06-03T23:35:59.452437" elapsed="0.002000"/>
</kw>
<for flavor="IN">
<iter>
<kw name="Call Method" owner="BuiltIn">
<arg>${options}</arg>
<arg>add_argument</arg>
<arg>${arg}</arg>
<doc>Calls the named method of the given object with the provided arguments.</doc>
<status status="PASS" start="2025-06-03T23:35:59.455438" elapsed="0.000000"/>
</kw>
<var name="${arg}">--no-sandbox</var>
<status status="PASS" start="2025-06-03T23:35:59.455438" elapsed="0.000000"/>
</iter>
<iter>
<kw name="Call Method" owner="BuiltIn">
<arg>${options}</arg>
<arg>add_argument</arg>
<arg>${arg}</arg>
<doc>Calls the named method of the given object with the provided arguments.</doc>
<status status="PASS" start="2025-06-03T23:35:59.456437" elapsed="0.000000"/>
</kw>
<var name="${arg}">--disable-dev-shm-usage</var>
<status status="PASS" start="2025-06-03T23:35:59.456437" elapsed="0.000000"/>
</iter>
<iter>
<kw name="Call Method" owner="BuiltIn">
<arg>${options}</arg>
<arg>add_argument</arg>
<arg>${arg}</arg>
<doc>Calls the named method of the given object with the provided arguments.</doc>
<status status="PASS" start="2025-06-03T23:35:59.457438" elapsed="0.000000"/>
</kw>
<var name="${arg}">--user-data-dir=D:\Downloads\DATNThao\HAUI_Food/temp_chrome_profile</var>
<status status="PASS" start="2025-06-03T23:35:59.456437" elapsed="0.001001"/>
</iter>
<var>${arg}</var>
<value>@{chrome_args}</value>
<status status="PASS" start="2025-06-03T23:35:59.455438" elapsed="0.002000"/>
</for>
<kw name="Open Browser" owner="SeleniumLibrary">
<msg time="2025-06-03T23:35:59.457438" level="INFO">Opening browser 'chrome' to base url 'https://hauifood.vn/auth/login'.</msg>
<arg>${URL}</arg>
<arg>${BROWSER}</arg>
<arg>options=${options}</arg>
<doc>Opens a new browser instance to the optional ``url``.</doc>
<status status="PASS" start="2025-06-03T23:35:59.457438" elapsed="3.110738"/>
</kw>
<kw name="Login Web Haui Food" owner="SignIn">
<kw name="Maximize Browser Window" owner="SeleniumLibrary">
<doc>Maximizes current browser window.</doc>
<status status="PASS" start="2025-06-03T23:36:02.571178" elapsed="0.081017"/>
</kw>
<kw name="Execute Javascript" owner="SeleniumLibrary">
<msg time="2025-06-03T23:36:02.654195" level="INFO">Executing JavaScript:
document.body.style.zoom = '0.8';
Without any arguments.</msg>
<arg>document.body.style.zoom = '0.8';</arg>
<doc>Executes the given JavaScript code with possible arguments.</doc>
<status status="PASS" start="2025-06-03T23:36:02.653196" elapsed="0.014004"/>
</kw>
<kw name="Wait Until Element Is Visible" owner="SeleniumLibrary">
<arg>${Email_Locator}</arg>
<arg>3s</arg>
<doc>Waits until the element ``locator`` is visible.</doc>
<status status="PASS" start="2025-06-03T23:36:02.667200" elapsed="0.553123"/>
</kw>
<kw name="Input Text" owner="SeleniumLibrary">
<msg time="2025-06-03T23:36:03.221324" level="INFO">Typing text 'thaontt@gmail.com' into text field '//div//input[@type='email']'.</msg>
<arg>${Email_Locator}</arg>
<arg>${Email}</arg>
<doc>Types the given ``text`` into the text field identified by ``locator``.</doc>
<status status="PASS" start="2025-06-03T23:36:03.220323" elapsed="0.170039"/>
</kw>
<kw name="Input Text" owner="SeleniumLibrary">
<msg time="2025-06-03T23:36:03.391362" level="INFO">Typing text 'Thao2702@' into text field '//div//input[@type='password']'.</msg>
<arg>${Password_Locator}</arg>
<arg>${Password}</arg>
<doc>Types the given ``text`` into the text field identified by ``locator``.</doc>
<status status="PASS" start="2025-06-03T23:36:03.390362" elapsed="0.111035"/>
</kw>
<kw name="Click Button" owner="SeleniumLibrary">
<msg time="2025-06-03T23:36:03.502388" level="INFO">Clicking button '//div//form//div//button[@type="submit"]'.</msg>
<arg>${Button_SignIn}</arg>
<doc>Clicks the button identified by ``locator``.</doc>
<status status="PASS" start="2025-06-03T23:36:03.501397" elapsed="0.093987"/>
</kw>
<arg>thaontt@gmail.com</arg>
<arg>Thao2702@</arg>
<status status="PASS" start="2025-06-03T23:36:02.568176" elapsed="1.028208"/>
</kw>
<status status="PASS" start="2025-06-03T23:35:59.450437" elapsed="4.145947"/>
</kw>
<test id="s1-s2-t1" name="Tìm kiếm sản phẩm thành công nhập đúng tên sản phẩm" line="18">
<kw name="Search success with text detail" owner="Search">
<kw name="Wait Until Element Is Visible" owner="SeleniumLibrary">
<arg>${Input_Search}</arg>
<arg>${TimeOut}</arg>
<doc>Waits until the element ``locator`` is visible.</doc>
<status status="PASS" start="2025-06-03T23:36:03.597383" elapsed="0.492921"/>
</kw>
<kw name="Input Text" owner="SeleniumLibrary">
<msg time="2025-06-03T23:36:04.091301" level="INFO">Typing text 'Cơm heo quay' into text field '//div[@class='Banner_banner__search-container__FojyL']//input'.</msg>
<arg>${Input_Search}</arg>
<arg>${Text}</arg>
<doc>Types the given ``text`` into the text field identified by ``locator``.</doc>
<status status="PASS" start="2025-06-03T23:36:04.090304" elapsed="0.405090"/>
</kw>
<kw name="Sleep" owner="BuiltIn">
<msg time="2025-06-03T23:36:07.496068" level="INFO">Slept 3 seconds.</msg>
<arg>3s</arg>
<doc>Pauses the test executed for the given time.</doc>
<status status="PASS" start="2025-06-03T23:36:04.495394" elapsed="3.000674"/>
</kw>
<kw name="Shoule Be Equal Name Product" owner="Search">
<kw name="Get WebElements" owner="SeleniumLibrary">
<msg time="2025-06-03T23:36:07.520087" level="INFO">${elements} = [&lt;selenium.webdriver.remote.webelement.WebElement (session="fd1dea10744ac04d6914a07afaaf82c2", element="f.ED3E215DA543DE900D004E653EA07DE2.d.71D14B7CAEB712CD8B8106254A9627EE.e.1237")&gt;]</msg>
<var>${elements}</var>
<arg>${List}</arg>
<doc>Returns a list of WebElement objects matching the ``locator``.</doc>
<status status="PASS" start="2025-06-03T23:36:07.497081" elapsed="0.023006"/>
</kw>
<kw name="Get Length" owner="BuiltIn">
<msg time="2025-06-03T23:36:07.520087" level="INFO">Length is 1.</msg>
<msg time="2025-06-03T23:36:07.520087" level="INFO">${len} = 1</msg>
<var>${len}</var>
<arg>${elements}</arg>
<doc>Returns and logs the length of the given item as an integer.</doc>
<status status="PASS" start="2025-06-03T23:36:07.520087" elapsed="0.000000"/>
</kw>
<for flavor="IN RANGE">
<iter>
<kw name="Get Text" owner="SeleniumLibrary">
<msg time="2025-06-03T23:36:07.565506" level="INFO">${Product} = Cơm heo quay</msg>
<var>${Product}</var>
<arg>(${List})[${index}]</arg>
<doc>Returns the text value of the element identified by ``locator``.</doc>
<status status="PASS" start="2025-06-03T23:36:07.521087" elapsed="0.044419"/>
</kw>
<kw name="Scroll Element Into View" owner="SeleniumLibrary">
<arg>(${List})[${index}]</arg>
<doc>Scrolls the element identified by ``locator`` into view.</doc>
<status status="PASS" start="2025-06-03T23:36:07.565506" elapsed="0.295956"/>
</kw>
<kw name="Run Keyword And Return Status" owner="BuiltIn">
<kw name="Should Contain" owner="BuiltIn">
<msg time="2025-06-03T23:36:07.864466" level="FAIL">'cơm heo quay' does not contain 'bánh mì'</msg>
<arg>${Product.lower()}</arg>
<arg>bánh mì</arg>
<doc>Fails if ``container`` does not contain ``item`` one or more times.</doc>
<status status="FAIL" start="2025-06-03T23:36:07.862455" elapsed="0.002011">'cơm heo quay' does not contain 'bánh mì'</status>
</kw>
<msg time="2025-06-03T23:36:07.864466" level="INFO">${status} = False</msg>
<var>${status}</var>
<arg>Should Contain</arg>
<arg>${Product.lower()}</arg>
<arg>bánh mì</arg>
<doc>Runs the given keyword with given arguments and returns the status as a Boolean value.</doc>
<status status="PASS" start="2025-06-03T23:36:07.862455" elapsed="0.002011"/>
</kw>
<if>
<branch type="IF" condition="&quot;${status}&quot; == &quot;${true}&quot;">
<kw name="Log To Console" owner="BuiltIn">
<arg>Product ${index} search success</arg>
<doc>Logs the given message to the console.</doc>
<status status="NOT RUN" start="2025-06-03T23:36:07.865466" elapsed="0.000000"/>
</kw>
<status status="NOT RUN" start="2025-06-03T23:36:07.865466" elapsed="0.000000"/>
</branch>
<branch type="ELSE">
<kw name="Log To Console" owner="BuiltIn">
<arg>Product ${index} is different from search Product</arg>
<doc>Logs the given message to the console.</doc>
<status status="PASS" start="2025-06-03T23:36:07.866466" elapsed="0.000000"/>
</kw>
<status status="PASS" start="2025-06-03T23:36:07.865466" elapsed="0.001000"/>
</branch>
<status status="PASS" start="2025-06-03T23:36:07.865466" elapsed="0.001984"/>
</if>
<var name="${index}">1</var>
<status status="PASS" start="2025-06-03T23:36:07.521087" elapsed="0.346363"/>
</iter>
<var>${index}</var>
<value>1</value>
<value>${len}+1</value>
<status status="PASS" start="2025-06-03T23:36:07.520087" elapsed="0.347363"/>
</for>
<arg>${List_Name_Product}</arg>
<status status="PASS" start="2025-06-03T23:36:07.496068" elapsed="0.371382"/>
</kw>
<arg>Cơm heo quay</arg>
<status status="PASS" start="2025-06-03T23:36:03.597383" elapsed="4.271067"/>
</kw>
<status status="PASS" start="2025-06-03T23:36:03.596384" elapsed="4.273066"/>
</test>
<test id="s1-s2-t2" name="Product search successful enter approximate product name" line="21">
<kw name="Search success" owner="Search">
<kw name="Wait Until Element Is Visible" owner="SeleniumLibrary">
<arg>${Input_Search}</arg>
<arg>${TimeOut}</arg>
<doc>Waits until the element ``locator`` is visible.</doc>
<status status="PASS" start="2025-06-03T23:36:07.871452" elapsed="0.027554"/>
</kw>
<kw name="Input Text" owner="SeleniumLibrary">
<msg time="2025-06-03T23:36:07.900005" level="INFO">Typing text 'Bánh Mì' into text field '//div[@class='Banner_banner__search-container__FojyL']//input'.</msg>
<arg>${Input_Search}</arg>
<arg>Bánh Mì</arg>
<doc>Types the given ``text`` into the text field identified by ``locator``.</doc>
<status status="PASS" start="2025-06-03T23:36:07.899006" elapsed="0.133031"/>
</kw>
<kw name="Sleep" owner="BuiltIn">
<msg time="2025-06-03T23:36:11.033625" level="INFO">Slept 3 seconds.</msg>
<arg>3s</arg>
<doc>Pauses the test executed for the given time.</doc>
<status status="PASS" start="2025-06-03T23:36:08.032037" elapsed="3.001588"/>
</kw>
<kw name="Shoule Be Equal Name Product" owner="Search">
<kw name="Get WebElements" owner="SeleniumLibrary">
<msg time="2025-06-03T23:36:11.048629" level="INFO">${elements} = [&lt;selenium.webdriver.remote.webelement.WebElement (session="fd1dea10744ac04d6914a07afaaf82c2", element="f.ED3E215DA543DE900D004E653EA07DE2.d.71D14B7CAEB712CD8B8106254A9627EE.e.1267")&gt;, &lt;selenium.webdr...</msg>
<var>${elements}</var>
<arg>${List}</arg>
<doc>Returns a list of WebElement objects matching the ``locator``.</doc>
<status status="PASS" start="2025-06-03T23:36:11.034625" elapsed="0.014004"/>
</kw>
<kw name="Get Length" owner="BuiltIn">
<msg time="2025-06-03T23:36:11.049629" level="INFO">Length is 10.</msg>
<msg time="2025-06-03T23:36:11.049629" level="INFO">${len} = 10</msg>
<var>${len}</var>
<arg>${elements}</arg>
<doc>Returns and logs the length of the given item as an integer.</doc>
<status status="PASS" start="2025-06-03T23:36:11.049629" elapsed="0.000000"/>
</kw>
<for flavor="IN RANGE">
<iter>
<kw name="Get Text" owner="SeleniumLibrary">
<msg time="2025-06-03T23:36:11.073635" level="INFO">${Product} = Bánh mì xúc xích</msg>
<var>${Product}</var>
<arg>(${List})[${index}]</arg>
<doc>Returns the text value of the element identified by ``locator``.</doc>
<status status="PASS" start="2025-06-03T23:36:11.050629" elapsed="0.023006"/>
</kw>
<kw name="Scroll Element Into View" owner="SeleniumLibrary">
<arg>(${List})[${index}]</arg>
<doc>Scrolls the element identified by ``locator`` into view.</doc>
<status status="PASS" start="2025-06-03T23:36:11.073635" elapsed="0.285026"/>
</kw>
<kw name="Run Keyword And Return Status" owner="BuiltIn">
<kw name="Should Contain" owner="BuiltIn">
<arg>${Product.lower()}</arg>
<arg>bánh mì</arg>
<doc>Fails if ``container`` does not contain ``item`` one or more times.</doc>
<status status="PASS" start="2025-06-03T23:36:11.358661" elapsed="0.000999"/>
</kw>
<msg time="2025-06-03T23:36:11.360662" level="INFO">${status} = True</msg>
<var>${status}</var>
<arg>Should Contain</arg>
<arg>${Product.lower()}</arg>
<arg>bánh mì</arg>
<doc>Runs the given keyword with given arguments and returns the status as a Boolean value.</doc>
<status status="PASS" start="2025-06-03T23:36:11.358661" elapsed="0.002001"/>
</kw>
<if>
<branch type="IF" condition="&quot;${status}&quot; == &quot;${true}&quot;">
<kw name="Log To Console" owner="BuiltIn">
<arg>Product ${index} search success</arg>
<doc>Logs the given message to the console.</doc>
<status status="PASS" start="2025-06-03T23:36:11.360662" elapsed="0.001005"/>
</kw>
<status status="PASS" start="2025-06-03T23:36:11.360662" elapsed="0.001005"/>
</branch>
<branch type="ELSE">
<kw name="Log To Console" owner="BuiltIn">
<arg>Product ${index} is different from search Product</arg>
<doc>Logs the given message to the console.</doc>
<status status="NOT RUN" start="2025-06-03T23:36:11.361667" elapsed="0.000000"/>
</kw>
<status status="NOT RUN" start="2025-06-03T23:36:11.361667" elapsed="0.000000"/>
</branch>
<status status="PASS" start="2025-06-03T23:36:11.360662" elapsed="0.001005"/>
</if>
<var name="${index}">1</var>
<status status="PASS" start="2025-06-03T23:36:11.050629" elapsed="0.311038"/>
</iter>
<iter>
<kw name="Get Text" owner="SeleniumLibrary">
<msg time="2025-06-03T23:36:11.388667" level="INFO">${Product} = Bánh mì thập cẩm</msg>
<var>${Product}</var>
<arg>(${List})[${index}]</arg>
<doc>Returns the text value of the element identified by ``locator``.</doc>
<status status="PASS" start="2025-06-03T23:36:11.361667" elapsed="0.027000"/>
</kw>
<kw name="Scroll Element Into View" owner="SeleniumLibrary">
<arg>(${List})[${index}]</arg>
<doc>Scrolls the element identified by ``locator`` into view.</doc>
<status status="PASS" start="2025-06-03T23:36:11.389668" elapsed="0.287120"/>
</kw>
<kw name="Run Keyword And Return Status" owner="BuiltIn">
<kw name="Should Contain" owner="BuiltIn">
<arg>${Product.lower()}</arg>
<arg>bánh mì</arg>
<doc>Fails if ``container`` does not contain ``item`` one or more times.</doc>
<status status="PASS" start="2025-06-03T23:36:11.676788" elapsed="0.001000"/>
</kw>
<msg time="2025-06-03T23:36:11.677788" level="INFO">${status} = True</msg>
<var>${status}</var>
<arg>Should Contain</arg>
<arg>${Product.lower()}</arg>
<arg>bánh mì</arg>
<doc>Runs the given keyword with given arguments and returns the status as a Boolean value.</doc>
<status status="PASS" start="2025-06-03T23:36:11.676788" elapsed="0.001000"/>
</kw>
<if>
<branch type="IF" condition="&quot;${status}&quot; == &quot;${true}&quot;">
<kw name="Log To Console" owner="BuiltIn">
<arg>Product ${index} search success</arg>
<doc>Logs the given message to the console.</doc>
<status status="PASS" start="2025-06-03T23:36:11.678782" elapsed="0.000000"/>
</kw>
<status status="PASS" start="2025-06-03T23:36:11.678782" elapsed="0.000000"/>
</branch>
<branch type="ELSE">
<kw name="Log To Console" owner="BuiltIn">
<arg>Product ${index} is different from search Product</arg>
<doc>Logs the given message to the console.</doc>
<status status="NOT RUN" start="2025-06-03T23:36:11.678782" elapsed="0.000989"/>
</kw>
<status status="NOT RUN" start="2025-06-03T23:36:11.678782" elapsed="0.000989"/>
</branch>
<status status="PASS" start="2025-06-03T23:36:11.677788" elapsed="0.001983"/>
</if>
<var name="${index}">2</var>
<status status="PASS" start="2025-06-03T23:36:11.361667" elapsed="0.318104"/>
</iter>
<iter>
<kw name="Get Text" owner="SeleniumLibrary">
<msg time="2025-06-03T23:36:11.704777" level="INFO">${Product} = Bánh mì heo quay</msg>
<var>${Product}</var>
<arg>(${List})[${index}]</arg>
<doc>Returns the text value of the element identified by ``locator``.</doc>
<status status="PASS" start="2025-06-03T23:36:11.679771" elapsed="0.025006"/>
</kw>
<kw name="Scroll Element Into View" owner="SeleniumLibrary">
<arg>(${List})[${index}]</arg>
<doc>Scrolls the element identified by ``locator`` into view.</doc>
<status status="PASS" start="2025-06-03T23:36:11.704777" elapsed="0.287064"/>
</kw>
<kw name="Run Keyword And Return Status" owner="BuiltIn">
<kw name="Should Contain" owner="BuiltIn">
<arg>${Product.lower()}</arg>
<arg>bánh mì</arg>
<doc>Fails if ``container`` does not contain ``item`` one or more times.</doc>
<status status="PASS" start="2025-06-03T23:36:11.992841" elapsed="0.000999"/>
</kw>
<msg time="2025-06-03T23:36:11.993840" level="INFO">${status} = True</msg>
<var>${status}</var>
<arg>Should Contain</arg>
<arg>${Product.lower()}</arg>
<arg>bánh mì</arg>
<doc>Runs the given keyword with given arguments and returns the status as a Boolean value.</doc>
<status status="PASS" start="2025-06-03T23:36:11.992841" elapsed="0.000999"/>
</kw>
<if>
<branch type="IF" condition="&quot;${status}&quot; == &quot;${true}&quot;">
<kw name="Log To Console" owner="BuiltIn">
<arg>Product ${index} search success</arg>
<doc>Logs the given message to the console.</doc>
<status status="PASS" start="2025-06-03T23:36:11.993840" elapsed="0.001001"/>
</kw>
<status status="PASS" start="2025-06-03T23:36:11.993840" elapsed="0.001001"/>
</branch>
<branch type="ELSE">
<kw name="Log To Console" owner="BuiltIn">
<arg>Product ${index} is different from search Product</arg>
<doc>Logs the given message to the console.</doc>
<status status="NOT RUN" start="2025-06-03T23:36:11.994841" elapsed="0.000000"/>
</kw>
<status status="NOT RUN" start="2025-06-03T23:36:11.994841" elapsed="0.000000"/>
</branch>
<status status="PASS" start="2025-06-03T23:36:11.993840" elapsed="0.001001"/>
</if>
<var name="${index}">3</var>
<status status="PASS" start="2025-06-03T23:36:11.679771" elapsed="0.315070"/>
</iter>
<iter>
<kw name="Get Text" owner="SeleniumLibrary">
<msg time="2025-06-03T23:36:12.019849" level="INFO">${Product} = Bánh mì bơ tỏi</msg>
<var>${Product}</var>
<arg>(${List})[${index}]</arg>
<doc>Returns the text value of the element identified by ``locator``.</doc>
<status status="PASS" start="2025-06-03T23:36:11.995843" elapsed="0.024006"/>
</kw>
<kw name="Scroll Element Into View" owner="SeleniumLibrary">
<arg>(${List})[${index}]</arg>
<doc>Scrolls the element identified by ``locator`` into view.</doc>
<status status="PASS" start="2025-06-03T23:36:12.019849" elapsed="0.287266"/>
</kw>
<kw name="Run Keyword And Return Status" owner="BuiltIn">
[...]
</kw>
<arg>${Password_Locator}</arg>
<status status="PASS" start="2025-06-03T23:40:49.466519" elapsed="0.833181"/>
</kw>
<doc>SignUp with email already exists</doc>
<status status="PASS" start="2025-06-03T23:40:45.135852" elapsed="5.164847"/>
</test>
<test id="s1-s9-t2" name="Đăng ký không thành công khi để trống tên" line="37">
<kw name="Wait Until Element Is Visible" owner="SeleniumLibrary">
<arg>${Email_Locator}</arg>
<arg>${TimeOut}</arg>
<doc>Waits until the element ``locator`` is visible.</doc>
<status status="PASS" start="2025-06-03T23:40:50.301699" elapsed="0.015004"/>
</kw>
<kw name="Input Text" owner="SeleniumLibrary">
<msg time="2025-06-03T23:40:50.317703" level="INFO">Typing text '' into text field '//input[@placeholder='Họ tên']'.</msg>
<arg>${Name_Locator}</arg>
<arg>${EMPTY}</arg>
<doc>Types the given ``text`` into the text field identified by ``locator``.</doc>
<status status="PASS" start="2025-06-03T23:40:50.317703" elapsed="0.072022"/>
</kw>
<kw name="Input Text" owner="SeleniumLibrary">
<msg time="2025-06-03T23:40:50.390725" level="INFO">Typing text 'thaontt.22@gmail.com' into text field '//input[@type='email']'.</msg>
<arg>${Email_Locator}</arg>
<arg>thaontt.22@gmail.com</arg>
<doc>Types the given ``text`` into the text field identified by ``locator``.</doc>
<status status="PASS" start="2025-06-03T23:40:50.390725" elapsed="0.091018"/>
</kw>
<kw name="Input Text" owner="SeleniumLibrary">
<msg time="2025-06-03T23:40:50.481743" level="INFO">Typing text 'thao2702@' into text field '//input[@type='password']'.</msg>
<arg>${Password_Locator}</arg>
<arg>thao2702@</arg>
<doc>Types the given ``text`` into the text field identified by ``locator``.</doc>
<status status="PASS" start="2025-06-03T23:40:50.481743" elapsed="0.070017"/>
</kw>
<kw name="Wait Until Element Is Visible" owner="SeleniumLibrary">
<arg>${Message_Blank_Name}</arg>
<arg>${TimeOut}</arg>
<doc>Waits until the element ``locator`` is visible.</doc>
<status status="PASS" start="2025-06-03T23:40:50.552757" elapsed="0.053013"/>
</kw>
<kw name="Clear Text" owner="Utils">
<kw name="Click Element" owner="SeleniumLibrary">
<msg time="2025-06-03T23:40:50.608771" level="INFO">Clicking element '//input[@type='email']'.</msg>
<arg>${Clear_element}</arg>
<doc>Click the element identified by ``locator``.</doc>
<status status="PASS" start="2025-06-03T23:40:50.607772" elapsed="0.311068"/>
</kw>
<kw name="Press Keys" owner="SeleniumLibrary">
<msg time="2025-06-03T23:40:50.919839" level="INFO">Sending key(s) ('CTRL+a', 'BACKSPACE') to //input[@type='email'] element.</msg>
<msg time="2025-06-03T23:40:51.280921" level="INFO">Pressing special key CONTROL down.</msg>
<msg time="2025-06-03T23:40:51.280921" level="INFO">Sending key a</msg>
<msg time="2025-06-03T23:40:51.280921" level="INFO">Releasing special key CONTROL.</msg>
<msg time="2025-06-03T23:40:51.329935" level="INFO">Pressing special key BACKSPACE to element.</msg>
<msg time="2025-06-03T23:40:51.329935" level="INFO">Releasing special key BACKSPACE.</msg>
<arg>${Clear_element}</arg>
<arg>CTRL+a</arg>
<arg>BACKSPACE</arg>
<doc>Simulates the user pressing key(s) to an element or on the active browser.</doc>
<status status="PASS" start="2025-06-03T23:40:50.919839" elapsed="0.450102"/>
</kw>
<arg>${Email_Locator}</arg>
<status status="PASS" start="2025-06-03T23:40:50.607772" elapsed="0.763170"/>
</kw>
<kw name="Clear Text" owner="Utils">
<kw name="Click Element" owner="SeleniumLibrary">
<msg time="2025-06-03T23:40:51.372944" level="INFO">Clicking element '//input[@type='password']'.</msg>
<arg>${Clear_element}</arg>
<doc>Click the element identified by ``locator``.</doc>
<status status="PASS" start="2025-06-03T23:40:51.372944" elapsed="0.308068"/>
</kw>
<kw name="Press Keys" owner="SeleniumLibrary">
<msg time="2025-06-03T23:40:51.683011" level="INFO">Sending key(s) ('CTRL+a', 'BACKSPACE') to //input[@type='password'] element.</msg>
<msg time="2025-06-03T23:40:52.043094" level="INFO">Pressing special key CONTROL down.</msg>
<msg time="2025-06-03T23:40:52.043094" level="INFO">Sending key a</msg>
<msg time="2025-06-03T23:40:52.043094" level="INFO">Releasing special key CONTROL.</msg>
<msg time="2025-06-03T23:40:52.092105" level="INFO">Pressing special key BACKSPACE to element.</msg>
<msg time="2025-06-03T23:40:52.092105" level="INFO">Releasing special key BACKSPACE.</msg>
<arg>${Clear_element}</arg>
<arg>CTRL+a</arg>
<arg>BACKSPACE</arg>
<doc>Simulates the user pressing key(s) to an element or on the active browser.</doc>
<status status="PASS" start="2025-06-03T23:40:51.682012" elapsed="0.439101"/>
</kw>
<arg>${Password_Locator}</arg>
<status status="PASS" start="2025-06-03T23:40:51.371942" elapsed="0.749171"/>
</kw>
<doc>SignUp with name blank</doc>
<status status="PASS" start="2025-06-03T23:40:50.300699" elapsed="1.821415"/>
</test>
<test id="s1-s9-t3" name="Đăng kí không thành công khi để trống email" line="47">
<kw name="Wait Until Element Is Visible" owner="SeleniumLibrary">
<arg>${Email_Locator}</arg>
<arg>${TimeOut}</arg>
<doc>Waits until the element ``locator`` is visible.</doc>
<status status="PASS" start="2025-06-03T23:40:52.129114" elapsed="0.018004"/>
</kw>
<kw name="Input Text" owner="SeleniumLibrary">
<msg time="2025-06-03T23:40:52.147118" level="INFO">Typing text 'thaontt_23' into text field '//input[@placeholder='Họ tên']'.</msg>
<arg>${Name_Locator}</arg>
<arg>thaontt_23</arg>
<doc>Types the given ``text`` into the text field identified by ``locator``.</doc>
<status status="PASS" start="2025-06-03T23:40:52.147118" elapsed="0.080025"/>
</kw>
<kw name="Input Text" owner="SeleniumLibrary">
<msg time="2025-06-03T23:40:52.228143" level="INFO">Typing text '' into text field '//input[@type='email']'.</msg>
<arg>${Email_Locator}</arg>
<arg>${EMPTY}</arg>
<doc>Types the given ``text`` into the text field identified by ``locator``.</doc>
<status status="PASS" start="2025-06-03T23:40:52.227143" elapsed="0.066754"/>
</kw>
<kw name="Input Text" owner="SeleniumLibrary">
<msg time="2025-06-03T23:40:52.293897" level="INFO">Typing text 'thao2702@' into text field '//input[@type='password']'.</msg>
<arg>${Password_Locator}</arg>
<arg>thao2702@</arg>
<doc>Types the given ``text`` into the text field identified by ``locator``.</doc>
<status status="PASS" start="2025-06-03T23:40:52.293897" elapsed="0.077041"/>
</kw>
<kw name="Wait Until Element Is Visible" owner="SeleniumLibrary">
<arg>${Message_Blank_Email}</arg>
<arg>${TimeOut}</arg>
<doc>Waits until the element ``locator`` is visible.</doc>
<status status="PASS" start="2025-06-03T23:40:52.372939" elapsed="0.067015"/>
</kw>
<kw name="Clear Text" owner="Utils">
<kw name="Click Element" owner="SeleniumLibrary">
<msg time="2025-06-03T23:40:52.440954" level="INFO">Clicking element '//input[@placeholder='Họ tên']'.</msg>
<arg>${Clear_element}</arg>
<doc>Click the element identified by ``locator``.</doc>
<status status="PASS" start="2025-06-03T23:40:52.440954" elapsed="0.306068"/>
</kw>
<kw name="Press Keys" owner="SeleniumLibrary">
<msg time="2025-06-03T23:40:52.748023" level="INFO">Sending key(s) ('CTRL+a', 'BACKSPACE') to //input[@placeholder='Họ tên'] element.</msg>
<msg time="2025-06-03T23:40:53.105104" level="INFO">Pressing special key CONTROL down.</msg>
<msg time="2025-06-03T23:40:53.105104" level="INFO">Sending key a</msg>
<msg time="2025-06-03T23:40:53.105104" level="INFO">Releasing special key CONTROL.</msg>
<msg time="2025-06-03T23:40:53.152112" level="INFO">Pressing special key BACKSPACE to element.</msg>
<msg time="2025-06-03T23:40:53.152112" level="INFO">Releasing special key BACKSPACE.</msg>
<arg>${Clear_element}</arg>
<arg>CTRL+a</arg>
<arg>BACKSPACE</arg>
<doc>Simulates the user pressing key(s) to an element or on the active browser.</doc>
<status status="PASS" start="2025-06-03T23:40:52.748023" elapsed="0.433103"/>
</kw>
<arg>${Name_Locator}</arg>
<status status="PASS" start="2025-06-03T23:40:52.440954" elapsed="0.740172"/>
</kw>
<kw name="Clear Text" owner="Utils">
<kw name="Click Element" owner="SeleniumLibrary">
<msg time="2025-06-03T23:40:53.182119" level="INFO">Clicking element '//input[@type='password']'.</msg>
<arg>${Clear_element}</arg>
<doc>Click the element identified by ``locator``.</doc>
<status status="PASS" start="2025-06-03T23:40:53.182119" elapsed="0.292066"/>
</kw>
<kw name="Press Keys" owner="SeleniumLibrary">
<msg time="2025-06-03T23:40:53.474185" level="INFO">Sending key(s) ('CTRL+a', 'BACKSPACE') to //input[@type='password'] element.</msg>
<msg time="2025-06-03T23:40:53.832267" level="INFO">Pressing special key CONTROL down.</msg>
<msg time="2025-06-03T23:40:53.832944" level="INFO">Sending key a</msg>
<msg time="2025-06-03T23:40:53.832944" level="INFO">Releasing special key CONTROL.</msg>
<msg time="2025-06-03T23:40:53.881284" level="INFO">Pressing special key BACKSPACE to element.</msg>
<msg time="2025-06-03T23:40:53.881284" level="INFO">Releasing special key BACKSPACE.</msg>
<arg>${Clear_element}</arg>
<arg>CTRL+a</arg>
<arg>BACKSPACE</arg>
<doc>Simulates the user pressing key(s) to an element or on the active browser.</doc>
<status status="PASS" start="2025-06-03T23:40:53.474185" elapsed="0.440107"/>
</kw>
<arg>${Password_Locator}</arg>
<status status="PASS" start="2025-06-03T23:40:53.182119" elapsed="0.732173"/>
</kw>
<doc>SignUp with email blank</doc>
<status status="PASS" start="2025-06-03T23:40:52.128114" elapsed="1.786178"/>
</test>
<test id="s1-s9-t4" name="Đăng ký không thành công khi để trống password" line="57">
<kw name="Wait Until Element Is Visible" owner="SeleniumLibrary">
<arg>${Email_Locator}</arg>
<arg>${TimeOut}</arg>
<doc>Waits until the element ``locator`` is visible.</doc>
<status status="PASS" start="2025-06-03T23:40:53.917289" elapsed="0.017001"/>
</kw>
<kw name="Input Text" owner="SeleniumLibrary">
<msg time="2025-06-03T23:40:53.935290" level="INFO">Typing text 'thaontt_23' into text field '//input[@placeholder='Họ tên']'.</msg>
<arg>${Name_Locator}</arg>
<arg>thaontt_23</arg>
<doc>Types the given ``text`` into the text field identified by ``locator``.</doc>
<status status="PASS" start="2025-06-03T23:40:53.934290" elapsed="0.092021"/>
</kw>
<kw name="Input Text" owner="SeleniumLibrary">
<msg time="2025-06-03T23:40:54.027311" level="INFO">Typing text 'thaontt.23@gmail.com' into text field '//input[@type='email']'.</msg>
<arg>${Email_Locator}</arg>
<arg>thaontt.23@gmail.com</arg>
<doc>Types the given ``text`` into the text field identified by ``locator``.</doc>
<status status="PASS" start="2025-06-03T23:40:54.027311" elapsed="0.091019"/>
</kw>
<kw name="Input Text" owner="SeleniumLibrary">
<msg time="2025-06-03T23:40:54.120331" level="INFO">Typing text '' into text field '//input[@type='password']'.</msg>
<arg>${Password_Locator}</arg>
<arg>${EMPTY}</arg>
<doc>Types the given ``text`` into the text field identified by ``locator``.</doc>
<status status="PASS" start="2025-06-03T23:40:54.118330" elapsed="0.072016"/>
</kw>
<kw name="Wait Until Element Is Visible" owner="SeleniumLibrary">
<arg>${Message_Blank_Password}</arg>
<arg>${TimeOut}</arg>
<doc>Waits until the element ``locator`` is visible.</doc>
<status status="PASS" start="2025-06-03T23:40:54.190346" elapsed="0.017005"/>
</kw>
<kw name="Clear Text" owner="Utils">
<kw name="Click Element" owner="SeleniumLibrary">
<msg time="2025-06-03T23:40:54.208353" level="INFO">Clicking element '//input[@placeholder='Họ tên']'.</msg>
<arg>${Clear_element}</arg>
<doc>Click the element identified by ``locator``.</doc>
<status status="PASS" start="2025-06-03T23:40:54.208353" elapsed="0.068015"/>
</kw>
<kw name="Press Keys" owner="SeleniumLibrary">
<msg time="2025-06-03T23:40:54.277366" level="INFO">Sending key(s) ('CTRL+a', 'BACKSPACE') to //input[@placeholder='Họ tên'] element.</msg>
<msg time="2025-06-03T23:40:54.548525" level="INFO">Pressing special key CONTROL down.</msg>
<msg time="2025-06-03T23:40:54.548525" level="INFO">Sending key a</msg>
<msg time="2025-06-03T23:40:54.548525" level="INFO">Releasing special key CONTROL.</msg>
<msg time="2025-06-03T23:40:54.555141" level="INFO">Pressing special key BACKSPACE to element.</msg>
<msg time="2025-06-03T23:40:54.555141" level="INFO">Releasing special key BACKSPACE.</msg>
<arg>${Clear_element}</arg>
<arg>CTRL+a</arg>
<arg>BACKSPACE</arg>
<doc>Simulates the user pressing key(s) to an element or on the active browser.</doc>
<status status="PASS" start="2025-06-03T23:40:54.276368" elapsed="0.286800"/>
</kw>
<arg>${Name_Locator}</arg>
<status status="PASS" start="2025-06-03T23:40:54.208353" elapsed="0.354815"/>
</kw>
<kw name="Clear Text" owner="Utils">
<kw name="Click Element" owner="SeleniumLibrary">
<msg time="2025-06-03T23:40:54.564184" level="INFO">Clicking element '//input[@type='email']'.</msg>
<arg>${Clear_element}</arg>
<doc>Click the element identified by ``locator``.</doc>
<status status="PASS" start="2025-06-03T23:40:54.564184" elapsed="0.085935"/>
</kw>
<kw name="Press Keys" owner="SeleniumLibrary">
<msg time="2025-06-03T23:40:54.651124" level="INFO">Sending key(s) ('CTRL+a', 'BACKSPACE') to //input[@type='email'] element.</msg>
<msg time="2025-06-03T23:40:54.957633" level="INFO">Pressing special key CONTROL down.</msg>
<msg time="2025-06-03T23:40:54.957633" level="INFO">Sending key a</msg>
<msg time="2025-06-03T23:40:54.957633" level="INFO">Releasing special key CONTROL.</msg>
<msg time="2025-06-03T23:40:54.978636" level="INFO">Pressing special key BACKSPACE to element.</msg>
<msg time="2025-06-03T23:40:54.978636" level="INFO">Releasing special key BACKSPACE.</msg>
<arg>${Clear_element}</arg>
<arg>CTRL+a</arg>
<arg>BACKSPACE</arg>
<doc>Simulates the user pressing key(s) to an element or on the active browser.</doc>
<status status="PASS" start="2025-06-03T23:40:54.650119" elapsed="0.342522"/>
</kw>
<arg>${Email_Locator}</arg>
<status status="PASS" start="2025-06-03T23:40:54.563168" elapsed="0.429473"/>
</kw>
<doc>SignUp with password blank</doc>
<status status="PASS" start="2025-06-03T23:40:53.916292" elapsed="1.077349"/>
</test>
<test id="s1-s9-t5" name="Đăng ký thành công khi nhập hơp tất cả các trường bắt buộc" line="67">
<kw name="Generate Random String" owner="String">
<msg time="2025-06-03T23:40:54.996641" level="INFO">${SignUp_Random} = 138</msg>
<var>${SignUp_Random}</var>
<arg>3</arg>
<arg>1234567890</arg>
<doc>Generates a string with a desired ``length`` from the given ``chars``.</doc>
<status status="PASS" start="2025-06-03T23:40:54.996641" elapsed="0.000000"/>
</kw>
<kw name="SignUp Web Haui Food" owner="SignUp">
<kw name="Maximize Browser Window" owner="SeleniumLibrary">
<doc>Maximizes current browser window.</doc>
<status status="PASS" start="2025-06-03T23:40:54.998644" elapsed="0.006000"/>
</kw>
<kw name="Execute Javascript" owner="SeleniumLibrary">
<msg time="2025-06-03T23:40:55.005645" level="INFO">Executing JavaScript:
document.body.style.zoom = '0.8';
Without any arguments.</msg>
<arg>document.body.style.zoom = '0.8';</arg>
<doc>Executes the given JavaScript code with possible arguments.</doc>
<status status="PASS" start="2025-06-03T23:40:55.004644" elapsed="0.007002"/>
</kw>
<kw name="Wait Until Element Is Visible" owner="SeleniumLibrary">
<arg>${Email_Locator}</arg>
<arg>60s</arg>
<doc>Waits until the element ``locator`` is visible.</doc>
<status status="PASS" start="2025-06-03T23:40:55.011646" elapsed="0.017004"/>
</kw>
<kw name="Input Text" owner="SeleniumLibrary">
<msg time="2025-06-03T23:40:55.029649" level="INFO">Typing text 'Thaontt_138' into text field '//input[@placeholder='Họ tên']'.</msg>
<arg>${Name_Locator}</arg>
<arg>${Name}</arg>
<doc>Types the given ``text`` into the text field identified by ``locator``.</doc>
<status status="PASS" start="2025-06-03T23:40:55.028650" elapsed="0.098022"/>
</kw>
<kw name="Input Text" owner="SeleniumLibrary">
<msg time="2025-06-03T23:40:55.127674" level="INFO">Typing text 'thaontt.138@gmail.com' into text field '//input[@type='email']'.</msg>
<arg>${Email_Locator}</arg>
<arg>${Email}</arg>
<doc>Types the given ``text`` into the text field identified by ``locator``.</doc>
<status status="PASS" start="2025-06-03T23:40:55.127674" elapsed="0.092472"/>
</kw>
<kw name="Input Text" owner="SeleniumLibrary">
<msg time="2025-06-03T23:40:55.221147" level="INFO">Typing text 'thao2702@' into text field '//input[@type='password']'.</msg>
<arg>${Password_Locator}</arg>
<arg>${Password}</arg>
<doc>Types the given ``text`` into the text field identified by ``locator``.</doc>
<status status="PASS" start="2025-06-03T23:40:55.221147" elapsed="0.076015"/>
</kw>
<kw name="Click Button" owner="SeleniumLibrary">
<msg time="2025-06-03T23:40:55.297162" level="INFO">Clicking button '(//button)[1]'.</msg>
<arg>${Button_SignUp}</arg>
<doc>Clicks the button identified by ``locator``.</doc>
<status status="PASS" start="2025-06-03T23:40:55.297162" elapsed="0.379086"/>
</kw>
<arg>Thaontt_${SignUp_Random}</arg>
<arg>thaontt.${SignUp_Random}@gmail.com</arg>
<arg>thao2702@</arg>
<status status="PASS" start="2025-06-03T23:40:54.997642" elapsed="0.678606"/>
</kw>
<kw name="Wait Until Element Is Visible" owner="SeleniumLibrary">
<arg>${Message_SignUp_Success}</arg>
<arg>${TimeOut}</arg>
<doc>Waits until the element ``locator`` is visible.</doc>
<status status="PASS" start="2025-06-03T23:40:55.676248" elapsed="0.742168"/>
</kw>
<kw name="Sleep" owner="BuiltIn">
<msg time="2025-06-03T23:41:01.420412" level="INFO">Slept 5 seconds.</msg>
<arg>5s</arg>
<doc>Pauses the test executed for the given time.</doc>
<status status="PASS" start="2025-06-03T23:40:56.419416" elapsed="5.000996"/>
</kw>
<kw name="Close Browser" owner="SeleniumLibrary">
<doc>Closes the current browser.</doc>
<status status="PASS" start="2025-06-03T23:41:01.421430" elapsed="2.163250"/>
</kw>
<doc>SignUp with valid information</doc>
<status status="PASS" start="2025-06-03T23:40:54.994640" elapsed="8.591029"/>
</test>
<status status="PASS" start="2025-06-03T23:40:42.304786" elapsed="21.281894"/>
</suite>
<status status="FAIL" start="2025-06-03T23:35:29.294897" elapsed="334.293773"/>
</suite>
<statistics>
<total>
<stat pass="48" fail="4" skip="1">All Tests</stat>
</total>
<tag>
</tag>
<suite>
<stat pass="48" fail="4" skip="1" id="s1" name="TestCase">TestCase</stat>
<stat pass="14" fail="0" skip="0" id="s1-s1" name="01 SignIn">TestCase.01 SignIn</stat>
<stat pass="5" fail="2" skip="0" id="s1-s2" name="02 Search">TestCase.02 Search</stat>
<stat pass="6" fail="0" skip="1" id="s1-s3" name="03 ShoppingCartManagement">TestCase.03 ShoppingCartManagement</stat>
<stat pass="5" fail="0" skip="0" id="s1-s4" name="04 Purchase">TestCase.04 Purchase</stat>
<stat pass="1" fail="0" skip="0" id="s1-s5" name="05 ViewAccountInformation">TestCase.05 ViewAccountInformation</stat>
<stat pass="10" fail="2" skip="0" id="s1-s6" name="06 EditAccountInformation">TestCase.06 EditAccountInformation</stat>
<stat pass="1" fail="0" skip="0" id="s1-s7" name="07 ViewOrderList">TestCase.07 ViewOrderList</stat>
<stat pass="1" fail="0" skip="0" id="s1-s8" name="08 Logout">TestCase.08 Logout</stat>
<stat pass="5" fail="0" skip="0" id="s1-s9" name="09 SignUp">TestCase.09 SignUp</stat>
</suite>
</statistics>
<errors>
<msg time="2025-06-03T23:35:59.452437" level="WARN">Keyword 'BuiltIn.Run Keyword Unless' is deprecated. </msg>
<msg time="2025-06-03T23:36:41.802674" level="WARN">Keyword 'BuiltIn.Run Keyword Unless' is deprecated. </msg>
<msg time="2025-06-03T23:37:50.896595" level="WARN">Keyword 'BuiltIn.Run Keyword Unless' is deprecated. </msg>
<msg time="2025-06-03T23:39:18.318582" level="WARN">Keyword 'BuiltIn.Run Keyword Unless' is deprecated. </msg>
<msg time="2025-06-03T23:39:31.792532" level="WARN">Keyword 'BuiltIn.Run Keyword Unless' is deprecated. </msg>
<msg time="2025-06-03T23:40:22.494392" level="WARN">Keyword 'BuiltIn.Run Keyword Unless' is deprecated. </msg>
<msg time="2025-06-03T23:40:34.998383" level="WARN">Keyword 'BuiltIn.Run Keyword Unless' is deprecated. </msg>
</errors>
</robot>
